INSERT INTO `xingsom`.`ecs_sessions` (sesskey, expiry, ip, data) VALUES ('c28bb0faac83f67bd407cad73d71e99e', '1479126831', '60.253.168.66', 'a:0:{}')

SELECT code, value FROM `xingsom`.`ecs_shop_config` WHERE parent_id > 0

UPDATE `xingsom`.`ecs_sessions` SET expiry = '1479126831', ip = '60.253.168.66', userid = '0', adminid = '0', user_name='0', user_rank='0', discount='0', email='0', data = 'a:0:{}' WHERE sesskey = 'c28bb0faac83f67bd407cad73d71e99e' LIMIT 1

SELECT userid, adminid, user_name, user_rank, discount, email, data, expiry FROM `xingsom`.`ecs_sessions` WHERE sesskey = 'c28bb0faac83f67bd407cad73d71e99e'

SELECT code, value FROM `xingsom`.`ecs_shop_config` WHERE parent_id > 0

SELECT userid, adminid, user_name, user_rank, discount, email, data, expiry FROM `xingsom`.`ecs_sessions` WHERE sesskey = 'c28bb0faac83f67bd407cad73d71e99e'

SELECT code, value FROM `xingsom`.`ecs_shop_config` WHERE parent_id > 0

SELECT `ec_salt` FROM `xingsom`.`ecs_admin_user`WHERE user_name = 'admin'

SELECT user_id, user_name, password, last_login, action_list, last_login,suppliers_id,ec_salt FROM `xingsom`.`ecs_admin_user` WHERE user_name = 'admin' AND password = 'a43aadd7bf250b41d59d02f310f30589'

UPDATE `xingsom`.`ecs_admin_user` SET last_login='1479098037', last_ip='60.253.168.66' WHERE user_id='1'

SELECT DISTINCT session_id FROM `xingsom`.`ecs_cart` AS c, `xingsom`.`ecs_sessions` AS s WHERE c.session_id = s.sesskey 

DELETE FROM `xingsom`.`ecs_cart` WHERE session_id NOT  IN ('') 

UPDATE `xingsom`.`ecs_sessions` SET expiry = '1479126837', ip = '60.253.168.66', userid = '0', adminid = '1', user_name='0', user_rank='0', discount='0', email='0', data = 'a:4:{s:10:\"admin_name\";s:5:\"admin\";s:11:\"action_list\";s:3:\"all\";s:10:\"last_check\";s:10:\"1479067678\";s:12:\"suppliers_id\";s:1:\"0\";}' WHERE sesskey = 'c28bb0faac83f67bd407cad73d71e99e' LIMIT 1

DELETE FROM `xingsom`.`ecs_sessions_data` WHERE expiry < 1479125037

SELECT userid, adminid, user_name, user_rank, discount, email, data, expiry FROM `xingsom`.`ecs_sessions` WHERE sesskey = 'c28bb0faac83f67bd407cad73d71e99e'

SELECT code, value FROM `xingsom`.`ecs_shop_config` WHERE parent_id > 0

SELECT userid, adminid, user_name, user_rank, discount, email, data, expiry FROM `xingsom`.`ecs_sessions` WHERE sesskey = 'c28bb0faac83f67bd407cad73d71e99e'

SELECT code, value FROM `xingsom`.`ecs_shop_config` WHERE parent_id > 0

SELECT message_id, sender_id, receiver_id, sent_time, readed, deleted, title, message, user_name FROM `xingsom`.`ecs_admin_message` AS a, `xingsom`.`ecs_admin_user` AS b WHERE a.sender_id = b.user_id AND a.receiver_id = '1' AND a.readed = 0 AND deleted = 0 ORDER BY a.sent_time DESC

SELECT pay_id, is_cod FROM `xingsom`.`ecs_payment` WHERE enabled = 1

SELECT COUNT(*) FROM `xingsom`.`ecs_order_info` WHERE 1  AND order_status  IN ('1','5')  AND shipping_status  IN ('1','2')  AND pay_status  IN ('2','1')  

SELECT pay_id FROM `xingsom`.`ecs_payment` WHERE is_cod = 1

SELECT COUNT(*) FROM `xingsom`.`ecs_order_info` WHERE 1  AND   order_status  IN ('1','5','6')  AND   shipping_status  IN ('0','3','5')  AND ( pay_status  IN ('2','1')  OR pay_id  IN ('3') ) 

SELECT pay_id FROM `xingsom`.`ecs_payment` WHERE is_cod = 0

SELECT COUNT(*) FROM `xingsom`.`ecs_order_info` WHERE 1  AND   order_status  IN ('1','5')  AND   pay_status = '0' AND ( shipping_status  IN ('1','2')  OR pay_id  IN ('1','2','4','5') ) 

SELECT COUNT(*) FROM `xingsom`.`ecs_order_info` WHERE 1  AND order_status = '0' 

SELECT COUNT(*) FROM `xingsom`.`ecs_order_info` WHERE  shipping_status=4

SELECT COUNT(*) AS oCount, IFNULL(SUM(order_amount), 0) AS oAmount FROM `xingsom`.`ecs_order_info`

SELECT COUNT(*) FROM `xingsom`.`ecs_goods` WHERE is_delete = 0 AND is_alone_sale = 1 AND is_real = 1

SELECT COUNT(*) FROM `xingsom`.`ecs_goods` WHERE is_delete = 0 AND is_alone_sale = 1 AND is_real=0 AND extension_code='virtual_card'

SELECT COUNT(*) FROM `xingsom`.`ecs_goods` WHERE is_delete = 0 AND is_new = 1 AND is_real = 1

SELECT COUNT(*) FROM `xingsom`.`ecs_goods` WHERE is_delete = 0 AND is_new = 1 AND is_real=0 AND extension_code='virtual_card'

SELECT COUNT(*) FROM `xingsom`.`ecs_goods` WHERE is_delete = 0 AND is_best = 1 AND is_real = 1

SELECT COUNT(*) FROM `xingsom`.`ecs_goods` WHERE is_delete = 0 AND is_best = 1 AND is_real=0 AND extension_code='virtual_card'

SELECT COUNT(*) FROM `xingsom`.`ecs_goods` WHERE is_delete = 0 AND is_hot = 1 AND is_real = 1

SELECT COUNT(*) FROM `xingsom`.`ecs_goods` WHERE is_delete = 0 AND is_hot = 1 AND is_real=0 AND extension_code='virtual_card'

SELECT COUNT(*) FROM `xingsom`.`ecs_goods` WHERE is_delete = 0 AND promote_price>0 AND promote_start_date <= '1479098037' AND promote_end_date >= '1479098037' AND is_real = 1

SELECT COUNT(*) FROM `xingsom`.`ecs_goods` WHERE is_delete = 0 AND promote_price>0 AND promote_start_date <= '1479098037' AND promote_end_date >= '1479098037' AND is_real=0 AND extension_code='virtual_card'

SELECT COUNT(*) FROM `xingsom`.`ecs_goods` WHERE is_delete = 0 AND goods_number <= warn_number AND is_real = 1

SELECT COUNT(*) FROM `xingsom`.`ecs_goods` WHERE is_delete = 0 AND goods_number <= warn_number AND is_real=0 AND extension_code='virtual_card'

SELECT COUNT(*) FROM `xingsom`.`ecs_stats` WHERE access_time > 1479024000

SELECT count(*) FROM `xingsom`.`ecs_sessions`

SELECT COUNT(f.msg_id) FROM `xingsom`.`ecs_feedback` AS f LEFT JOIN `xingsom`.`ecs_feedback` AS r ON r.parent_id=f.msg_id WHERE f.parent_id=0 AND ISNULL(r.msg_id) 

SELECT COUNT(*) FROM `xingsom`.`ecs_comment` WHERE status = 0 AND parent_id = 0

SELECT COUNT(*) FROM `xingsom`.`ecs_booking_goods` WHERE is_dispose = 0

SELECT COUNT(*) FROM `xingsom`.`ecs_user_account` WHERE process_type = 1 AND is_paid = 0 

DELETE FROM `xingsom`.`ecs_sessions_data` WHERE expiry < 1479125037

SELECT userid, adminid, user_name, user_rank, discount, email, data, expiry FROM `xingsom`.`ecs_sessions` WHERE sesskey = 'c28bb0faac83f67bd407cad73d71e99e'

SELECT code, value FROM `xingsom`.`ecs_shop_config` WHERE parent_id > 0

SELECT userid, adminid, user_name, user_rank, discount, email, data, expiry FROM `xingsom`.`ecs_sessions` WHERE sesskey = 'c28bb0faac83f67bd407cad73d71e99e'

SELECT code, value FROM `xingsom`.`ecs_shop_config` WHERE parent_id > 0

SELECT COUNT(*) AS oCount, IFNULL(SUM(order_amount), 0) AS oAmount FROM `xingsom`.`ecs_order_info`

SELECT COUNT(*) FROM `xingsom`.`ecs_goods` WHERE is_delete = 0 AND is_alone_sale = 1 AND is_real = 1

SELECT COUNT(*) FROM `xingsom`.`ecs_users`

SELECT value FROM `xingsom`.`ecs_shop_config` WHERE code = 'template'

SELECT value FROM `xingsom`.`ecs_shop_config` WHERE code = 'stylename'

SELECT userid, adminid, user_name, user_rank, discount, email, data, expiry FROM `xingsom`.`ecs_sessions` WHERE sesskey = 'c28bb0faac83f67bd407cad73d71e99e'

SELECT code, value FROM `xingsom`.`ecs_shop_config` WHERE parent_id > 0

SELECT * FROM `xingsom`.`ecs_payment` WHERE enabled = '1' ORDER BY pay_order

SELECT userid, adminid, user_name, user_rank, discount, email, data, expiry FROM `xingsom`.`ecs_sessions` WHERE sesskey = 'c28bb0faac83f67bd407cad73d71e99e'

SELECT code, value FROM `xingsom`.`ecs_shop_config` WHERE parent_id > 0

SELECT COUNT(*) FROM `xingsom`.`ecs_order_info` WHERE add_time >= '1479067678'

SELECT COUNT(*) FROM `xingsom`.`ecs_order_info` WHERE pay_time >= 1479067678

UPDATE `xingsom`.`ecs_sessions` SET expiry = '1479126841', ip = '60.253.168.66', userid = '0', adminid = '1', user_name='0', user_rank='0', discount='0', email='0', data = 'a:4:{s:10:\"admin_name\";s:5:\"admin\";s:11:\"action_list\";s:3:\"all\";s:10:\"last_check\";i:1479098041;s:12:\"suppliers_id\";s:1:\"0\";}' WHERE sesskey = 'c28bb0faac83f67bd407cad73d71e99e' LIMIT 1

SELECT userid, adminid, user_name, user_rank, discount, email, data, expiry FROM `xingsom`.`ecs_sessions` WHERE sesskey = 'c28bb0faac83f67bd407cad73d71e99e'

SELECT code, value FROM `xingsom`.`ecs_shop_config` WHERE parent_id > 0

SELECT * FROM `xingsom`.`ecs_payment` WHERE pay_code = 'wxpay' AND enabled = '1'

SELECT userid, adminid, user_name, user_rank, discount, email, data, expiry FROM `xingsom`.`ecs_sessions` WHERE sesskey = 'c28bb0faac83f67bd407cad73d71e99e'

SELECT code, value FROM `xingsom`.`ecs_shop_config` WHERE parent_id > 0

SELECT COUNT(*) FROM `xingsom`.`ecs_payment` WHERE pay_name = '微信支付' AND pay_code <> 'wxpay'

UPDATE `xingsom`.`ecs_payment`SET pay_name = '微信支付',    pay_desc = '微信支付，是基于微信公众号JS_API网页支付提供的支付服务功能。',    pay_config = 'a:4:{i:0;a:3:{s:4:"name";s:11:"wxpay_appid";s:4:"type";s:4:"text";s:5:"value";s:18:"wx625980a80072db66";}i:1;a:3:{s:4:"name";s:15:"wxpay_appsecret";s:4:"type";s:4:"text";s:5:"value";s:32:"a2d338dab96dfb99f27e120b7267b67f";}i:2;a:3:{s:4:"name";s:9:"wxpay_key";s:4:"type";s:4:"text";s:5:"value";s:6:"473790";}i:3;a:3:{s:4:"name";s:11:"wxpay_mchid";s:4:"type";s:4:"text";s:5:"value";s:10:"1317626601";}}',     pay_fee    =  '0' WHERE pay_code = 'wxpay' LIMIT 1

INSERT INTO `xingsom`.`ecs_admin_log` (log_time, user_id, log_info, ip_address)  VALUES ('1479098078', 1, '编辑支付方式: 微信支付', '60.253.168.66')

UPDATE `xingsom`.`ecs_sessions` SET expiry = '1479126878', ip = '60.253.168.66', userid = '0', adminid = '1', user_name='0', user_rank='0', discount='0', email='0', data = 'a:4:{s:10:\"admin_name\";s:5:\"admin\";s:11:\"action_list\";s:3:\"all\";s:10:\"last_check\";i:1479098041;s:12:\"suppliers_id\";s:1:\"0\";}' WHERE sesskey = 'c28bb0faac83f67bd407cad73d71e99e' LIMIT 1

DELETE FROM `xingsom`.`ecs_sessions_data` WHERE expiry < 1479125078

DELETE FROM `xingsom`.`ecs_sessions` WHERE expiry < 1479125078

SELECT userid, adminid, user_name, user_rank, discount, email, data, expiry FROM `xingsom`.`ecs_sessions` WHERE sesskey = 'c28bb0faac83f67bd407cad73d71e99e'

SELECT code, value FROM `xingsom`.`ecs_shop_config` WHERE parent_id > 0

SELECT * FROM `xingsom`.`ecs_payment` WHERE enabled = '1' ORDER BY pay_order

DELETE FROM `xingsom`.`ecs_sessions_data` WHERE expiry < 1479125080

DELETE FROM `xingsom`.`ecs_sessions` WHERE expiry < 1479125080

SELECT userid, adminid, user_name, user_rank, discount, email, data, expiry FROM `xingsom`.`ecs_sessions` WHERE sesskey = 'c28bb0faac83f67bd407cad73d71e99e'

SELECT code, value FROM `xingsom`.`ecs_shop_config` WHERE parent_id > 0

SELECT COUNT(*) FROM `xingsom`.`ecs_order_info` WHERE add_time >= '1479098041'

SELECT COUNT(*) FROM `xingsom`.`ecs_order_info` WHERE pay_time >= 1479098041

UPDATE `xingsom`.`ecs_sessions` SET expiry = '1479127061', ip = '60.253.168.66', userid = '0', adminid = '1', user_name='0', user_rank='0', discount='0', email='0', data = 'a:4:{s:10:\"admin_name\";s:5:\"admin\";s:11:\"action_list\";s:3:\"all\";s:10:\"last_check\";i:1479098261;s:12:\"suppliers_id\";s:1:\"0\";}' WHERE sesskey = 'c28bb0faac83f67bd407cad73d71e99e' LIMIT 1

SELECT userid, adminid, user_name, user_rank, discount, email, data, expiry FROM `xingsom`.`ecs_sessions` WHERE sesskey = 'c28bb0faac83f67bd407cad73d71e99e'

SELECT code, value FROM `xingsom`.`ecs_shop_config` WHERE parent_id > 0

UPDATE `xingsom`.`ecs_payment`SET enabled = '0' WHERE pay_code = 'wxpay' LIMIT 1

INSERT INTO `xingsom`.`ecs_admin_log` (log_time, user_id, log_info, ip_address)  VALUES ('1479098394', 1, '卸载支付方式: wxpay', '60.253.168.66')

UPDATE `xingsom`.`ecs_sessions` SET expiry = '1479127194', ip = '60.253.168.66', userid = '0', adminid = '1', user_name='0', user_rank='0', discount='0', email='0', data = 'a:4:{s:10:\"admin_name\";s:5:\"admin\";s:11:\"action_list\";s:3:\"all\";s:10:\"last_check\";i:1479098261;s:12:\"suppliers_id\";s:1:\"0\";}' WHERE sesskey = 'c28bb0faac83f67bd407cad73d71e99e' LIMIT 1

DELETE FROM `xingsom`.`ecs_sessions` WHERE expiry < 1479125394

SELECT userid, adminid, user_name, user_rank, discount, email, data, expiry FROM `xingsom`.`ecs_sessions` WHERE sesskey = 'c28bb0faac83f67bd407cad73d71e99e'

SELECT code, value FROM `xingsom`.`ecs_shop_config` WHERE parent_id > 0

SELECT * FROM `xingsom`.`ecs_payment` WHERE enabled = '1' ORDER BY pay_order

DELETE FROM `xingsom`.`ecs_sessions` WHERE expiry < 1479125396

SELECT userid, adminid, user_name, user_rank, discount, email, data, expiry FROM `xingsom`.`ecs_sessions` WHERE sesskey = 'c28bb0faac83f67bd407cad73d71e99e'

SELECT code, value FROM `xingsom`.`ecs_shop_config` WHERE parent_id > 0

DELETE FROM `xingsom`.`ecs_sessions` WHERE expiry < 1479125398

SELECT userid, adminid, user_name, user_rank, discount, email, data, expiry FROM `xingsom`.`ecs_sessions` WHERE sesskey = 'c28bb0faac83f67bd407cad73d71e99e'

SELECT code, value FROM `xingsom`.`ecs_shop_config` WHERE parent_id > 0

SELECT COUNT(*) FROM `xingsom`.`ecs_order_info` WHERE add_time >= '1479098261'

SELECT COUNT(*) FROM `xingsom`.`ecs_order_info` WHERE pay_time >= 1479098261

UPDATE `xingsom`.`ecs_sessions` SET expiry = '1479127379', ip = '60.253.168.66', userid = '0', adminid = '1', user_name='0', user_rank='0', discount='0', email='0', data = 'a:4:{s:10:\"admin_name\";s:5:\"admin\";s:11:\"action_list\";s:3:\"all\";s:10:\"last_check\";i:1479098579;s:12:\"suppliers_id\";s:1:\"0\";}' WHERE sesskey = 'c28bb0faac83f67bd407cad73d71e99e' LIMIT 1

SELECT userid, adminid, user_name, user_rank, discount, email, data, expiry FROM `xingsom`.`ecs_sessions` WHERE sesskey = 'c28bb0faac83f67bd407cad73d71e99e'

SELECT code, value FROM `xingsom`.`ecs_shop_config` WHERE parent_id > 0

SELECT COUNT(*) FROM `xingsom`.`ecs_order_info` WHERE add_time >= '1479098579'

SELECT COUNT(*) FROM `xingsom`.`ecs_order_info` WHERE pay_time >= 1479098579

UPDATE `xingsom`.`ecs_sessions` SET expiry = '1479127559', ip = '60.253.168.66', userid = '0', adminid = '1', user_name='0', user_rank='0', discount='0', email='0', data = 'a:4:{s:10:\"admin_name\";s:5:\"admin\";s:11:\"action_list\";s:3:\"all\";s:10:\"last_check\";i:1479098759;s:12:\"suppliers_id\";s:1:\"0\";}' WHERE sesskey = 'c28bb0faac83f67bd407cad73d71e99e' LIMIT 1

SELECT userid, adminid, user_name, user_rank, discount, email, data, expiry FROM `xingsom`.`ecs_sessions` WHERE sesskey = 'c28bb0faac83f67bd407cad73d71e99e'

SELECT code, value FROM `xingsom`.`ecs_shop_config` WHERE parent_id > 0

SELECT COUNT(*) FROM `xingsom`.`ecs_order_info` WHERE add_time >= '1479098759'

SELECT COUNT(*) FROM `xingsom`.`ecs_order_info` WHERE pay_time >= 1479098759

UPDATE `xingsom`.`ecs_sessions` SET expiry = '1479127739', ip = '60.253.168.66', userid = '0', adminid = '1', user_name='0', user_rank='0', discount='0', email='0', data = 'a:4:{s:10:\"admin_name\";s:5:\"admin\";s:11:\"action_list\";s:3:\"all\";s:10:\"last_check\";i:1479098939;s:12:\"suppliers_id\";s:1:\"0\";}' WHERE sesskey = 'c28bb0faac83f67bd407cad73d71e99e' LIMIT 1

SELECT userid, adminid, user_name, user_rank, discount, email, data, expiry FROM `xingsom`.`ecs_sessions` WHERE sesskey = 'c28bb0faac83f67bd407cad73d71e99e'

SELECT code, value FROM `xingsom`.`ecs_shop_config` WHERE parent_id > 0

SELECT COUNT(*) FROM `xingsom`.`ecs_payment` WHERE pay_name = '微信支付' AND pay_code <> 'wxpay'

SELECT COUNT(*) FROM `xingsom`.`ecs_payment` WHERE pay_code = 'wxpay'

UPDATE `xingsom`.`ecs_payment`SET pay_name = '微信支付',    pay_desc = '微信支付，是基于微信公众号JS_API网页支付提供的支付服务功能。',    pay_config = 'a:4:{i:0;a:3:{s:4:"name";s:11:"wxpay_appid";s:4:"type";s:4:"text";s:5:"value";s:18:"wx625980a80072db66";}i:1;a:3:{s:4:"name";s:15:"wxpay_appsecret";s:4:"type";s:4:"text";s:5:"value";s:32:"a2d338dab96dfb99f27e120b7267b67f";}i:2;a:3:{s:4:"name";s:9:"wxpay_key";s:4:"type";s:4:"text";s:5:"value";s:32:"0mXqkwzMiiCoB2ak4BzSL2eN7HbcF2dU";}i:3;a:3:{s:4:"name";s:11:"wxpay_mchid";s:4:"type";s:4:"text";s:5:"value";s:21:"1317626601@1317626601";}}',    pay_fee    =  '0',     enabled = '1' WHERE pay_code = 'wxpay' LIMIT 1

INSERT INTO `xingsom`.`ecs_admin_log` (log_time, user_id, log_info, ip_address)  VALUES ('1479099098', 1, '安装支付方式: 微信支付', '60.253.168.66')

UPDATE `xingsom`.`ecs_sessions` SET expiry = '1479127898', ip = '60.253.168.66', userid = '0', adminid = '1', user_name='0', user_rank='0', discount='0', email='0', data = 'a:4:{s:10:\"admin_name\";s:5:\"admin\";s:11:\"action_list\";s:3:\"all\";s:10:\"last_check\";i:1479098939;s:12:\"suppliers_id\";s:1:\"0\";}' WHERE sesskey = 'c28bb0faac83f67bd407cad73d71e99e' LIMIT 1

DELETE FROM `xingsom`.`ecs_sessions` WHERE expiry < 1479126098

SELECT userid, adminid, user_name, user_rank, discount, email, data, expiry FROM `xingsom`.`ecs_sessions` WHERE sesskey = 'c28bb0faac83f67bd407cad73d71e99e'

SELECT code, value FROM `xingsom`.`ecs_shop_config` WHERE parent_id > 0

SELECT * FROM `xingsom`.`ecs_payment` WHERE enabled = '1' ORDER BY pay_order

DELETE FROM `xingsom`.`ecs_sessions_data` WHERE expiry < 1479126099

SELECT userid, adminid, user_name, user_rank, discount, email, data, expiry FROM `xingsom`.`ecs_sessions` WHERE sesskey = 'c28bb0faac83f67bd407cad73d71e99e'

SELECT code, value FROM `xingsom`.`ecs_shop_config` WHERE parent_id > 0

SELECT * FROM `xingsom`.`ecs_payment` WHERE pay_code = 'wxpay' AND enabled = '1'

UPDATE `xingsom`.`ecs_sessions` SET expiry = '1479128023', ip = '60.253.168.66', userid = '0', adminid = '1', user_name='0', user_rank='0', discount='0', email='0', data = 'a:4:{s:10:\"admin_name\";s:5:\"admin\";s:11:\"action_list\";s:3:\"all\";s:10:\"last_check\";i:1479098939;s:12:\"suppliers_id\";s:1:\"0\";}' WHERE sesskey = 'c28bb0faac83f67bd407cad73d71e99e' LIMIT 1

SELECT userid, adminid, user_name, user_rank, discount, email, data, expiry FROM `xingsom`.`ecs_sessions` WHERE sesskey = 'c28bb0faac83f67bd407cad73d71e99e'

SELECT code, value FROM `xingsom`.`ecs_shop_config` WHERE parent_id > 0

SELECT COUNT(*) FROM `xingsom`.`ecs_order_info` WHERE add_time >= '1479098939'

SELECT COUNT(*) FROM `xingsom`.`ecs_order_info` WHERE pay_time >= 1479098939

UPDATE `xingsom`.`ecs_sessions` SET expiry = '1479128023', ip = '60.253.168.66', userid = '0', adminid = '1', user_name='0', user_rank='0', discount='0', email='0', data = 'a:4:{s:10:\"admin_name\";s:5:\"admin\";s:11:\"action_list\";s:3:\"all\";s:10:\"last_check\";i:1479099223;s:12:\"suppliers_id\";s:1:\"0\";}' WHERE sesskey = 'c28bb0faac83f67bd407cad73d71e99e' LIMIT 1

SELECT userid, adminid, user_name, user_rank, discount, email, data, expiry FROM `xingsom`.`ecs_sessions` WHERE sesskey = 'c28bb0faac83f67bd407cad73d71e99e'

SELECT code, value FROM `xingsom`.`ecs_shop_config` WHERE parent_id > 0

SELECT COUNT(*) FROM `xingsom`.`ecs_order_info` WHERE add_time >= '1479099223'

SELECT COUNT(*) FROM `xingsom`.`ecs_order_info` WHERE pay_time >= 1479099223

UPDATE `xingsom`.`ecs_sessions` SET expiry = '1479128213', ip = '60.253.168.66', userid = '0', adminid = '1', user_name='0', user_rank='0', discount='0', email='0', data = 'a:4:{s:10:\"admin_name\";s:5:\"admin\";s:11:\"action_list\";s:3:\"all\";s:10:\"last_check\";i:1479099413;s:12:\"suppliers_id\";s:1:\"0\";}' WHERE sesskey = 'c28bb0faac83f67bd407cad73d71e99e' LIMIT 1

SELECT userid, adminid, user_name, user_rank, discount, email, data, expiry FROM `xingsom`.`ecs_sessions` WHERE sesskey = 'c28bb0faac83f67bd407cad73d71e99e'

SELECT code, value FROM `xingsom`.`ecs_shop_config` WHERE parent_id > 0

SELECT COUNT(*) FROM `xingsom`.`ecs_order_info` WHERE add_time >= '1479099413'

SELECT COUNT(*) FROM `xingsom`.`ecs_order_info` WHERE pay_time >= 1479099413

UPDATE `xingsom`.`ecs_sessions` SET expiry = '1479128394', ip = '60.253.168.66', userid = '0', adminid = '1', user_name='0', user_rank='0', discount='0', email='0', data = 'a:4:{s:10:\"admin_name\";s:5:\"admin\";s:11:\"action_list\";s:3:\"all\";s:10:\"last_check\";i:1479099594;s:12:\"suppliers_id\";s:1:\"0\";}' WHERE sesskey = 'c28bb0faac83f67bd407cad73d71e99e' LIMIT 1

DELETE FROM `xingsom`.`ecs_sessions` WHERE expiry < 1479126594

SELECT userid, adminid, user_name, user_rank, discount, email, data, expiry FROM `xingsom`.`ecs_sessions` WHERE sesskey = 'c28bb0faac83f67bd407cad73d71e99e'

SELECT code, value FROM `xingsom`.`ecs_shop_config` WHERE parent_id > 0

SELECT COUNT(*) FROM `xingsom`.`ecs_order_info` WHERE add_time >= '1479099594'

SELECT COUNT(*) FROM `xingsom`.`ecs_order_info` WHERE pay_time >= 1479099594

UPDATE `xingsom`.`ecs_sessions` SET expiry = '1479128574', ip = '60.253.168.66', userid = '0', adminid = '1', user_name='0', user_rank='0', discount='0', email='0', data = 'a:4:{s:10:\"admin_name\";s:5:\"admin\";s:11:\"action_list\";s:3:\"all\";s:10:\"last_check\";i:1479099774;s:12:\"suppliers_id\";s:1:\"0\";}' WHERE sesskey = 'c28bb0faac83f67bd407cad73d71e99e' LIMIT 1

DELETE FROM `xingsom`.`ecs_sessions_data` WHERE expiry < 1479126774

DELETE FROM `xingsom`.`ecs_sessions` WHERE expiry < 1479126774

SELECT userid, adminid, user_name, user_rank, discount, email, data, expiry FROM `xingsom`.`ecs_sessions` WHERE sesskey = 'c28bb0faac83f67bd407cad73d71e99e'

SELECT code, value FROM `xingsom`.`ecs_shop_config` WHERE parent_id > 0

SELECT COUNT(*) FROM `xingsom`.`ecs_order_info` WHERE add_time >= '1479099774'

SELECT COUNT(*) FROM `xingsom`.`ecs_order_info` WHERE pay_time >= 1479099774

UPDATE `xingsom`.`ecs_sessions` SET expiry = '1479128754', ip = '60.253.168.66', userid = '0', adminid = '1', user_name='0', user_rank='0', discount='0', email='0', data = 'a:4:{s:10:\"admin_name\";s:5:\"admin\";s:11:\"action_list\";s:3:\"all\";s:10:\"last_check\";i:1479099954;s:12:\"suppliers_id\";s:1:\"0\";}' WHERE sesskey = 'c28bb0faac83f67bd407cad73d71e99e' LIMIT 1

DELETE FROM `xingsom`.`ecs_sessions` WHERE expiry < 1479126954

SELECT userid, adminid, user_name, user_rank, discount, email, data, expiry FROM `xingsom`.`ecs_sessions` WHERE sesskey = 'c28bb0faac83f67bd407cad73d71e99e'

SELECT code, value FROM `xingsom`.`ecs_shop_config` WHERE parent_id > 0

SELECT COUNT(*) FROM `xingsom`.`ecs_order_info` WHERE add_time >= '1479099954'

SELECT COUNT(*) FROM `xingsom`.`ecs_order_info` WHERE pay_time >= 1479099954

UPDATE `xingsom`.`ecs_sessions` SET expiry = '1479128934', ip = '60.253.168.66', userid = '0', adminid = '1', user_name='0', user_rank='0', discount='0', email='0', data = 'a:4:{s:10:\"admin_name\";s:5:\"admin\";s:11:\"action_list\";s:3:\"all\";s:10:\"last_check\";i:1479100134;s:12:\"suppliers_id\";s:1:\"0\";}' WHERE sesskey = 'c28bb0faac83f67bd407cad73d71e99e' LIMIT 1

DELETE FROM `xingsom`.`ecs_sessions_data` WHERE expiry < 1479127134

DELETE FROM `xingsom`.`ecs_sessions` WHERE expiry < 1479127134

SELECT userid, adminid, user_name, user_rank, discount, email, data, expiry FROM `xingsom`.`ecs_sessions` WHERE sesskey = 'c28bb0faac83f67bd407cad73d71e99e'

SELECT code, value FROM `xingsom`.`ecs_shop_config` WHERE parent_id > 0

SELECT COUNT(*) FROM `xingsom`.`ecs_order_info` WHERE add_time >= '1479100134'

SELECT COUNT(*) FROM `xingsom`.`ecs_order_info` WHERE pay_time >= 1479100134

UPDATE `xingsom`.`ecs_sessions` SET expiry = '1479129114', ip = '60.253.168.66', userid = '0', adminid = '1', user_name='0', user_rank='0', discount='0', email='0', data = 'a:4:{s:10:\"admin_name\";s:5:\"admin\";s:11:\"action_list\";s:3:\"all\";s:10:\"last_check\";i:1479100314;s:12:\"suppliers_id\";s:1:\"0\";}' WHERE sesskey = 'c28bb0faac83f67bd407cad73d71e99e' LIMIT 1

DELETE FROM `xingsom`.`ecs_sessions` WHERE expiry < 1479127314

SELECT userid, adminid, user_name, user_rank, discount, email, data, expiry FROM `xingsom`.`ecs_sessions` WHERE sesskey = 'c28bb0faac83f67bd407cad73d71e99e'

SELECT code, value FROM `xingsom`.`ecs_shop_config` WHERE parent_id > 0

SELECT COUNT(*) FROM `xingsom`.`ecs_order_info` WHERE add_time >= '1479100314'

SELECT COUNT(*) FROM `xingsom`.`ecs_order_info` WHERE pay_time >= 1479100314

UPDATE `xingsom`.`ecs_sessions` SET expiry = '1479129294', ip = '60.253.168.66', userid = '0', adminid = '1', user_name='0', user_rank='0', discount='0', email='0', data = 'a:4:{s:10:\"admin_name\";s:5:\"admin\";s:11:\"action_list\";s:3:\"all\";s:10:\"last_check\";i:1479100494;s:12:\"suppliers_id\";s:1:\"0\";}' WHERE sesskey = 'c28bb0faac83f67bd407cad73d71e99e' LIMIT 1

DELETE FROM `xingsom`.`ecs_sessions` WHERE expiry < 1479127494

SELECT userid, adminid, user_name, user_rank, discount, email, data, expiry FROM `xingsom`.`ecs_sessions` WHERE sesskey = 'c28bb0faac83f67bd407cad73d71e99e'

SELECT code, value FROM `xingsom`.`ecs_shop_config` WHERE parent_id > 0

SELECT COUNT(*) FROM `xingsom`.`ecs_order_info` WHERE add_time >= '1479100494'

SELECT COUNT(*) FROM `xingsom`.`ecs_order_info` WHERE pay_time >= 1479100494

UPDATE `xingsom`.`ecs_sessions` SET expiry = '1479129474', ip = '60.253.168.66', userid = '0', adminid = '1', user_name='0', user_rank='0', discount='0', email='0', data = 'a:4:{s:10:\"admin_name\";s:5:\"admin\";s:11:\"action_list\";s:3:\"all\";s:10:\"last_check\";i:1479100674;s:12:\"suppliers_id\";s:1:\"0\";}' WHERE sesskey = 'c28bb0faac83f67bd407cad73d71e99e' LIMIT 1

DELETE FROM `xingsom`.`ecs_sessions` WHERE expiry < 1479127674

SELECT userid, adminid, user_name, user_rank, discount, email, data, expiry FROM `xingsom`.`ecs_sessions` WHERE sesskey = 'c28bb0faac83f67bd407cad73d71e99e'

SELECT code, value FROM `xingsom`.`ecs_shop_config` WHERE parent_id > 0

SELECT COUNT(*) FROM `xingsom`.`ecs_order_info` WHERE add_time >= '1479100674'

SELECT COUNT(*) FROM `xingsom`.`ecs_order_info` WHERE pay_time >= 1479100674

UPDATE `xingsom`.`ecs_sessions` SET expiry = '1479129654', ip = '60.253.168.66', userid = '0', adminid = '1', user_name='0', user_rank='0', discount='0', email='0', data = 'a:4:{s:10:\"admin_name\";s:5:\"admin\";s:11:\"action_list\";s:3:\"all\";s:10:\"last_check\";i:1479100854;s:12:\"suppliers_id\";s:1:\"0\";}' WHERE sesskey = 'c28bb0faac83f67bd407cad73d71e99e' LIMIT 1

DELETE FROM `xingsom`.`ecs_sessions` WHERE expiry < 1479127854

SELECT userid, adminid, user_name, user_rank, discount, email, data, expiry FROM `xingsom`.`ecs_sessions` WHERE sesskey = 'c28bb0faac83f67bd407cad73d71e99e'

SELECT code, value FROM `xingsom`.`ecs_shop_config` WHERE parent_id > 0

SELECT message_id, sender_id, receiver_id, sent_time, readed, deleted, title, message, user_name FROM `xingsom`.`ecs_admin_message` AS a, `xingsom`.`ecs_admin_user` AS b WHERE a.sender_id = b.user_id AND a.receiver_id = '1' AND a.readed = 0 AND deleted = 0 ORDER BY a.sent_time DESC

SELECT pay_id, is_cod FROM `xingsom`.`ecs_payment` WHERE enabled = 1

SELECT COUNT(*) FROM `xingsom`.`ecs_order_info` WHERE 1  AND order_status  IN ('1','5')  AND shipping_status  IN ('1','2')  AND pay_status  IN ('2','1')  

SELECT pay_id FROM `xingsom`.`ecs_payment` WHERE is_cod = 1

SELECT COUNT(*) FROM `xingsom`.`ecs_order_info` WHERE 1  AND   order_status  IN ('1','5','6')  AND   shipping_status  IN ('0','3','5')  AND ( pay_status  IN ('2','1')  OR pay_id  IN ('3') ) 

SELECT pay_id FROM `xingsom`.`ecs_payment` WHERE is_cod = 0

SELECT COUNT(*) FROM `xingsom`.`ecs_order_info` WHERE 1  AND   order_status  IN ('1','5')  AND   pay_status = '0' AND ( shipping_status  IN ('1','2')  OR pay_id  IN ('1','2','4','5') ) 

SELECT COUNT(*) FROM `xingsom`.`ecs_order_info` WHERE 1  AND order_status = '0' 

SELECT COUNT(*) FROM `xingsom`.`ecs_order_info` WHERE  shipping_status=4

SELECT COUNT(*) AS oCount, IFNULL(SUM(order_amount), 0) AS oAmount FROM `xingsom`.`ecs_order_info`

SELECT COUNT(*) FROM `xingsom`.`ecs_goods` WHERE is_delete = 0 AND is_alone_sale = 1 AND is_real = 1

SELECT COUNT(*) FROM `xingsom`.`ecs_goods` WHERE is_delete = 0 AND is_alone_sale = 1 AND is_real=0 AND extension_code='virtual_card'

SELECT COUNT(*) FROM `xingsom`.`ecs_goods` WHERE is_delete = 0 AND is_new = 1 AND is_real = 1

SELECT COUNT(*) FROM `xingsom`.`ecs_goods` WHERE is_delete = 0 AND is_new = 1 AND is_real=0 AND extension_code='virtual_card'

SELECT COUNT(*) FROM `xingsom`.`ecs_goods` WHERE is_delete = 0 AND is_best = 1 AND is_real = 1

SELECT COUNT(*) FROM `xingsom`.`ecs_goods` WHERE is_delete = 0 AND is_best = 1 AND is_real=0 AND extension_code='virtual_card'

SELECT COUNT(*) FROM `xingsom`.`ecs_goods` WHERE is_delete = 0 AND is_hot = 1 AND is_real = 1

SELECT COUNT(*) FROM `xingsom`.`ecs_goods` WHERE is_delete = 0 AND is_hot = 1 AND is_real=0 AND extension_code='virtual_card'

SELECT COUNT(*) FROM `xingsom`.`ecs_goods` WHERE is_delete = 0 AND promote_price>0 AND promote_start_date <= '1479100966' AND promote_end_date >= '1479100966' AND is_real = 1

SELECT COUNT(*) FROM `xingsom`.`ecs_goods` WHERE is_delete = 0 AND promote_price>0 AND promote_start_date <= '1479100966' AND promote_end_date >= '1479100966' AND is_real=0 AND extension_code='virtual_card'

SELECT COUNT(*) FROM `xingsom`.`ecs_goods` WHERE is_delete = 0 AND goods_number <= warn_number AND is_real = 1

SELECT COUNT(*) FROM `xingsom`.`ecs_goods` WHERE is_delete = 0 AND goods_number <= warn_number AND is_real=0 AND extension_code='virtual_card'

SELECT COUNT(*) FROM `xingsom`.`ecs_stats` WHERE access_time > 1479024000

SELECT count(*) FROM `xingsom`.`ecs_sessions`

SELECT COUNT(f.msg_id) FROM `xingsom`.`ecs_feedback` AS f LEFT JOIN `xingsom`.`ecs_feedback` AS r ON r.parent_id=f.msg_id WHERE f.parent_id=0 AND ISNULL(r.msg_id) 

SELECT COUNT(*) FROM `xingsom`.`ecs_comment` WHERE status = 0 AND parent_id = 0

SELECT COUNT(*) FROM `xingsom`.`ecs_booking_goods` WHERE is_dispose = 0

SELECT COUNT(*) FROM `xingsom`.`ecs_user_account` WHERE process_type = 1 AND is_paid = 0 

DELETE FROM `xingsom`.`ecs_sessions` WHERE expiry < 1479127966

SELECT userid, adminid, user_name, user_rank, discount, email, data, expiry FROM `xingsom`.`ecs_sessions` WHERE sesskey = 'c28bb0faac83f67bd407cad73d71e99e'

SELECT code, value FROM `xingsom`.`ecs_shop_config` WHERE parent_id > 0

SELECT userid, adminid, user_name, user_rank, discount, email, data, expiry FROM `xingsom`.`ecs_sessions` WHERE sesskey = 'c28bb0faac83f67bd407cad73d71e99e'

SELECT code, value FROM `xingsom`.`ecs_shop_config` WHERE parent_id > 0

SELECT COUNT(*) AS oCount, IFNULL(SUM(order_amount), 0) AS oAmount FROM `xingsom`.`ecs_order_info`

SELECT COUNT(*) FROM `xingsom`.`ecs_goods` WHERE is_delete = 0 AND is_alone_sale = 1 AND is_real = 1

SELECT COUNT(*) FROM `xingsom`.`ecs_users`

SELECT value FROM `xingsom`.`ecs_shop_config` WHERE code = 'template'

SELECT value FROM `xingsom`.`ecs_shop_config` WHERE code = 'stylename'

DELETE FROM `xingsom`.`ecs_sessions_data` WHERE expiry < 1479127966

DELETE FROM `xingsom`.`ecs_sessions` WHERE expiry < 1479127966

DELETE FROM `xingsom`.`ecs_sessions` WHERE expiry < 1479127966

SELECT userid, adminid, user_name, user_rank, discount, email, data, expiry FROM `xingsom`.`ecs_sessions` WHERE sesskey = 'c28bb0faac83f67bd407cad73d71e99e'

SELECT code, value FROM `xingsom`.`ecs_shop_config` WHERE parent_id > 0

SELECT suppliers_id, suppliers_name, suppliers_desc
            FROM `xingsom`.`ecs_suppliers`
            WHERE  is_check = 1 

SELECT c.cat_id, c.cat_name, c.measure_unit, c.parent_id, c.is_show, c.show_in_nav, c.grade, c.sort_order, COUNT(s.cat_id) AS has_children FROM `xingsom`.`ecs_category` AS c LEFT JOIN `xingsom`.`ecs_category` AS s ON s.parent_id=c.cat_id GROUP BY c.cat_id ORDER BY c.parent_id, c.sort_order ASC

SELECT cat_id, COUNT(*) AS goods_num  FROM `xingsom`.`ecs_goods` WHERE is_delete = 0 AND is_on_sale = 1  GROUP BY cat_id

SELECT gc.cat_id, COUNT(*) AS goods_num  FROM `xingsom`.`ecs_goods_cat` AS gc , `xingsom`.`ecs_goods` AS g  WHERE g.goods_id = gc.goods_id AND g.is_delete = 0 AND g.is_on_sale = 1  GROUP BY gc.cat_id

SELECT brand_id, brand_name FROM `xingsom`.`ecs_brand` ORDER BY sort_order

SELECT suppliers_id, suppliers_name, suppliers_desc
            FROM `xingsom`.`ecs_suppliers`
            WHERE  is_check = 1 

SELECT COUNT(*) FROM `xingsom`.`ecs_goods` AS g WHERE is_delete='0'  AND is_real='1'

SELECT goods_id, goods_name, goods_type, goods_sn, shop_price, is_on_sale, is_best, is_new, is_hot, sort_order, goods_number, integral,  (promote_price > 0 AND promote_start_date <= '1479110399' AND promote_end_date >= '1479110399') AS is_promote  FROM `xingsom`.`ecs_goods` AS g WHERE is_delete='0'  AND is_real='1' ORDER BY goods_id DESC  LIMIT 0,15

SELECT DISTINCT cat_id
            FROM `xingsom`.`ecs_attribute`
            WHERE attr_type = 1

SELECT userid, adminid, user_name, user_rank, discount, email, data, expiry FROM `xingsom`.`ecs_sessions` WHERE sesskey = 'c28bb0faac83f67bd407cad73d71e99e'

SELECT code, value FROM `xingsom`.`ecs_shop_config` WHERE parent_id > 0

SELECT suppliers_id, suppliers_name, suppliers_desc
            FROM `xingsom`.`ecs_suppliers`
            WHERE  is_check = 1 

DELETE FROM `xingsom`.`ecs_link_goods` WHERE (goods_id = 0 OR link_goods_id = 0) AND admin_id = '1'

DELETE FROM `xingsom`.`ecs_group_goods` WHERE parent_id = 0 AND admin_id = '1'

DELETE FROM `xingsom`.`ecs_goods_article` WHERE goods_id = 0 AND admin_id = '1'

DELETE FROM `xingsom`.`ecs_goods_attr` WHERE goods_id = 0

SELECT c.cat_id, c.cat_name, c.measure_unit, c.parent_id, c.is_show, c.show_in_nav, c.grade, c.sort_order, COUNT(s.cat_id) AS has_children FROM `xingsom`.`ecs_category` AS c LEFT JOIN `xingsom`.`ecs_category` AS s ON s.parent_id=c.cat_id GROUP BY c.cat_id ORDER BY c.parent_id, c.sort_order ASC

SELECT cat_id, COUNT(*) AS goods_num  FROM `xingsom`.`ecs_goods` WHERE is_delete = 0 AND is_on_sale = 1  GROUP BY cat_id

SELECT gc.cat_id, COUNT(*) AS goods_num  FROM `xingsom`.`ecs_goods_cat` AS gc , `xingsom`.`ecs_goods` AS g  WHERE g.goods_id = gc.goods_id AND g.is_delete = 0 AND g.is_on_sale = 1  GROUP BY gc.cat_id

SELECT brand_id, brand_name FROM `xingsom`.`ecs_brand` ORDER BY sort_order

SELECT * FROM `xingsom`.`ecs_user_rank` ORDER BY min_points

SELECT cat_id, cat_name FROM `xingsom`.`ecs_goods_type` WHERE enabled = 1

UPDATE `xingsom`.`ecs_sessions` SET expiry = '1479129775', ip = '60.253.168.66', userid = '0', adminid = '1', user_name='0', user_rank='0', discount='0', email='0', data = 'a:4:{s:10:\"admin_name\";s:5:\"admin\";s:11:\"action_list\";s:3:\"all\";s:10:\"last_check\";i:1479100854;s:12:\"suppliers_id\";s:1:\"0\";}' WHERE sesskey = 'c28bb0faac83f67bd407cad73d71e99e' LIMIT 1

SELECT userid, adminid, user_name, user_rank, discount, email, data, expiry FROM `xingsom`.`ecs_sessions` WHERE sesskey = 'c28bb0faac83f67bd407cad73d71e99e'

SELECT code, value FROM `xingsom`.`ecs_shop_config` WHERE parent_id > 0

SELECT COUNT(*) FROM `xingsom`.`ecs_goods` WHERE goods_sn = ''

UPDATE `xingsom`.`ecs_sessions` SET expiry = '1479129839', ip = '60.253.168.66', userid = '0', adminid = '1', user_name='0', user_rank='0', discount='0', email='0', data = 'a:4:{s:10:\"admin_name\";s:5:\"admin\";s:11:\"action_list\";s:3:\"all\";s:10:\"last_check\";i:1479100854;s:12:\"suppliers_id\";s:1:\"0\";}' WHERE sesskey = 'c28bb0faac83f67bd407cad73d71e99e' LIMIT 1

SELECT userid, adminid, user_name, user_rank, discount, email, data, expiry FROM `xingsom`.`ecs_sessions` WHERE sesskey = 'c28bb0faac83f67bd407cad73d71e99e'

SELECT code, value FROM `xingsom`.`ecs_shop_config` WHERE parent_id > 0

SELECT userid, adminid, user_name, user_rank, discount, email, data, expiry FROM `xingsom`.`ecs_sessions` WHERE sesskey = 'c28bb0faac83f67bd407cad73d71e99e'

SELECT code, value FROM `xingsom`.`ecs_shop_config` WHERE parent_id > 0

SELECT COUNT(*) FROM `xingsom`.`ecs_order_info` WHERE add_time >= '1479100854'

SELECT COUNT(*) FROM `xingsom`.`ecs_order_info` WHERE pay_time >= 1479100854

UPDATE `xingsom`.`ecs_sessions` SET expiry = '1479129843', ip = '60.253.168.66', userid = '0', adminid = '1', user_name='0', user_rank='0', discount='0', email='0', data = 'a:4:{s:10:\"admin_name\";s:5:\"admin\";s:11:\"action_list\";s:3:\"all\";s:10:\"last_check\";i:1479101043;s:12:\"suppliers_id\";s:1:\"0\";}' WHERE sesskey = 'c28bb0faac83f67bd407cad73d71e99e' LIMIT 1

DELETE FROM `xingsom`.`ecs_sessions_data` WHERE expiry < 1479128043

SELECT userid, adminid, user_name, user_rank, discount, email, data, expiry FROM `xingsom`.`ecs_sessions` WHERE sesskey = 'c28bb0faac83f67bd407cad73d71e99e'

SELECT code, value FROM `xingsom`.`ecs_shop_config` WHERE parent_id > 0

SELECT COUNT(*) FROM `xingsom`.`ecs_order_info` WHERE add_time >= '1479101072'

SELECT COUNT(*) FROM `xingsom`.`ecs_order_info` WHERE pay_time >= 1479101072

UPDATE `xingsom`.`ecs_sessions` SET expiry = '1479130024', ip = '60.253.168.66', userid = '0', adminid = '1', user_name='0', user_rank='0', discount='0', email='0', data = 'a:4:{s:10:\"admin_name\";s:5:\"admin\";s:11:\"action_list\";s:3:\"all\";s:10:\"last_check\";i:1479101224;s:12:\"suppliers_id\";s:1:\"0\";}' WHERE sesskey = 'c28bb0faac83f67bd407cad73d71e99e' LIMIT 1

DELETE FROM `xingsom`.`ecs_sessions` WHERE expiry < 1479128224

SELECT userid, adminid, user_name, user_rank, discount, email, data, expiry FROM `xingsom`.`ecs_sessions` WHERE sesskey = 'c28bb0faac83f67bd407cad73d71e99e'

SELECT code, value FROM `xingsom`.`ecs_shop_config` WHERE parent_id > 0

SELECT COUNT(*) FROM `xingsom`.`ecs_order_info` WHERE add_time >= '1479101295'

SELECT COUNT(*) FROM `xingsom`.`ecs_order_info` WHERE pay_time >= 1479101295

UPDATE `xingsom`.`ecs_sessions` SET expiry = '1479130205', ip = '60.253.168.66', userid = '0', adminid = '1', user_name='0', user_rank='0', discount='0', email='0', data = 'a:4:{s:10:\"admin_name\";s:5:\"admin\";s:11:\"action_list\";s:3:\"all\";s:10:\"last_check\";i:1479101405;s:12:\"suppliers_id\";s:1:\"0\";}' WHERE sesskey = 'c28bb0faac83f67bd407cad73d71e99e' LIMIT 1

SELECT userid, adminid, user_name, user_rank, discount, email, data, expiry FROM `xingsom`.`ecs_sessions` WHERE sesskey = 'c28bb0faac83f67bd407cad73d71e99e'

SELECT code, value FROM `xingsom`.`ecs_shop_config` WHERE parent_id > 0

SELECT COUNT(*) FROM `xingsom`.`ecs_order_info` WHERE add_time >= '1479101475'

SELECT COUNT(*) FROM `xingsom`.`ecs_order_info` WHERE pay_time >= 1479101475

UPDATE `xingsom`.`ecs_sessions` SET expiry = '1479130385', ip = '60.253.168.66', userid = '0', adminid = '1', user_name='0', user_rank='0', discount='0', email='0', data = 'a:4:{s:10:\"admin_name\";s:5:\"admin\";s:11:\"action_list\";s:3:\"all\";s:10:\"last_check\";i:1479101585;s:12:\"suppliers_id\";s:1:\"0\";}' WHERE sesskey = 'c28bb0faac83f67bd407cad73d71e99e' LIMIT 1

SELECT userid, adminid, user_name, user_rank, discount, email, data, expiry FROM `xingsom`.`ecs_sessions` WHERE sesskey = 'c28bb0faac83f67bd407cad73d71e99e'

SELECT code, value FROM `xingsom`.`ecs_shop_config` WHERE parent_id > 0

SELECT COUNT(*) FROM `xingsom`.`ecs_order_info` WHERE add_time >= '1479101655'

SELECT COUNT(*) FROM `xingsom`.`ecs_order_info` WHERE pay_time >= 1479101655

UPDATE `xingsom`.`ecs_sessions` SET expiry = '1479130565', ip = '60.253.168.66', userid = '0', adminid = '1', user_name='0', user_rank='0', discount='0', email='0', data = 'a:4:{s:10:\"admin_name\";s:5:\"admin\";s:11:\"action_list\";s:3:\"all\";s:10:\"last_check\";i:1479101765;s:12:\"suppliers_id\";s:1:\"0\";}' WHERE sesskey = 'c28bb0faac83f67bd407cad73d71e99e' LIMIT 1

SELECT userid, adminid, user_name, user_rank, discount, email, data, expiry FROM `xingsom`.`ecs_sessions` WHERE sesskey = 'c28bb0faac83f67bd407cad73d71e99e'

SELECT code, value FROM `xingsom`.`ecs_shop_config` WHERE parent_id > 0

SELECT COUNT(*) FROM `xingsom`.`ecs_order_info` WHERE add_time >= '1479101837'

SELECT COUNT(*) FROM `xingsom`.`ecs_order_info` WHERE pay_time >= 1479101837

UPDATE `xingsom`.`ecs_sessions` SET expiry = '1479130745', ip = '60.253.168.66', userid = '0', adminid = '1', user_name='0', user_rank='0', discount='0', email='0', data = 'a:4:{s:10:\"admin_name\";s:5:\"admin\";s:11:\"action_list\";s:3:\"all\";s:10:\"last_check\";i:1479101945;s:12:\"suppliers_id\";s:1:\"0\";}' WHERE sesskey = 'c28bb0faac83f67bd407cad73d71e99e' LIMIT 1

SELECT userid, adminid, user_name, user_rank, discount, email, data, expiry FROM `xingsom`.`ecs_sessions` WHERE sesskey = 'c28bb0faac83f67bd407cad73d71e99e'

SELECT code, value FROM `xingsom`.`ecs_shop_config` WHERE parent_id > 0

SELECT COUNT(*) FROM `xingsom`.`ecs_order_info` WHERE add_time >= '1479102017'

SELECT COUNT(*) FROM `xingsom`.`ecs_order_info` WHERE pay_time >= 1479102017

UPDATE `xingsom`.`ecs_sessions` SET expiry = '1479130925', ip = '60.253.168.66', userid = '0', adminid = '1', user_name='0', user_rank='0', discount='0', email='0', data = 'a:4:{s:10:\"admin_name\";s:5:\"admin\";s:11:\"action_list\";s:3:\"all\";s:10:\"last_check\";i:1479102125;s:12:\"suppliers_id\";s:1:\"0\";}' WHERE sesskey = 'c28bb0faac83f67bd407cad73d71e99e' LIMIT 1

SELECT userid, adminid, user_name, user_rank, discount, email, data, expiry FROM `xingsom`.`ecs_sessions` WHERE sesskey = 'c28bb0faac83f67bd407cad73d71e99e'

SELECT code, value FROM `xingsom`.`ecs_shop_config` WHERE parent_id > 0

SELECT COUNT(*) FROM `xingsom`.`ecs_order_info` WHERE add_time >= '1479102197'

SELECT COUNT(*) FROM `xingsom`.`ecs_order_info` WHERE pay_time >= 1479102197

UPDATE `xingsom`.`ecs_sessions` SET expiry = '1479131105', ip = '60.253.168.66', userid = '0', adminid = '1', user_name='0', user_rank='0', discount='0', email='0', data = 'a:4:{s:10:\"admin_name\";s:5:\"admin\";s:11:\"action_list\";s:3:\"all\";s:10:\"last_check\";i:1479102305;s:12:\"suppliers_id\";s:1:\"0\";}' WHERE sesskey = 'c28bb0faac83f67bd407cad73d71e99e' LIMIT 1

SELECT userid, adminid, user_name, user_rank, discount, email, data, expiry FROM `xingsom`.`ecs_sessions` WHERE sesskey = 'c28bb0faac83f67bd407cad73d71e99e'

SELECT code, value FROM `xingsom`.`ecs_shop_config` WHERE parent_id > 0

SELECT COUNT(*) FROM `xingsom`.`ecs_order_info` WHERE add_time >= '1479102377'

SELECT COUNT(*) FROM `xingsom`.`ecs_order_info` WHERE pay_time >= 1479102377

UPDATE `xingsom`.`ecs_sessions` SET expiry = '1479131285', ip = '60.253.168.66', userid = '0', adminid = '1', user_name='0', user_rank='0', discount='0', email='0', data = 'a:4:{s:10:\"admin_name\";s:5:\"admin\";s:11:\"action_list\";s:3:\"all\";s:10:\"last_check\";i:1479102485;s:12:\"suppliers_id\";s:1:\"0\";}' WHERE sesskey = 'c28bb0faac83f67bd407cad73d71e99e' LIMIT 1

SELECT userid, adminid, user_name, user_rank, discount, email, data, expiry FROM `xingsom`.`ecs_sessions` WHERE sesskey = 'c28bb0faac83f67bd407cad73d71e99e'

SELECT code, value FROM `xingsom`.`ecs_shop_config` WHERE parent_id > 0

SELECT COUNT(*) FROM `xingsom`.`ecs_order_info` WHERE add_time >= '1479102557'

SELECT COUNT(*) FROM `xingsom`.`ecs_order_info` WHERE pay_time >= 1479102557

UPDATE `xingsom`.`ecs_sessions` SET expiry = '1479131465', ip = '60.253.168.66', userid = '0', adminid = '1', user_name='0', user_rank='0', discount='0', email='0', data = 'a:4:{s:10:\"admin_name\";s:5:\"admin\";s:11:\"action_list\";s:3:\"all\";s:10:\"last_check\";i:1479102665;s:12:\"suppliers_id\";s:1:\"0\";}' WHERE sesskey = 'c28bb0faac83f67bd407cad73d71e99e' LIMIT 1

SELECT userid, adminid, user_name, user_rank, discount, email, data, expiry FROM `xingsom`.`ecs_sessions` WHERE sesskey = 'c28bb0faac83f67bd407cad73d71e99e'

SELECT code, value FROM `xingsom`.`ecs_shop_config` WHERE parent_id > 0

SELECT COUNT(*) FROM `xingsom`.`ecs_order_info` WHERE add_time >= '1479102737'

SELECT COUNT(*) FROM `xingsom`.`ecs_order_info` WHERE pay_time >= 1479102737

UPDATE `xingsom`.`ecs_sessions` SET expiry = '1479131645', ip = '60.253.168.66', userid = '0', adminid = '1', user_name='0', user_rank='0', discount='0', email='0', data = 'a:4:{s:10:\"admin_name\";s:5:\"admin\";s:11:\"action_list\";s:3:\"all\";s:10:\"last_check\";i:1479102845;s:12:\"suppliers_id\";s:1:\"0\";}' WHERE sesskey = 'c28bb0faac83f67bd407cad73d71e99e' LIMIT 1

DELETE FROM `xingsom`.`ecs_sessions_data` WHERE expiry < 1479129845

SELECT userid, adminid, user_name, user_rank, discount, email, data, expiry FROM `xingsom`.`ecs_sessions` WHERE sesskey = 'c28bb0faac83f67bd407cad73d71e99e'

SELECT code, value FROM `xingsom`.`ecs_shop_config` WHERE parent_id > 0

SELECT COUNT(*) FROM `xingsom`.`ecs_order_info` WHERE add_time >= '1479102917'

SELECT COUNT(*) FROM `xingsom`.`ecs_order_info` WHERE pay_time >= 1479102917

UPDATE `xingsom`.`ecs_sessions` SET expiry = '1479131825', ip = '60.253.168.66', userid = '0', adminid = '1', user_name='0', user_rank='0', discount='0', email='0', data = 'a:4:{s:10:\"admin_name\";s:5:\"admin\";s:11:\"action_list\";s:3:\"all\";s:10:\"last_check\";i:1479103025;s:12:\"suppliers_id\";s:1:\"0\";}' WHERE sesskey = 'c28bb0faac83f67bd407cad73d71e99e' LIMIT 1

DELETE FROM `xingsom`.`ecs_sessions_data` WHERE expiry < 1479130025

SELECT userid, adminid, user_name, user_rank, discount, email, data, expiry FROM `xingsom`.`ecs_sessions` WHERE sesskey = 'c28bb0faac83f67bd407cad73d71e99e'

SELECT code, value FROM `xingsom`.`ecs_shop_config` WHERE parent_id > 0

SELECT COUNT(*) FROM `xingsom`.`ecs_order_info` WHERE add_time >= '1479103097'

SELECT COUNT(*) FROM `xingsom`.`ecs_order_info` WHERE pay_time >= 1479103097

UPDATE `xingsom`.`ecs_sessions` SET expiry = '1479132005', ip = '60.253.168.66', userid = '0', adminid = '1', user_name='0', user_rank='0', discount='0', email='0', data = 'a:4:{s:10:\"admin_name\";s:5:\"admin\";s:11:\"action_list\";s:3:\"all\";s:10:\"last_check\";i:1479103205;s:12:\"suppliers_id\";s:1:\"0\";}' WHERE sesskey = 'c28bb0faac83f67bd407cad73d71e99e' LIMIT 1

SELECT userid, adminid, user_name, user_rank, discount, email, data, expiry FROM `xingsom`.`ecs_sessions` WHERE sesskey = 'c28bb0faac83f67bd407cad73d71e99e'

SELECT code, value FROM `xingsom`.`ecs_shop_config` WHERE parent_id > 0

SELECT COUNT(*) FROM `xingsom`.`ecs_order_info` WHERE add_time >= '1479103205'

SELECT COUNT(*) FROM `xingsom`.`ecs_order_info` WHERE pay_time >= 1479103205

UPDATE `xingsom`.`ecs_sessions` SET expiry = '1479132186', ip = '60.253.168.66', userid = '0', adminid = '1', user_name='0', user_rank='0', discount='0', email='0', data = 'a:4:{s:10:\"admin_name\";s:5:\"admin\";s:11:\"action_list\";s:3:\"all\";s:10:\"last_check\";i:1479103386;s:12:\"suppliers_id\";s:1:\"0\";}' WHERE sesskey = 'c28bb0faac83f67bd407cad73d71e99e' LIMIT 1

DELETE FROM `xingsom`.`ecs_sessions` WHERE expiry < 1479130386

SELECT userid, adminid, user_name, user_rank, discount, email, data, expiry FROM `xingsom`.`ecs_sessions` WHERE sesskey = 'c28bb0faac83f67bd407cad73d71e99e'

SELECT code, value FROM `xingsom`.`ecs_shop_config` WHERE parent_id > 0

SELECT COUNT(*) FROM `xingsom`.`ecs_order_info` WHERE add_time >= '1479103386'

SELECT COUNT(*) FROM `xingsom`.`ecs_order_info` WHERE pay_time >= 1479103386

UPDATE `xingsom`.`ecs_sessions` SET expiry = '1479132366', ip = '60.253.168.66', userid = '0', adminid = '1', user_name='0', user_rank='0', discount='0', email='0', data = 'a:4:{s:10:\"admin_name\";s:5:\"admin\";s:11:\"action_list\";s:3:\"all\";s:10:\"last_check\";i:1479103566;s:12:\"suppliers_id\";s:1:\"0\";}' WHERE sesskey = 'c28bb0faac83f67bd407cad73d71e99e' LIMIT 1

DELETE FROM `xingsom`.`ecs_sessions_data` WHERE expiry < 1479130566

DELETE FROM `xingsom`.`ecs_sessions` WHERE expiry < 1479130566

SELECT userid, adminid, user_name, user_rank, discount, email, data, expiry FROM `xingsom`.`ecs_sessions` WHERE sesskey = 'c28bb0faac83f67bd407cad73d71e99e'

SELECT code, value FROM `xingsom`.`ecs_shop_config` WHERE parent_id > 0

SELECT COUNT(*) FROM `xingsom`.`ecs_order_info` WHERE add_time >= '1479103566'

SELECT COUNT(*) FROM `xingsom`.`ecs_order_info` WHERE pay_time >= 1479103566

UPDATE `xingsom`.`ecs_sessions` SET expiry = '1479132546', ip = '60.253.168.66', userid = '0', adminid = '1', user_name='0', user_rank='0', discount='0', email='0', data = 'a:4:{s:10:\"admin_name\";s:5:\"admin\";s:11:\"action_list\";s:3:\"all\";s:10:\"last_check\";i:1479103746;s:12:\"suppliers_id\";s:1:\"0\";}' WHERE sesskey = 'c28bb0faac83f67bd407cad73d71e99e' LIMIT 1

DELETE FROM `xingsom`.`ecs_sessions` WHERE expiry < 1479130746

SELECT userid, adminid, user_name, user_rank, discount, email, data, expiry FROM `xingsom`.`ecs_sessions` WHERE sesskey = 'c28bb0faac83f67bd407cad73d71e99e'

SELECT code, value FROM `xingsom`.`ecs_shop_config` WHERE parent_id > 0

SELECT COUNT(*) FROM `xingsom`.`ecs_order_info` WHERE add_time >= '1479103746'

SELECT COUNT(*) FROM `xingsom`.`ecs_order_info` WHERE pay_time >= 1479103746

UPDATE `xingsom`.`ecs_sessions` SET expiry = '1479132726', ip = '60.253.168.66', userid = '0', adminid = '1', user_name='0', user_rank='0', discount='0', email='0', data = 'a:4:{s:10:\"admin_name\";s:5:\"admin\";s:11:\"action_list\";s:3:\"all\";s:10:\"last_check\";i:1479103926;s:12:\"suppliers_id\";s:1:\"0\";}' WHERE sesskey = 'c28bb0faac83f67bd407cad73d71e99e' LIMIT 1

DELETE FROM `xingsom`.`ecs_sessions` WHERE expiry < 1479130926

SELECT userid, adminid, user_name, user_rank, discount, email, data, expiry FROM `xingsom`.`ecs_sessions` WHERE sesskey = 'c28bb0faac83f67bd407cad73d71e99e'

SELECT code, value FROM `xingsom`.`ecs_shop_config` WHERE parent_id > 0

SELECT COUNT(*) FROM `xingsom`.`ecs_order_info` WHERE add_time >= '1479103926'

SELECT COUNT(*) FROM `xingsom`.`ecs_order_info` WHERE pay_time >= 1479103926

UPDATE `xingsom`.`ecs_sessions` SET expiry = '1479132906', ip = '60.253.168.66', userid = '0', adminid = '1', user_name='0', user_rank='0', discount='0', email='0', data = 'a:4:{s:10:\"admin_name\";s:5:\"admin\";s:11:\"action_list\";s:3:\"all\";s:10:\"last_check\";i:1479104106;s:12:\"suppliers_id\";s:1:\"0\";}' WHERE sesskey = 'c28bb0faac83f67bd407cad73d71e99e' LIMIT 1

DELETE FROM `xingsom`.`ecs_sessions` WHERE expiry < 1479131106

SELECT userid, adminid, user_name, user_rank, discount, email, data, expiry FROM `xingsom`.`ecs_sessions` WHERE sesskey = 'c28bb0faac83f67bd407cad73d71e99e'

SELECT code, value FROM `xingsom`.`ecs_shop_config` WHERE parent_id > 0

SELECT COUNT(*) FROM `xingsom`.`ecs_order_info` WHERE add_time >= '1479104106'

SELECT COUNT(*) FROM `xingsom`.`ecs_order_info` WHERE pay_time >= 1479104106

UPDATE `xingsom`.`ecs_sessions` SET expiry = '1479133086', ip = '60.253.168.66', userid = '0', adminid = '1', user_name='0', user_rank='0', discount='0', email='0', data = 'a:4:{s:10:\"admin_name\";s:5:\"admin\";s:11:\"action_list\";s:3:\"all\";s:10:\"last_check\";i:1479104286;s:12:\"suppliers_id\";s:1:\"0\";}' WHERE sesskey = 'c28bb0faac83f67bd407cad73d71e99e' LIMIT 1

DELETE FROM `xingsom`.`ecs_sessions_data` WHERE expiry < 1479131286

DELETE FROM `xingsom`.`ecs_sessions` WHERE expiry < 1479131286

SELECT userid, adminid, user_name, user_rank, discount, email, data, expiry FROM `xingsom`.`ecs_sessions` WHERE sesskey = 'c28bb0faac83f67bd407cad73d71e99e'

SELECT code, value FROM `xingsom`.`ecs_shop_config` WHERE parent_id > 0

SELECT COUNT(*) FROM `xingsom`.`ecs_order_info` WHERE add_time >= '1479104286'

SELECT COUNT(*) FROM `xingsom`.`ecs_order_info` WHERE pay_time >= 1479104286

UPDATE `xingsom`.`ecs_sessions` SET expiry = '1479133266', ip = '60.253.168.66', userid = '0', adminid = '1', user_name='0', user_rank='0', discount='0', email='0', data = 'a:4:{s:10:\"admin_name\";s:5:\"admin\";s:11:\"action_list\";s:3:\"all\";s:10:\"last_check\";i:1479104466;s:12:\"suppliers_id\";s:1:\"0\";}' WHERE sesskey = 'c28bb0faac83f67bd407cad73d71e99e' LIMIT 1

DELETE FROM `xingsom`.`ecs_sessions_data` WHERE expiry < 1479131466

DELETE FROM `xingsom`.`ecs_sessions` WHERE expiry < 1479131466

SELECT userid, adminid, user_name, user_rank, discount, email, data, expiry FROM `xingsom`.`ecs_sessions` WHERE sesskey = 'c28bb0faac83f67bd407cad73d71e99e'

SELECT code, value FROM `xingsom`.`ecs_shop_config` WHERE parent_id > 0

SELECT COUNT(*) FROM `xingsom`.`ecs_order_info` WHERE add_time >= '1479104466'

SELECT COUNT(*) FROM `xingsom`.`ecs_order_info` WHERE pay_time >= 1479104466

UPDATE `xingsom`.`ecs_sessions` SET expiry = '1479133446', ip = '60.253.168.66', userid = '0', adminid = '1', user_name='0', user_rank='0', discount='0', email='0', data = 'a:4:{s:10:\"admin_name\";s:5:\"admin\";s:11:\"action_list\";s:3:\"all\";s:10:\"last_check\";i:1479104646;s:12:\"suppliers_id\";s:1:\"0\";}' WHERE sesskey = 'c28bb0faac83f67bd407cad73d71e99e' LIMIT 1

DELETE FROM `xingsom`.`ecs_sessions` WHERE expiry < 1479131646

SELECT userid, adminid, user_name, user_rank, discount, email, data, expiry FROM `xingsom`.`ecs_sessions` WHERE sesskey = 'c28bb0faac83f67bd407cad73d71e99e'

SELECT code, value FROM `xingsom`.`ecs_shop_config` WHERE parent_id > 0

SELECT COUNT(*) FROM `xingsom`.`ecs_order_info` WHERE add_time >= '1479104646'

SELECT COUNT(*) FROM `xingsom`.`ecs_order_info` WHERE pay_time >= 1479104646

UPDATE `xingsom`.`ecs_sessions` SET expiry = '1479133626', ip = '60.253.168.66', userid = '0', adminid = '1', user_name='0', user_rank='0', discount='0', email='0', data = 'a:4:{s:10:\"admin_name\";s:5:\"admin\";s:11:\"action_list\";s:3:\"all\";s:10:\"last_check\";i:1479104826;s:12:\"suppliers_id\";s:1:\"0\";}' WHERE sesskey = 'c28bb0faac83f67bd407cad73d71e99e' LIMIT 1

DELETE FROM `xingsom`.`ecs_sessions` WHERE expiry < 1479131826

SELECT userid, adminid, user_name, user_rank, discount, email, data, expiry FROM `xingsom`.`ecs_sessions` WHERE sesskey = 'c28bb0faac83f67bd407cad73d71e99e'

SELECT code, value FROM `xingsom`.`ecs_shop_config` WHERE parent_id > 0

SELECT COUNT(*) FROM `xingsom`.`ecs_order_info` WHERE add_time >= '1479104826'

SELECT COUNT(*) FROM `xingsom`.`ecs_order_info` WHERE pay_time >= 1479104826

UPDATE `xingsom`.`ecs_sessions` SET expiry = '1479133806', ip = '60.253.168.66', userid = '0', adminid = '1', user_name='0', user_rank='0', discount='0', email='0', data = 'a:4:{s:10:\"admin_name\";s:5:\"admin\";s:11:\"action_list\";s:3:\"all\";s:10:\"last_check\";i:1479105006;s:12:\"suppliers_id\";s:1:\"0\";}' WHERE sesskey = 'c28bb0faac83f67bd407cad73d71e99e' LIMIT 1

DELETE FROM `xingsom`.`ecs_sessions_data` WHERE expiry < 1479132006

DELETE FROM `xingsom`.`ecs_sessions` WHERE expiry < 1479132006

SELECT userid, adminid, user_name, user_rank, discount, email, data, expiry FROM `xingsom`.`ecs_sessions` WHERE sesskey = 'c28bb0faac83f67bd407cad73d71e99e'

SELECT code, value FROM `xingsom`.`ecs_shop_config` WHERE parent_id > 0

SELECT COUNT(*) FROM `xingsom`.`ecs_order_info` WHERE add_time >= '1479105006'

SELECT COUNT(*) FROM `xingsom`.`ecs_order_info` WHERE pay_time >= 1479105006

UPDATE `xingsom`.`ecs_sessions` SET expiry = '1479133986', ip = '60.253.168.66', userid = '0', adminid = '1', user_name='0', user_rank='0', discount='0', email='0', data = 'a:4:{s:10:\"admin_name\";s:5:\"admin\";s:11:\"action_list\";s:3:\"all\";s:10:\"last_check\";i:1479105186;s:12:\"suppliers_id\";s:1:\"0\";}' WHERE sesskey = 'c28bb0faac83f67bd407cad73d71e99e' LIMIT 1

DELETE FROM `xingsom`.`ecs_sessions` WHERE expiry < 1479132186

SELECT userid, adminid, user_name, user_rank, discount, email, data, expiry FROM `xingsom`.`ecs_sessions` WHERE sesskey = 'c28bb0faac83f67bd407cad73d71e99e'

SELECT code, value FROM `xingsom`.`ecs_shop_config` WHERE parent_id > 0

SELECT COUNT(*) FROM `xingsom`.`ecs_order_info` WHERE add_time >= '1479105186'

SELECT COUNT(*) FROM `xingsom`.`ecs_order_info` WHERE pay_time >= 1479105186

UPDATE `xingsom`.`ecs_sessions` SET expiry = '1479134168', ip = '60.253.168.66', userid = '0', adminid = '1', user_name='0', user_rank='0', discount='0', email='0', data = 'a:4:{s:10:\"admin_name\";s:5:\"admin\";s:11:\"action_list\";s:3:\"all\";s:10:\"last_check\";i:1479105368;s:12:\"suppliers_id\";s:1:\"0\";}' WHERE sesskey = 'c28bb0faac83f67bd407cad73d71e99e' LIMIT 1

DELETE FROM `xingsom`.`ecs_sessions_data` WHERE expiry < 1479132368

DELETE FROM `xingsom`.`ecs_sessions` WHERE expiry < 1479132368

SELECT userid, adminid, user_name, user_rank, discount, email, data, expiry FROM `xingsom`.`ecs_sessions` WHERE sesskey = 'c28bb0faac83f67bd407cad73d71e99e'

SELECT code, value FROM `xingsom`.`ecs_shop_config` WHERE parent_id > 0

SELECT COUNT(*) FROM `xingsom`.`ecs_order_info` WHERE add_time >= '1479105368'

SELECT COUNT(*) FROM `xingsom`.`ecs_order_info` WHERE pay_time >= 1479105368

UPDATE `xingsom`.`ecs_sessions` SET expiry = '1479134346', ip = '60.253.168.66', userid = '0', adminid = '1', user_name='0', user_rank='0', discount='0', email='0', data = 'a:4:{s:10:\"admin_name\";s:5:\"admin\";s:11:\"action_list\";s:3:\"all\";s:10:\"last_check\";i:1479105546;s:12:\"suppliers_id\";s:1:\"0\";}' WHERE sesskey = 'c28bb0faac83f67bd407cad73d71e99e' LIMIT 1

DELETE FROM `xingsom`.`ecs_sessions` WHERE expiry < 1479132546

SELECT userid, adminid, user_name, user_rank, discount, email, data, expiry FROM `xingsom`.`ecs_sessions` WHERE sesskey = 'c28bb0faac83f67bd407cad73d71e99e'

SELECT code, value FROM `xingsom`.`ecs_shop_config` WHERE parent_id > 0

SELECT COUNT(*) FROM `xingsom`.`ecs_order_info` WHERE add_time >= '1479105546'

SELECT COUNT(*) FROM `xingsom`.`ecs_order_info` WHERE pay_time >= 1479105546

UPDATE `xingsom`.`ecs_sessions` SET expiry = '1479134526', ip = '60.253.168.66', userid = '0', adminid = '1', user_name='0', user_rank='0', discount='0', email='0', data = 'a:4:{s:10:\"admin_name\";s:5:\"admin\";s:11:\"action_list\";s:3:\"all\";s:10:\"last_check\";i:1479105726;s:12:\"suppliers_id\";s:1:\"0\";}' WHERE sesskey = 'c28bb0faac83f67bd407cad73d71e99e' LIMIT 1

DELETE FROM `xingsom`.`ecs_sessions` WHERE expiry < 1479132726

SELECT userid, adminid, user_name, user_rank, discount, email, data, expiry FROM `xingsom`.`ecs_sessions` WHERE sesskey = 'c28bb0faac83f67bd407cad73d71e99e'

SELECT code, value FROM `xingsom`.`ecs_shop_config` WHERE parent_id > 0

SELECT COUNT(*) FROM `xingsom`.`ecs_order_info` WHERE add_time >= '1479105726'

SELECT COUNT(*) FROM `xingsom`.`ecs_order_info` WHERE pay_time >= 1479105726

UPDATE `xingsom`.`ecs_sessions` SET expiry = '1479134706', ip = '60.253.168.66', userid = '0', adminid = '1', user_name='0', user_rank='0', discount='0', email='0', data = 'a:4:{s:10:\"admin_name\";s:5:\"admin\";s:11:\"action_list\";s:3:\"all\";s:10:\"last_check\";i:1479105906;s:12:\"suppliers_id\";s:1:\"0\";}' WHERE sesskey = 'c28bb0faac83f67bd407cad73d71e99e' LIMIT 1

DELETE FROM `xingsom`.`ecs_sessions_data` WHERE expiry < 1479132906

DELETE FROM `xingsom`.`ecs_sessions` WHERE expiry < 1479132906

SELECT userid, adminid, user_name, user_rank, discount, email, data, expiry FROM `xingsom`.`ecs_sessions` WHERE sesskey = 'c28bb0faac83f67bd407cad73d71e99e'

SELECT code, value FROM `xingsom`.`ecs_shop_config` WHERE parent_id > 0

SELECT * FROM `xingsom`.`ecs_payment` WHERE enabled = '1' ORDER BY pay_order

UPDATE `xingsom`.`ecs_sessions` SET expiry = '1479134883', ip = '60.253.168.66', userid = '0', adminid = '1', user_name='0', user_rank='0', discount='0', email='0', data = 'a:4:{s:10:\"admin_name\";s:5:\"admin\";s:11:\"action_list\";s:3:\"all\";s:10:\"last_check\";i:1479105906;s:12:\"suppliers_id\";s:1:\"0\";}' WHERE sesskey = 'c28bb0faac83f67bd407cad73d71e99e' LIMIT 1

DELETE FROM `xingsom`.`ecs_sessions_data` WHERE expiry < 1479133083

SELECT userid, adminid, user_name, user_rank, discount, email, data, expiry FROM `xingsom`.`ecs_sessions` WHERE sesskey = 'c28bb0faac83f67bd407cad73d71e99e'

SELECT code, value FROM `xingsom`.`ecs_shop_config` WHERE parent_id > 0

SELECT * FROM `xingsom`.`ecs_payment` WHERE pay_code = 'wxpay' AND enabled = '1'

DELETE FROM `xingsom`.`ecs_sessions_data` WHERE expiry < 1479133090

DELETE FROM `xingsom`.`ecs_sessions` WHERE expiry < 1479133090

SELECT userid, adminid, user_name, user_rank, discount, email, data, expiry FROM `xingsom`.`ecs_sessions` WHERE sesskey = 'c28bb0faac83f67bd407cad73d71e99e'

SELECT code, value FROM `xingsom`.`ecs_shop_config` WHERE parent_id > 0

SELECT COUNT(*) FROM `xingsom`.`ecs_order_info` WHERE add_time >= '1479105906'

SELECT COUNT(*) FROM `xingsom`.`ecs_order_info` WHERE pay_time >= 1479105906

UPDATE `xingsom`.`ecs_sessions` SET expiry = '1479134890', ip = '60.253.168.66', userid = '0', adminid = '1', user_name='0', user_rank='0', discount='0', email='0', data = 'a:4:{s:10:\"admin_name\";s:5:\"admin\";s:11:\"action_list\";s:3:\"all\";s:10:\"last_check\";i:1479106090;s:12:\"suppliers_id\";s:1:\"0\";}' WHERE sesskey = 'c28bb0faac83f67bd407cad73d71e99e' LIMIT 1

DELETE FROM `xingsom`.`ecs_sessions_data` WHERE expiry < 1479133090

DELETE FROM `xingsom`.`ecs_sessions` WHERE expiry < 1479133090

SELECT userid, adminid, user_name, user_rank, discount, email, data, expiry FROM `xingsom`.`ecs_sessions` WHERE sesskey = 'c28bb0faac83f67bd407cad73d71e99e'

SELECT code, value FROM `xingsom`.`ecs_shop_config` WHERE parent_id > 0

SELECT COUNT(*) FROM `xingsom`.`ecs_order_info` WHERE add_time >= '1479106090'

SELECT COUNT(*) FROM `xingsom`.`ecs_order_info` WHERE pay_time >= 1479106090

UPDATE `xingsom`.`ecs_sessions` SET expiry = '1479135070', ip = '60.253.168.66', userid = '0', adminid = '1', user_name='0', user_rank='0', discount='0', email='0', data = 'a:4:{s:10:\"admin_name\";s:5:\"admin\";s:11:\"action_list\";s:3:\"all\";s:10:\"last_check\";i:1479106270;s:12:\"suppliers_id\";s:1:\"0\";}' WHERE sesskey = 'c28bb0faac83f67bd407cad73d71e99e' LIMIT 1

DELETE FROM `xingsom`.`ecs_sessions` WHERE expiry < 1479133270

SELECT userid, adminid, user_name, user_rank, discount, email, data, expiry FROM `xingsom`.`ecs_sessions` WHERE sesskey = 'c28bb0faac83f67bd407cad73d71e99e'

SELECT code, value FROM `xingsom`.`ecs_shop_config` WHERE parent_id > 0

SELECT COUNT(*) FROM `xingsom`.`ecs_order_info` WHERE add_time >= '1479106270'

SELECT COUNT(*) FROM `xingsom`.`ecs_order_info` WHERE pay_time >= 1479106270

UPDATE `xingsom`.`ecs_sessions` SET expiry = '1479135250', ip = '60.253.168.66', userid = '0', adminid = '1', user_name='0', user_rank='0', discount='0', email='0', data = 'a:4:{s:10:\"admin_name\";s:5:\"admin\";s:11:\"action_list\";s:3:\"all\";s:10:\"last_check\";i:1479106450;s:12:\"suppliers_id\";s:1:\"0\";}' WHERE sesskey = 'c28bb0faac83f67bd407cad73d71e99e' LIMIT 1

DELETE FROM `xingsom`.`ecs_sessions` WHERE expiry < 1479133450

SELECT userid, adminid, user_name, user_rank, discount, email, data, expiry FROM `xingsom`.`ecs_sessions` WHERE sesskey = 'c28bb0faac83f67bd407cad73d71e99e'

SELECT code, value FROM `xingsom`.`ecs_shop_config` WHERE parent_id > 0

SELECT COUNT(*) FROM `xingsom`.`ecs_order_info` WHERE add_time >= '1479106450'

SELECT COUNT(*) FROM `xingsom`.`ecs_order_info` WHERE pay_time >= 1479106450

UPDATE `xingsom`.`ecs_sessions` SET expiry = '1479135430', ip = '60.253.168.66', userid = '0', adminid = '1', user_name='0', user_rank='0', discount='0', email='0', data = 'a:4:{s:10:\"admin_name\";s:5:\"admin\";s:11:\"action_list\";s:3:\"all\";s:10:\"last_check\";i:1479106630;s:12:\"suppliers_id\";s:1:\"0\";}' WHERE sesskey = 'c28bb0faac83f67bd407cad73d71e99e' LIMIT 1

DELETE FROM `xingsom`.`ecs_sessions` WHERE expiry < 1479133630

SELECT userid, adminid, user_name, user_rank, discount, email, data, expiry FROM `xingsom`.`ecs_sessions` WHERE sesskey = 'c28bb0faac83f67bd407cad73d71e99e'

SELECT code, value FROM `xingsom`.`ecs_shop_config` WHERE parent_id > 0

SELECT COUNT(*) FROM `xingsom`.`ecs_order_info` WHERE add_time >= '1479106630'

SELECT COUNT(*) FROM `xingsom`.`ecs_order_info` WHERE pay_time >= 1479106630

UPDATE `xingsom`.`ecs_sessions` SET expiry = '1479135610', ip = '60.253.168.66', userid = '0', adminid = '1', user_name='0', user_rank='0', discount='0', email='0', data = 'a:4:{s:10:\"admin_name\";s:5:\"admin\";s:11:\"action_list\";s:3:\"all\";s:10:\"last_check\";i:1479106810;s:12:\"suppliers_id\";s:1:\"0\";}' WHERE sesskey = 'c28bb0faac83f67bd407cad73d71e99e' LIMIT 1

DELETE FROM `xingsom`.`ecs_sessions` WHERE expiry < 1479133810

