SELECT userid, adminid, user_name, user_rank, discount, email, data, expiry FROM `xingsom`.`ecs_sessions` WHERE sesskey = '55ee42761fab6640950ef3ed8ad79f87'

SELECT code, value FROM `xingsom`.`ecs_shop_config` WHERE parent_id > 0

UPDATE `xingsom`.`ecs_sessions` SET expiry = '1482735896', ip = '211.103.179.241', userid = '0', adminid = '1', user_name='0', user_rank='0', discount='0', email='0', data = 'a:4:{s:10:\"admin_name\";s:5:\"admin\";s:11:\"action_list\";s:3:\"all\";s:10:\"last_check\";i:1482706853;s:12:\"suppliers_id\";s:1:\"0\";}' WHERE sesskey = '55ee42761fab6640950ef3ed8ad79f87' LIMIT 1

DELETE FROM `xingsom`.`ecs_sessions_data` WHERE expiry < 1482734096

DELETE FROM `xingsom`.`ecs_sessions` WHERE expiry < 1482734096

SELECT userid, adminid, user_name, user_rank, discount, email, data, expiry FROM `xingsom`.`ecs_sessions` WHERE sesskey = '55ee42761fab6640950ef3ed8ad79f87'

SELECT code, value FROM `xingsom`.`ecs_shop_config` WHERE parent_id > 0

SELECT message_id, sender_id, receiver_id, sent_time, readed, deleted, title, message, user_name FROM `xingsom`.`ecs_admin_message` AS a, `xingsom`.`ecs_admin_user` AS b WHERE a.sender_id = b.user_id AND a.receiver_id = '1' AND a.readed = 0 AND deleted = 0 ORDER BY a.sent_time DESC

SELECT pay_id, is_cod FROM `xingsom`.`ecs_payment` WHERE enabled = 1

SELECT COUNT(*) FROM `xingsom`.`ecs_order_info` WHERE 1  AND order_status  IN ('1','5')  AND shipping_status  IN ('1','2')  AND pay_status  IN ('2','1')  

SELECT pay_id FROM `xingsom`.`ecs_payment` WHERE is_cod = 1

SELECT COUNT(*) FROM `xingsom`.`ecs_order_info` WHERE 1  AND   order_status  IN ('1','5','6')  AND   shipping_status  IN ('0','3','5')  AND ( pay_status  IN ('2','1')  OR pay_id  IN ('3') ) 

SELECT pay_id FROM `xingsom`.`ecs_payment` WHERE is_cod = 0

SELECT COUNT(*) FROM `xingsom`.`ecs_order_info` WHERE 1  AND   order_status  IN ('1','5')  AND   pay_status = '0' AND ( shipping_status  IN ('1','2')  OR pay_id  IN ('1','2','4','5') ) 

SELECT COUNT(*) FROM `xingsom`.`ecs_order_info` WHERE 1  AND order_status = '0' 

SELECT COUNT(*) FROM `xingsom`.`ecs_order_info` WHERE  shipping_status=4

SELECT COUNT(*) AS oCount, IFNULL(SUM(order_amount), 0) AS oAmount FROM `xingsom`.`ecs_order_info`

SELECT COUNT(*) FROM `xingsom`.`ecs_goods` WHERE is_delete = 0 AND is_alone_sale = 1 AND is_real = 1

SELECT COUNT(*) FROM `xingsom`.`ecs_goods` WHERE is_delete = 0 AND is_alone_sale = 1 AND is_real=0 AND extension_code='virtual_card'

SELECT COUNT(*) FROM `xingsom`.`ecs_goods` WHERE is_delete = 0 AND is_new = 1 AND is_real = 1

SELECT COUNT(*) FROM `xingsom`.`ecs_goods` WHERE is_delete = 0 AND is_new = 1 AND is_real=0 AND extension_code='virtual_card'

SELECT COUNT(*) FROM `xingsom`.`ecs_goods` WHERE is_delete = 0 AND is_best = 1 AND is_real = 1

SELECT COUNT(*) FROM `xingsom`.`ecs_goods` WHERE is_delete = 0 AND is_best = 1 AND is_real=0 AND extension_code='virtual_card'

SELECT COUNT(*) FROM `xingsom`.`ecs_goods` WHERE is_delete = 0 AND is_hot = 1 AND is_real = 1

SELECT COUNT(*) FROM `xingsom`.`ecs_goods` WHERE is_delete = 0 AND is_hot = 1 AND is_real=0 AND extension_code='virtual_card'

SELECT COUNT(*) FROM `xingsom`.`ecs_goods` WHERE is_delete = 0 AND promote_price>0 AND promote_start_date <= '1482707097' AND promote_end_date >= '1482707097' AND is_real = 1

SELECT COUNT(*) FROM `xingsom`.`ecs_goods` WHERE is_delete = 0 AND promote_price>0 AND promote_start_date <= '1482707097' AND promote_end_date >= '1482707097' AND is_real=0 AND extension_code='virtual_card'

SELECT COUNT(*) FROM `xingsom`.`ecs_goods` WHERE is_delete = 0 AND goods_number <= warn_number AND is_real = 1

SELECT COUNT(*) FROM `xingsom`.`ecs_goods` WHERE is_delete = 0 AND goods_number <= warn_number AND is_real=0 AND extension_code='virtual_card'

SELECT COUNT(*) FROM `xingsom`.`ecs_stats` WHERE access_time > 1482652800

SELECT count(*) FROM `xingsom`.`ecs_sessions`

SELECT COUNT(f.msg_id) FROM `xingsom`.`ecs_feedback` AS f LEFT JOIN `xingsom`.`ecs_feedback` AS r ON r.parent_id=f.msg_id WHERE f.parent_id=0 AND ISNULL(r.msg_id) 

SELECT COUNT(*) FROM `xingsom`.`ecs_comment` WHERE status = 0 AND parent_id = 0

SELECT COUNT(*) FROM `xingsom`.`ecs_booking_goods` WHERE is_dispose = 0

SELECT COUNT(*) FROM `xingsom`.`ecs_user_account` WHERE process_type = 1 AND is_paid = 0 

SELECT userid, adminid, user_name, user_rank, discount, email, data, expiry FROM `xingsom`.`ecs_sessions` WHERE sesskey = '55ee42761fab6640950ef3ed8ad79f87'

SELECT userid, adminid, user_name, user_rank, discount, email, data, expiry FROM `xingsom`.`ecs_sessions` WHERE sesskey = '55ee42761fab6640950ef3ed8ad79f87'

SELECT code, value FROM `xingsom`.`ecs_shop_config` WHERE parent_id > 0

SELECT code, value FROM `xingsom`.`ecs_shop_config` WHERE parent_id > 0

SELECT COUNT(*) AS oCount, IFNULL(SUM(order_amount), 0) AS oAmount FROM `xingsom`.`ecs_order_info`

SELECT COUNT(*) FROM `xingsom`.`ecs_goods` WHERE is_delete = 0 AND is_alone_sale = 1 AND is_real = 1

SELECT COUNT(*) FROM `xingsom`.`ecs_users`

SELECT value FROM `xingsom`.`ecs_shop_config` WHERE code = 'template'

SELECT value FROM `xingsom`.`ecs_shop_config` WHERE code = 'stylename'

SELECT userid, adminid, user_name, user_rank, discount, email, data, expiry FROM `xingsom`.`ecs_sessions` WHERE sesskey = '55ee42761fab6640950ef3ed8ad79f87'

SELECT code, value FROM `xingsom`.`ecs_shop_config` WHERE parent_id > 0

SELECT userid, adminid, user_name, user_rank, discount, email, data, expiry FROM `xingsom`.`ecs_sessions` WHERE sesskey = '55ee42761fab6640950ef3ed8ad79f87'

SELECT userid, adminid, user_name, user_rank, discount, email, data, expiry FROM `xingsom`.`ecs_sessions` WHERE sesskey = '55ee42761fab6640950ef3ed8ad79f87'

SELECT code, value FROM `xingsom`.`ecs_shop_config` WHERE parent_id > 0

SELECT code, value FROM `xingsom`.`ecs_shop_config` WHERE parent_id > 0

SELECT COUNT(*) AS oCount, IFNULL(SUM(order_amount), 0) AS oAmount FROM `xingsom`.`ecs_order_info`

SELECT COUNT(*) FROM `xingsom`.`ecs_goods` WHERE is_delete = 0 AND is_alone_sale = 1 AND is_real = 1

SELECT COUNT(*) FROM `xingsom`.`ecs_users`

SELECT value FROM `xingsom`.`ecs_shop_config` WHERE code = 'template'

SELECT value FROM `xingsom`.`ecs_shop_config` WHERE code = 'stylename'

SELECT userid, adminid, user_name, user_rank, discount, email, data, expiry FROM `xingsom`.`ecs_sessions` WHERE sesskey = '55ee42761fab6640950ef3ed8ad79f87'

SELECT code, value FROM `xingsom`.`ecs_shop_config` WHERE parent_id > 0

SELECT suppliers_id, suppliers_name, suppliers_desc
            FROM `xingsom`.`ecs_suppliers`
            WHERE  is_check = 1 

SELECT c.cat_id, c.cat_name, c.measure_unit, c.parent_id, c.is_show, c.show_in_nav, c.grade, c.sort_order, COUNT(s.cat_id) AS has_children FROM `xingsom`.`ecs_category` AS c LEFT JOIN `xingsom`.`ecs_category` AS s ON s.parent_id=c.cat_id GROUP BY c.cat_id ORDER BY c.parent_id, c.sort_order ASC

SELECT cat_id, COUNT(*) AS goods_num  FROM `xingsom`.`ecs_goods` WHERE is_delete = 0 AND is_on_sale = 1  GROUP BY cat_id

SELECT gc.cat_id, COUNT(*) AS goods_num  FROM `xingsom`.`ecs_goods_cat` AS gc , `xingsom`.`ecs_goods` AS g  WHERE g.goods_id = gc.goods_id AND g.is_delete = 0 AND g.is_on_sale = 1  GROUP BY gc.cat_id

SELECT brand_id, brand_name FROM `xingsom`.`ecs_brand` ORDER BY sort_order

SELECT suppliers_id, suppliers_name, suppliers_desc
            FROM `xingsom`.`ecs_suppliers`
            WHERE  is_check = 1 

SELECT COUNT(*) FROM `xingsom`.`ecs_goods` AS g WHERE is_delete='0'  AND is_real='1'

SELECT goods_id, goods_name, goods_type, goods_sn, shop_price, is_on_sale, is_best, is_new, is_hot, sort_order, goods_number, integral,  (promote_price > 0 AND promote_start_date <= '1482739199' AND promote_end_date >= '1482739199') AS is_promote  FROM `xingsom`.`ecs_goods` AS g WHERE is_delete='0'  AND is_real='1' ORDER BY goods_id DESC  LIMIT 0,15

SELECT DISTINCT cat_id
            FROM `xingsom`.`ecs_attribute`
            WHERE attr_type = 1

UPDATE `xingsom`.`ecs_sessions` SET expiry = '1482735914', ip = '211.103.179.241', userid = '0', adminid = '1', user_name='0', user_rank='0', discount='0', email='0', data = 'a:4:{s:10:\"admin_name\";s:5:\"admin\";s:11:\"action_list\";s:3:\"all\";s:10:\"last_check\";i:1482706853;s:12:\"suppliers_id\";s:1:\"0\";}' WHERE sesskey = '55ee42761fab6640950ef3ed8ad79f87' LIMIT 1

DELETE FROM `xingsom`.`ecs_sessions` WHERE expiry < 1482734114

SELECT userid, adminid, user_name, user_rank, discount, email, data, expiry FROM `xingsom`.`ecs_sessions` WHERE sesskey = '55ee42761fab6640950ef3ed8ad79f87'

SELECT code, value FROM `xingsom`.`ecs_shop_config` WHERE parent_id > 0

SELECT COUNT(*) FROM `xingsom`.`ecs_order_info` WHERE add_time >= '1482706853'

SELECT COUNT(*) FROM `xingsom`.`ecs_order_info` WHERE pay_time >= 1482706853

UPDATE `xingsom`.`ecs_sessions` SET expiry = '1482735915', ip = '211.103.179.241', userid = '0', adminid = '1', user_name='0', user_rank='0', discount='0', email='0', data = 'a:4:{s:10:\"admin_name\";s:5:\"admin\";s:11:\"action_list\";s:3:\"all\";s:10:\"last_check\";i:1482707115;s:12:\"suppliers_id\";s:1:\"0\";}' WHERE sesskey = '55ee42761fab6640950ef3ed8ad79f87' LIMIT 1

SELECT userid, adminid, user_name, user_rank, discount, email, data, expiry FROM `xingsom`.`ecs_sessions` WHERE sesskey = '55ee42761fab6640950ef3ed8ad79f87'

SELECT code, value FROM `xingsom`.`ecs_shop_config` WHERE parent_id > 0

SELECT suppliers_id, suppliers_name, suppliers_desc
            FROM `xingsom`.`ecs_suppliers`
            WHERE  is_check = 1 

SELECT * FROM `xingsom`.`ecs_goods` WHERE goods_id = '333'

SELECT DISTINCT cat_id
            FROM `xingsom`.`ecs_attribute`
            WHERE attr_type = 1

SELECT g.goods_attr_id, g.attr_value, g.attr_id, a.attr_name
            FROM `xingsom`.`ecs_goods_attr` AS g
                LEFT JOIN `xingsom`.`ecs_attribute` AS a
                    ON a.attr_id = g.attr_id
            WHERE goods_id = '333'
            AND a.attr_type = 1
            ORDER BY g.attr_id ASC

SELECT cat_id FROM `xingsom`.`ecs_goods_cat` WHERE goods_id = '333'

SELECT lg.link_goods_id AS goods_id, g.goods_name, lg.is_double FROM `xingsom`.`ecs_link_goods` AS lg, `xingsom`.`ecs_goods` AS g WHERE lg.goods_id = '333' AND lg.link_goods_id = g.goods_id 

SELECT gg.goods_id, CONCAT(g.goods_name, ' -- [', gg.goods_price, ']') AS goods_name FROM `xingsom`.`ecs_group_goods` AS gg, `xingsom`.`ecs_goods` AS g WHERE gg.parent_id = '333' AND gg.goods_id = g.goods_id 

SELECT g.article_id, a.title FROM `xingsom`.`ecs_goods_article` AS g, `xingsom`.`ecs_article` AS a WHERE g.goods_id = '333' AND g.article_id = a.article_id 

SELECT * FROM `xingsom`.`ecs_goods_gallery` WHERE goods_id = '333'

SELECT c.cat_id, c.cat_name, c.measure_unit, c.parent_id, c.is_show, c.show_in_nav, c.grade, c.sort_order, COUNT(s.cat_id) AS has_children FROM `xingsom`.`ecs_category` AS c LEFT JOIN `xingsom`.`ecs_category` AS s ON s.parent_id=c.cat_id GROUP BY c.cat_id ORDER BY c.parent_id, c.sort_order ASC

SELECT cat_id, COUNT(*) AS goods_num  FROM `xingsom`.`ecs_goods` WHERE is_delete = 0 AND is_on_sale = 1  GROUP BY cat_id

SELECT gc.cat_id, COUNT(*) AS goods_num  FROM `xingsom`.`ecs_goods_cat` AS gc , `xingsom`.`ecs_goods` AS g  WHERE g.goods_id = gc.goods_id AND g.is_delete = 0 AND g.is_on_sale = 1  GROUP BY gc.cat_id

SELECT brand_id, brand_name FROM `xingsom`.`ecs_brand` ORDER BY sort_order

SELECT * FROM `xingsom`.`ecs_user_rank` ORDER BY min_points

SELECT user_rank, user_price FROM `xingsom`.`ecs_member_price` WHERE goods_id = '333'

SELECT cat_id, cat_name FROM `xingsom`.`ecs_goods_type` WHERE enabled = 1

SELECT `volume_number` , `volume_price` FROM `xingsom`.`ecs_volume_price` WHERE `goods_id` = '333' AND `price_type` = '1' ORDER BY `volume_number`

DELETE FROM `xingsom`.`ecs_sessions_data` WHERE expiry < 1482734124

DELETE FROM `xingsom`.`ecs_sessions` WHERE expiry < 1482734124

SELECT userid, adminid, user_name, user_rank, discount, email, data, expiry FROM `xingsom`.`ecs_sessions` WHERE sesskey = '55ee42761fab6640950ef3ed8ad79f87'

SELECT code, value FROM `xingsom`.`ecs_shop_config` WHERE parent_id > 0

DELETE FROM `xingsom`.`ecs_cart` WHERE session_id = '55ee42761fab6640950ef3ed8ad79f87'

DELETE FROM `xingsom`.`ecs_sessions_data` WHERE sesskey = '55ee42761fab6640950ef3ed8ad79f87' LIMIT 1

DELETE FROM `xingsom`.`ecs_sessions` WHERE sesskey = '55ee42761fab6640950ef3ed8ad79f87' LIMIT 1

UPDATE `xingsom`.`ecs_sessions` SET expiry = '1482735937', ip = '211.103.179.241', userid = '0', adminid = '0', user_name='0', user_rank='0', discount='0', email='0', data = 'a:0:{}' WHERE sesskey = '55ee42761fab6640950ef3ed8ad79f87' LIMIT 1

DELETE FROM `xingsom`.`ecs_sessions_data` WHERE expiry < 1482734137

SELECT userid, adminid, user_name, user_rank, discount, email, data, expiry FROM `xingsom`.`ecs_sessions` WHERE sesskey = 'c7e2f1b6f9f14bdb375ac3034cb9afbf'

SELECT code, value FROM `xingsom`.`ecs_shop_config` WHERE parent_id > 0

UPDATE `xingsom`.`ecs_sessions` SET expiry = '1482736762', ip = '211.103.179.241', userid = '0', adminid = '0', user_name='0', user_rank='0', discount='0', email='0', data = 'a:0:{}' WHERE sesskey = 'c7e2f1b6f9f14bdb375ac3034cb9afbf' LIMIT 1

DELETE FROM `xingsom`.`ecs_sessions` WHERE expiry < 1482734962

SELECT userid, adminid, user_name, user_rank, discount, email, data, expiry FROM `xingsom`.`ecs_sessions` WHERE sesskey = 'c7e2f1b6f9f14bdb375ac3034cb9afbf'

SELECT code, value FROM `xingsom`.`ecs_shop_config` WHERE parent_id > 0

DELETE FROM `xingsom`.`ecs_sessions` WHERE expiry < 1482734962

INSERT INTO `xingsom`.`ecs_sessions` (sesskey, expiry, ip, data) VALUES ('bfef22a2bc9a9d662b733d44a9268a1f', '1482736772', '183.62.115.143', 'a:0:{}')

SELECT code, value FROM `xingsom`.`ecs_shop_config` WHERE parent_id > 0

UPDATE `xingsom`.`ecs_sessions` SET expiry = '1482736772', ip = '183.62.115.143', userid = '0', adminid = '0', user_name='0', user_rank='0', discount='0', email='0', data = 'a:0:{}' WHERE sesskey = 'bfef22a2bc9a9d662b733d44a9268a1f' LIMIT 1

DELETE FROM `xingsom`.`ecs_sessions` WHERE expiry < 1482734972

SELECT userid, adminid, user_name, user_rank, discount, email, data, expiry FROM `xingsom`.`ecs_sessions` WHERE sesskey = 'c7e2f1b6f9f14bdb375ac3034cb9afbf'

SELECT code, value FROM `xingsom`.`ecs_shop_config` WHERE parent_id > 0

SELECT `ec_salt` FROM `xingsom`.`ecs_admin_user`WHERE user_name = 'admin'

SELECT user_id, user_name, password, last_login, action_list, last_login,suppliers_id,ec_salt FROM `xingsom`.`ecs_admin_user` WHERE user_name = 'admin' AND password = 'a43aadd7bf250b41d59d02f310f30589'

UPDATE `xingsom`.`ecs_admin_user` SET last_login='1482707975', last_ip='211.103.179.241' WHERE user_id='1'

SELECT DISTINCT session_id FROM `xingsom`.`ecs_cart` AS c, `xingsom`.`ecs_sessions` AS s WHERE c.session_id = s.sesskey 

DELETE FROM `xingsom`.`ecs_cart` WHERE session_id NOT  IN ('') 

UPDATE `xingsom`.`ecs_sessions` SET expiry = '1482736775', ip = '211.103.179.241', userid = '0', adminid = '1', user_name='0', user_rank='0', discount='0', email='0', data = 'a:4:{s:10:\"admin_name\";s:5:\"admin\";s:11:\"action_list\";s:3:\"all\";s:10:\"last_check\";s:10:\"1482706852\";s:12:\"suppliers_id\";s:1:\"0\";}' WHERE sesskey = 'c7e2f1b6f9f14bdb375ac3034cb9afbf' LIMIT 1

DELETE FROM `xingsom`.`ecs_sessions_data` WHERE expiry < 1482734975

SELECT userid, adminid, user_name, user_rank, discount, email, data, expiry FROM `xingsom`.`ecs_sessions` WHERE sesskey = 'c7e2f1b6f9f14bdb375ac3034cb9afbf'

SELECT code, value FROM `xingsom`.`ecs_shop_config` WHERE parent_id > 0

SELECT userid, adminid, user_name, user_rank, discount, email, data, expiry FROM `xingsom`.`ecs_sessions` WHERE sesskey = 'c7e2f1b6f9f14bdb375ac3034cb9afbf'

SELECT code, value FROM `xingsom`.`ecs_shop_config` WHERE parent_id > 0

SELECT message_id, sender_id, receiver_id, sent_time, readed, deleted, title, message, user_name FROM `xingsom`.`ecs_admin_message` AS a, `xingsom`.`ecs_admin_user` AS b WHERE a.sender_id = b.user_id AND a.receiver_id = '1' AND a.readed = 0 AND deleted = 0 ORDER BY a.sent_time DESC

SELECT pay_id, is_cod FROM `xingsom`.`ecs_payment` WHERE enabled = 1

SELECT COUNT(*) FROM `xingsom`.`ecs_order_info` WHERE 1  AND order_status  IN ('1','5')  AND shipping_status  IN ('1','2')  AND pay_status  IN ('2','1')  

SELECT pay_id FROM `xingsom`.`ecs_payment` WHERE is_cod = 1

SELECT COUNT(*) FROM `xingsom`.`ecs_order_info` WHERE 1  AND   order_status  IN ('1','5','6')  AND   shipping_status  IN ('0','3','5')  AND ( pay_status  IN ('2','1')  OR pay_id  IN ('3') ) 

SELECT pay_id FROM `xingsom`.`ecs_payment` WHERE is_cod = 0

SELECT COUNT(*) FROM `xingsom`.`ecs_order_info` WHERE 1  AND   order_status  IN ('1','5')  AND   pay_status = '0' AND ( shipping_status  IN ('1','2')  OR pay_id  IN ('1','2','4','5') ) 

SELECT COUNT(*) FROM `xingsom`.`ecs_order_info` WHERE 1  AND order_status = '0' 

SELECT COUNT(*) FROM `xingsom`.`ecs_order_info` WHERE  shipping_status=4

SELECT COUNT(*) AS oCount, IFNULL(SUM(order_amount), 0) AS oAmount FROM `xingsom`.`ecs_order_info`

SELECT COUNT(*) FROM `xingsom`.`ecs_goods` WHERE is_delete = 0 AND is_alone_sale = 1 AND is_real = 1

SELECT COUNT(*) FROM `xingsom`.`ecs_goods` WHERE is_delete = 0 AND is_alone_sale = 1 AND is_real=0 AND extension_code='virtual_card'

SELECT COUNT(*) FROM `xingsom`.`ecs_goods` WHERE is_delete = 0 AND is_new = 1 AND is_real = 1

SELECT COUNT(*) FROM `xingsom`.`ecs_goods` WHERE is_delete = 0 AND is_new = 1 AND is_real=0 AND extension_code='virtual_card'

SELECT COUNT(*) FROM `xingsom`.`ecs_goods` WHERE is_delete = 0 AND is_best = 1 AND is_real = 1

SELECT COUNT(*) FROM `xingsom`.`ecs_goods` WHERE is_delete = 0 AND is_best = 1 AND is_real=0 AND extension_code='virtual_card'

SELECT COUNT(*) FROM `xingsom`.`ecs_goods` WHERE is_delete = 0 AND is_hot = 1 AND is_real = 1

SELECT COUNT(*) FROM `xingsom`.`ecs_goods` WHERE is_delete = 0 AND is_hot = 1 AND is_real=0 AND extension_code='virtual_card'

SELECT COUNT(*) FROM `xingsom`.`ecs_goods` WHERE is_delete = 0 AND promote_price>0 AND promote_start_date <= '1482707976' AND promote_end_date >= '1482707976' AND is_real = 1

SELECT COUNT(*) FROM `xingsom`.`ecs_goods` WHERE is_delete = 0 AND promote_price>0 AND promote_start_date <= '1482707976' AND promote_end_date >= '1482707976' AND is_real=0 AND extension_code='virtual_card'

SELECT COUNT(*) FROM `xingsom`.`ecs_goods` WHERE is_delete = 0 AND goods_number <= warn_number AND is_real = 1

SELECT COUNT(*) FROM `xingsom`.`ecs_goods` WHERE is_delete = 0 AND goods_number <= warn_number AND is_real=0 AND extension_code='virtual_card'

SELECT COUNT(*) FROM `xingsom`.`ecs_stats` WHERE access_time > 1482652800

SELECT count(*) FROM `xingsom`.`ecs_sessions`

SELECT COUNT(f.msg_id) FROM `xingsom`.`ecs_feedback` AS f LEFT JOIN `xingsom`.`ecs_feedback` AS r ON r.parent_id=f.msg_id WHERE f.parent_id=0 AND ISNULL(r.msg_id) 

SELECT COUNT(*) FROM `xingsom`.`ecs_comment` WHERE status = 0 AND parent_id = 0

SELECT COUNT(*) FROM `xingsom`.`ecs_booking_goods` WHERE is_dispose = 0

SELECT COUNT(*) FROM `xingsom`.`ecs_user_account` WHERE process_type = 1 AND is_paid = 0 

DELETE FROM `xingsom`.`ecs_sessions_data` WHERE expiry < 1482734976

DELETE FROM `xingsom`.`ecs_sessions` WHERE expiry < 1482734976

SELECT userid, adminid, user_name, user_rank, discount, email, data, expiry FROM `xingsom`.`ecs_sessions` WHERE sesskey = 'c7e2f1b6f9f14bdb375ac3034cb9afbf'

SELECT code, value FROM `xingsom`.`ecs_shop_config` WHERE parent_id > 0

SELECT userid, adminid, user_name, user_rank, discount, email, data, expiry FROM `xingsom`.`ecs_sessions` WHERE sesskey = 'c7e2f1b6f9f14bdb375ac3034cb9afbf'

SELECT code, value FROM `xingsom`.`ecs_shop_config` WHERE parent_id > 0

SELECT COUNT(*) AS oCount, IFNULL(SUM(order_amount), 0) AS oAmount FROM `xingsom`.`ecs_order_info`

SELECT COUNT(*) FROM `xingsom`.`ecs_goods` WHERE is_delete = 0 AND is_alone_sale = 1 AND is_real = 1

SELECT COUNT(*) FROM `xingsom`.`ecs_users`

SELECT value FROM `xingsom`.`ecs_shop_config` WHERE code = 'template'

SELECT value FROM `xingsom`.`ecs_shop_config` WHERE code = 'stylename'

DELETE FROM `xingsom`.`ecs_sessions` WHERE expiry < 1482734976

DELETE FROM `xingsom`.`ecs_sessions_data` WHERE expiry < 1482734976

DELETE FROM `xingsom`.`ecs_sessions` WHERE expiry < 1482734976

INSERT INTO `xingsom`.`ecs_sessions` (sesskey, expiry, ip, data) VALUES ('8efd8605e1dc96cbb75ce94fb657bd3d', '1482736783', '101.226.65.108', 'a:0:{}')

SELECT code, value FROM `xingsom`.`ecs_shop_config` WHERE parent_id > 0

UPDATE `xingsom`.`ecs_sessions` SET expiry = '1482736783', ip = '101.226.65.108', userid = '0', adminid = '0', user_name='0', user_rank='0', discount='0', email='0', data = 'a:0:{}' WHERE sesskey = '8efd8605e1dc96cbb75ce94fb657bd3d' LIMIT 1

DELETE FROM `xingsom`.`ecs_sessions_data` WHERE expiry < 1482734983

INSERT INTO `xingsom`.`ecs_sessions` (sesskey, expiry, ip, data) VALUES ('b88dd1bf9d80776ef79bc453a1fb8a99', '1482743660', '218.75.175.17', 'a:0:{}')

SELECT code, value FROM `xingsom`.`ecs_shop_config` WHERE parent_id > 0

UPDATE `xingsom`.`ecs_sessions` SET expiry = '1482743660', ip = '218.75.175.17', userid = '0', adminid = '0', user_name='0', user_rank='0', discount='0', email='0', data = 'a:0:{}' WHERE sesskey = 'b88dd1bf9d80776ef79bc453a1fb8a99' LIMIT 1

DELETE FROM `xingsom`.`ecs_sessions` WHERE expiry < 1482741860

SELECT userid, adminid, user_name, user_rank, discount, email, data, expiry FROM `xingsom`.`ecs_sessions` WHERE sesskey = 'b88dd1bf9d80776ef79bc453a1fb8a99'

SELECT code, value FROM `xingsom`.`ecs_shop_config` WHERE parent_id > 0

SELECT `ec_salt` FROM `xingsom`.`ecs_admin_user`WHERE user_name = 'admin'

SELECT user_id, user_name, password, last_login, action_list, last_login,suppliers_id,ec_salt FROM `xingsom`.`ecs_admin_user` WHERE user_name = 'admin' AND password = 'a43aadd7bf250b41d59d02f310f30589'

UPDATE `xingsom`.`ecs_admin_user` SET last_login='1482714988', last_ip='218.75.175.17' WHERE user_id='1'

SELECT DISTINCT session_id FROM `xingsom`.`ecs_cart` AS c, `xingsom`.`ecs_sessions` AS s WHERE c.session_id = s.sesskey 

DELETE FROM `xingsom`.`ecs_cart` WHERE session_id NOT  IN ('') 

UPDATE `xingsom`.`ecs_sessions` SET expiry = '1482743788', ip = '218.75.175.17', userid = '0', adminid = '1', user_name='0', user_rank='0', discount='0', email='0', data = 'a:4:{s:10:\"admin_name\";s:5:\"admin\";s:11:\"action_list\";s:3:\"all\";s:10:\"last_check\";s:10:\"1482712647\";s:12:\"suppliers_id\";s:1:\"0\";}' WHERE sesskey = 'b88dd1bf9d80776ef79bc453a1fb8a99' LIMIT 1

DELETE FROM `xingsom`.`ecs_sessions_data` WHERE expiry < 1482741988

DELETE FROM `xingsom`.`ecs_sessions` WHERE expiry < 1482741988

SELECT userid, adminid, user_name, user_rank, discount, email, data, expiry FROM `xingsom`.`ecs_sessions` WHERE sesskey = 'b88dd1bf9d80776ef79bc453a1fb8a99'

SELECT code, value FROM `xingsom`.`ecs_shop_config` WHERE parent_id > 0

DELETE FROM `xingsom`.`ecs_sessions_data` WHERE expiry < 1482741988

DELETE FROM `xingsom`.`ecs_sessions` WHERE expiry < 1482741988

SELECT userid, adminid, user_name, user_rank, discount, email, data, expiry FROM `xingsom`.`ecs_sessions` WHERE sesskey = 'b88dd1bf9d80776ef79bc453a1fb8a99'

SELECT code, value FROM `xingsom`.`ecs_shop_config` WHERE parent_id > 0

SELECT message_id, sender_id, receiver_id, sent_time, readed, deleted, title, message, user_name FROM `xingsom`.`ecs_admin_message` AS a, `xingsom`.`ecs_admin_user` AS b WHERE a.sender_id = b.user_id AND a.receiver_id = '1' AND a.readed = 0 AND deleted = 0 ORDER BY a.sent_time DESC

SELECT pay_id, is_cod FROM `xingsom`.`ecs_payment` WHERE enabled = 1

SELECT COUNT(*) FROM `xingsom`.`ecs_order_info` WHERE 1  AND order_status  IN ('1','5')  AND shipping_status  IN ('1','2')  AND pay_status  IN ('2','1')  

SELECT pay_id FROM `xingsom`.`ecs_payment` WHERE is_cod = 1

SELECT COUNT(*) FROM `xingsom`.`ecs_order_info` WHERE 1  AND   order_status  IN ('1','5','6')  AND   shipping_status  IN ('0','3','5')  AND ( pay_status  IN ('2','1')  OR pay_id  IN ('3') ) 

SELECT pay_id FROM `xingsom`.`ecs_payment` WHERE is_cod = 0

SELECT COUNT(*) FROM `xingsom`.`ecs_order_info` WHERE 1  AND   order_status  IN ('1','5')  AND   pay_status = '0' AND ( shipping_status  IN ('1','2')  OR pay_id  IN ('1','2','4','5') ) 

SELECT COUNT(*) FROM `xingsom`.`ecs_order_info` WHERE 1  AND order_status = '0' 

SELECT COUNT(*) FROM `xingsom`.`ecs_order_info` WHERE  shipping_status=4

SELECT COUNT(*) AS oCount, IFNULL(SUM(order_amount), 0) AS oAmount FROM `xingsom`.`ecs_order_info`

SELECT COUNT(*) FROM `xingsom`.`ecs_goods` WHERE is_delete = 0 AND is_alone_sale = 1 AND is_real = 1

SELECT COUNT(*) FROM `xingsom`.`ecs_goods` WHERE is_delete = 0 AND is_alone_sale = 1 AND is_real=0 AND extension_code='virtual_card'

SELECT COUNT(*) FROM `xingsom`.`ecs_goods` WHERE is_delete = 0 AND is_new = 1 AND is_real = 1

SELECT COUNT(*) FROM `xingsom`.`ecs_goods` WHERE is_delete = 0 AND is_new = 1 AND is_real=0 AND extension_code='virtual_card'

SELECT COUNT(*) FROM `xingsom`.`ecs_goods` WHERE is_delete = 0 AND is_best = 1 AND is_real = 1

SELECT COUNT(*) FROM `xingsom`.`ecs_goods` WHERE is_delete = 0 AND is_best = 1 AND is_real=0 AND extension_code='virtual_card'

SELECT COUNT(*) FROM `xingsom`.`ecs_goods` WHERE is_delete = 0 AND is_hot = 1 AND is_real = 1

SELECT COUNT(*) FROM `xingsom`.`ecs_goods` WHERE is_delete = 0 AND is_hot = 1 AND is_real=0 AND extension_code='virtual_card'

SELECT COUNT(*) FROM `xingsom`.`ecs_goods` WHERE is_delete = 0 AND promote_price>0 AND promote_start_date <= '1482714989' AND promote_end_date >= '1482714989' AND is_real = 1

SELECT COUNT(*) FROM `xingsom`.`ecs_goods` WHERE is_delete = 0 AND promote_price>0 AND promote_start_date <= '1482714989' AND promote_end_date >= '1482714989' AND is_real=0 AND extension_code='virtual_card'

SELECT COUNT(*) FROM `xingsom`.`ecs_goods` WHERE is_delete = 0 AND goods_number <= warn_number AND is_real = 1

SELECT COUNT(*) FROM `xingsom`.`ecs_goods` WHERE is_delete = 0 AND goods_number <= warn_number AND is_real=0 AND extension_code='virtual_card'

SELECT COUNT(*) FROM `xingsom`.`ecs_stats` WHERE access_time > 1482652800

SELECT count(*) FROM `xingsom`.`ecs_sessions`

SELECT COUNT(f.msg_id) FROM `xingsom`.`ecs_feedback` AS f LEFT JOIN `xingsom`.`ecs_feedback` AS r ON r.parent_id=f.msg_id WHERE f.parent_id=0 AND ISNULL(r.msg_id) 

SELECT COUNT(*) FROM `xingsom`.`ecs_comment` WHERE status = 0 AND parent_id = 0

SELECT COUNT(*) FROM `xingsom`.`ecs_booking_goods` WHERE is_dispose = 0

SELECT COUNT(*) FROM `xingsom`.`ecs_user_account` WHERE process_type = 1 AND is_paid = 0 

SELECT userid, adminid, user_name, user_rank, discount, email, data, expiry FROM `xingsom`.`ecs_sessions` WHERE sesskey = 'b88dd1bf9d80776ef79bc453a1fb8a99'

SELECT code, value FROM `xingsom`.`ecs_shop_config` WHERE parent_id > 0

SELECT userid, adminid, user_name, user_rank, discount, email, data, expiry FROM `xingsom`.`ecs_sessions` WHERE sesskey = 'b88dd1bf9d80776ef79bc453a1fb8a99'

SELECT code, value FROM `xingsom`.`ecs_shop_config` WHERE parent_id > 0

SELECT COUNT(*) AS oCount, IFNULL(SUM(order_amount), 0) AS oAmount FROM `xingsom`.`ecs_order_info`

SELECT COUNT(*) FROM `xingsom`.`ecs_goods` WHERE is_delete = 0 AND is_alone_sale = 1 AND is_real = 1

SELECT COUNT(*) FROM `xingsom`.`ecs_users`

SELECT value FROM `xingsom`.`ecs_shop_config` WHERE code = 'template'

SELECT value FROM `xingsom`.`ecs_shop_config` WHERE code = 'stylename'

DELETE FROM `xingsom`.`ecs_sessions` WHERE expiry < 1482741990

SELECT userid, adminid, user_name, user_rank, discount, email, data, expiry FROM `xingsom`.`ecs_sessions` WHERE sesskey = 'b88dd1bf9d80776ef79bc453a1fb8a99'

SELECT code, value FROM `xingsom`.`ecs_shop_config` WHERE parent_id > 0

UPDATE `xingsom`.`ecs_sessions` SET expiry = '1482743931', ip = '218.75.175.17', userid = '0', adminid = '1', user_name='0', user_rank='0', discount='0', email='0', data = 'a:4:{s:10:\"admin_name\";s:5:\"admin\";s:11:\"action_list\";s:3:\"all\";s:10:\"last_check\";s:10:\"1482712647\";s:12:\"suppliers_id\";s:1:\"0\";}' WHERE sesskey = 'b88dd1bf9d80776ef79bc453a1fb8a99' LIMIT 1

SELECT userid, adminid, user_name, user_rank, discount, email, data, expiry FROM `xingsom`.`ecs_sessions` WHERE sesskey = 'b88dd1bf9d80776ef79bc453a1fb8a99'

SELECT code, value FROM `xingsom`.`ecs_shop_config` WHERE parent_id > 0

DELETE FROM `xingsom`.`ecs_sessions` WHERE expiry < 1482742252

SELECT userid, adminid, user_name, user_rank, discount, email, data, expiry FROM `xingsom`.`ecs_sessions` WHERE sesskey = 'b88dd1bf9d80776ef79bc453a1fb8a99'

SELECT code, value FROM `xingsom`.`ecs_shop_config` WHERE parent_id > 0

DELETE FROM `xingsom`.`ecs_sessions_data` WHERE expiry < 1482742345

SELECT userid, adminid, user_name, user_rank, discount, email, data, expiry FROM `xingsom`.`ecs_sessions` WHERE sesskey = 'b88dd1bf9d80776ef79bc453a1fb8a99'

SELECT code, value FROM `xingsom`.`ecs_shop_config` WHERE parent_id > 0

DELETE FROM `xingsom`.`ecs_sessions` WHERE expiry < 1482742348

SELECT userid, adminid, user_name, user_rank, discount, email, data, expiry FROM `xingsom`.`ecs_sessions` WHERE sesskey = 'b88dd1bf9d80776ef79bc453a1fb8a99'

SELECT code, value FROM `xingsom`.`ecs_shop_config` WHERE parent_id > 0

SELECT userid, adminid, user_name, user_rank, discount, email, data, expiry FROM `xingsom`.`ecs_sessions` WHERE sesskey = 'b88dd1bf9d80776ef79bc453a1fb8a99'

SELECT code, value FROM `xingsom`.`ecs_shop_config` WHERE parent_id > 0

DELETE FROM `xingsom`.`ecs_sessions` WHERE expiry < 1482742388

SELECT userid, adminid, user_name, user_rank, discount, email, data, expiry FROM `xingsom`.`ecs_sessions` WHERE sesskey = 'b88dd1bf9d80776ef79bc453a1fb8a99'

SELECT code, value FROM `xingsom`.`ecs_shop_config` WHERE parent_id > 0

DELETE FROM `xingsom`.`ecs_sessions_data` WHERE expiry < 1482742389

SELECT userid, adminid, user_name, user_rank, discount, email, data, expiry FROM `xingsom`.`ecs_sessions` WHERE sesskey = 'b88dd1bf9d80776ef79bc453a1fb8a99'

SELECT code, value FROM `xingsom`.`ecs_shop_config` WHERE parent_id > 0

SELECT userid, adminid, user_name, user_rank, discount, email, data, expiry FROM `xingsom`.`ecs_sessions` WHERE sesskey = 'b88dd1bf9d80776ef79bc453a1fb8a99'

SELECT code, value FROM `xingsom`.`ecs_shop_config` WHERE parent_id > 0

DELETE FROM `xingsom`.`ecs_sessions_data` WHERE expiry < 1482742892

DELETE FROM `xingsom`.`ecs_sessions` WHERE expiry < 1482742892

SELECT userid, adminid, user_name, user_rank, discount, email, data, expiry FROM `xingsom`.`ecs_sessions` WHERE sesskey = 'b88dd1bf9d80776ef79bc453a1fb8a99'

SELECT code, value FROM `xingsom`.`ecs_shop_config` WHERE parent_id > 0

SELECT userid, adminid, user_name, user_rank, discount, email, data, expiry FROM `xingsom`.`ecs_sessions` WHERE sesskey = 'b88dd1bf9d80776ef79bc453a1fb8a99'

SELECT code, value FROM `xingsom`.`ecs_shop_config` WHERE parent_id > 0

UPDATE `xingsom`.`ecs_sessions` SET expiry = '1482746160', ip = '218.75.175.17', userid = '0', adminid = '1', user_name='0', user_rank='0', discount='0', email='0', data = 'a:4:{s:10:\"admin_name\";s:5:\"admin\";s:11:\"action_list\";s:3:\"all\";s:10:\"last_check\";s:10:\"1482712647\";s:12:\"suppliers_id\";s:1:\"0\";}' WHERE sesskey = 'b88dd1bf9d80776ef79bc453a1fb8a99' LIMIT 1

DELETE FROM `xingsom`.`ecs_sessions_data` WHERE expiry < 1482744360

DELETE FROM `xingsom`.`ecs_sessions` WHERE expiry < 1482744360

SELECT userid, adminid, user_name, user_rank, discount, email, data, expiry FROM `xingsom`.`ecs_sessions` WHERE sesskey = 'b88dd1bf9d80776ef79bc453a1fb8a99'

SELECT code, value FROM `xingsom`.`ecs_shop_config` WHERE parent_id > 0

SELECT userid, adminid, user_name, user_rank, discount, email, data, expiry FROM `xingsom`.`ecs_sessions` WHERE sesskey = 'b88dd1bf9d80776ef79bc453a1fb8a99'

SELECT code, value FROM `xingsom`.`ecs_shop_config` WHERE parent_id > 0

DELETE FROM `xingsom`.`ecs_sessions_data` WHERE expiry < 1482744952

DELETE FROM `xingsom`.`ecs_sessions` WHERE expiry < 1482744952

SELECT userid, adminid, user_name, user_rank, discount, email, data, expiry FROM `xingsom`.`ecs_sessions` WHERE sesskey = 'b88dd1bf9d80776ef79bc453a1fb8a99'

SELECT code, value FROM `xingsom`.`ecs_shop_config` WHERE parent_id > 0

DELETE FROM `xingsom`.`ecs_sessions_data` WHERE expiry < 1482745930

DELETE FROM `xingsom`.`ecs_sessions` WHERE expiry < 1482745930

SELECT userid, adminid, user_name, user_rank, discount, email, data, expiry FROM `xingsom`.`ecs_sessions` WHERE sesskey = 'b88dd1bf9d80776ef79bc453a1fb8a99'

SELECT code, value FROM `xingsom`.`ecs_shop_config` WHERE parent_id > 0

DELETE FROM `xingsom`.`ecs_sessions_data` WHERE expiry < 1482745931

SELECT userid, adminid, user_name, user_rank, discount, email, data, expiry FROM `xingsom`.`ecs_sessions` WHERE sesskey = 'b88dd1bf9d80776ef79bc453a1fb8a99'

SELECT code, value FROM `xingsom`.`ecs_shop_config` WHERE parent_id > 0

DELETE FROM `xingsom`.`ecs_sessions` WHERE expiry < 1482746178

SELECT userid, adminid, user_name, user_rank, discount, email, data, expiry FROM `xingsom`.`ecs_sessions` WHERE sesskey = 'b88dd1bf9d80776ef79bc453a1fb8a99'

SELECT code, value FROM `xingsom`.`ecs_shop_config` WHERE parent_id > 0

DELETE FROM `xingsom`.`ecs_sessions_data` WHERE expiry < 1482746348

DELETE FROM `xingsom`.`ecs_sessions` WHERE expiry < 1482746348

SELECT userid, adminid, user_name, user_rank, discount, email, data, expiry FROM `xingsom`.`ecs_sessions` WHERE sesskey = 'b88dd1bf9d80776ef79bc453a1fb8a99'

SELECT code, value FROM `xingsom`.`ecs_shop_config` WHERE parent_id > 0

DELETE FROM `xingsom`.`ecs_sessions` WHERE expiry < 1482746594

