INSERT INTO `xingsom`.`ecs_sessions` (sesskey, expiry, ip, data) VALUES ('48a1c043b74a205e9833beb48705439e', '1483107741', '101.226.51.227', 'a:0:{}')

SELECT code, value FROM `xingsom`.`ecs_shop_config` WHERE parent_id > 0

UPDATE `xingsom`.`ecs_sessions` SET expiry = '1483107741', ip = '101.226.51.227', userid = '0', adminid = '0', user_name='0', user_rank='0', discount='0', email='0', data = 'a:0:{}' WHERE sesskey = '48a1c043b74a205e9833beb48705439e' LIMIT 1

INSERT INTO `xingsom`.`ecs_sessions` (sesskey, expiry, ip, data) VALUES ('e8a480b1219c2e5b0edacd2ecda16820', '1483107773', '180.153.206.16', 'a:0:{}')

SELECT code, value FROM `xingsom`.`ecs_shop_config` WHERE parent_id > 0

UPDATE `xingsom`.`ecs_sessions` SET expiry = '1483107773', ip = '180.153.206.16', userid = '0', adminid = '0', user_name='0', user_rank='0', discount='0', email='0', data = 'a:0:{}' WHERE sesskey = 'e8a480b1219c2e5b0edacd2ecda16820' LIMIT 1

INSERT INTO `xingsom`.`ecs_sessions` (sesskey, expiry, ip, data) VALUES ('9c09cab5946b4d0e46d40b71532e9ae6', '1483107782', '119.147.146.60', 'a:0:{}')

SELECT code, value FROM `xingsom`.`ecs_shop_config` WHERE parent_id > 0

UPDATE `xingsom`.`ecs_sessions` SET expiry = '1483107782', ip = '119.147.146.60', userid = '0', adminid = '0', user_name='0', user_rank='0', discount='0', email='0', data = 'a:0:{}' WHERE sesskey = '9c09cab5946b4d0e46d40b71532e9ae6' LIMIT 1

DELETE FROM `xingsom`.`ecs_sessions` WHERE expiry < 1483105982

INSERT INTO `xingsom`.`ecs_sessions` (sesskey, expiry, ip, data) VALUES ('61ab8a40debcf1324f8ac9767621c5a5', '1483107808', '113.47.139.219', 'a:0:{}')

SELECT code, value FROM `xingsom`.`ecs_shop_config` WHERE parent_id > 0

UPDATE `xingsom`.`ecs_sessions` SET expiry = '1483107808', ip = '113.47.139.219', userid = '0', adminid = '0', user_name='0', user_rank='0', discount='0', email='0', data = 'a:0:{}' WHERE sesskey = '61ab8a40debcf1324f8ac9767621c5a5' LIMIT 1

DELETE FROM `xingsom`.`ecs_sessions` WHERE expiry < 1483106008

SELECT userid, adminid, user_name, user_rank, discount, email, data, expiry FROM `xingsom`.`ecs_sessions` WHERE sesskey = '61ab8a40debcf1324f8ac9767621c5a5'

SELECT code, value FROM `xingsom`.`ecs_shop_config` WHERE parent_id > 0

SELECT `ec_salt` FROM `xingsom`.`ecs_admin_user`WHERE user_name = 'admin'

SELECT user_id, user_name, password, last_login, action_list, last_login,suppliers_id,ec_salt FROM `xingsom`.`ecs_admin_user` WHERE user_name = 'admin' AND password = 'a43aadd7bf250b41d59d02f310f30589'

UPDATE `xingsom`.`ecs_admin_user` SET last_login='1483079043', last_ip='113.47.139.219' WHERE user_id='1'

SELECT DISTINCT session_id FROM `xingsom`.`ecs_cart` AS c, `xingsom`.`ecs_sessions` AS s WHERE c.session_id = s.sesskey 

DELETE FROM `xingsom`.`ecs_cart` WHERE session_id NOT  IN ('') 

UPDATE `xingsom`.`ecs_sessions` SET expiry = '1483107843', ip = '113.47.139.219', userid = '0', adminid = '1', user_name='0', user_rank='0', discount='0', email='0', data = 'a:4:{s:10:\"admin_name\";s:5:\"admin\";s:11:\"action_list\";s:3:\"all\";s:10:\"last_check\";s:10:\"1482994082\";s:12:\"suppliers_id\";s:1:\"0\";}' WHERE sesskey = '61ab8a40debcf1324f8ac9767621c5a5' LIMIT 1

SELECT userid, adminid, user_name, user_rank, discount, email, data, expiry FROM `xingsom`.`ecs_sessions` WHERE sesskey = '61ab8a40debcf1324f8ac9767621c5a5'

SELECT code, value FROM `xingsom`.`ecs_shop_config` WHERE parent_id > 0

SELECT userid, adminid, user_name, user_rank, discount, email, data, expiry FROM `xingsom`.`ecs_sessions` WHERE sesskey = '61ab8a40debcf1324f8ac9767621c5a5'

SELECT code, value FROM `xingsom`.`ecs_shop_config` WHERE parent_id > 0

SELECT message_id, sender_id, receiver_id, sent_time, readed, deleted, title, message, user_name FROM `xingsom`.`ecs_admin_message` AS a, `xingsom`.`ecs_admin_user` AS b WHERE a.sender_id = b.user_id AND a.receiver_id = '1' AND a.readed = 0 AND deleted = 0 ORDER BY a.sent_time DESC

SELECT pay_id, is_cod FROM `xingsom`.`ecs_payment` WHERE enabled = 1

SELECT COUNT(*) FROM `xingsom`.`ecs_order_info` WHERE 1  AND order_status  IN ('1','5')  AND shipping_status  IN ('1','2')  AND pay_status  IN ('2','1')  

SELECT pay_id FROM `xingsom`.`ecs_payment` WHERE is_cod = 1

SELECT COUNT(*) FROM `xingsom`.`ecs_order_info` WHERE 1  AND   order_status  IN ('1','5','6')  AND   shipping_status  IN ('0','3','5')  AND ( pay_status  IN ('2','1')  OR pay_id  IN ('3') ) 

SELECT pay_id FROM `xingsom`.`ecs_payment` WHERE is_cod = 0

SELECT COUNT(*) FROM `xingsom`.`ecs_order_info` WHERE 1  AND   order_status  IN ('1','5')  AND   pay_status = '0' AND ( shipping_status  IN ('1','2')  OR pay_id  IN ('1','2','4','5') ) 

SELECT COUNT(*) FROM `xingsom`.`ecs_order_info` WHERE 1  AND order_status = '0' 

SELECT COUNT(*) FROM `xingsom`.`ecs_order_info` WHERE  shipping_status=4

SELECT COUNT(*) AS oCount, IFNULL(SUM(order_amount), 0) AS oAmount FROM `xingsom`.`ecs_order_info`

SELECT COUNT(*) FROM `xingsom`.`ecs_goods` WHERE is_delete = 0 AND is_alone_sale = 1 AND is_real = 1

SELECT COUNT(*) FROM `xingsom`.`ecs_goods` WHERE is_delete = 0 AND is_alone_sale = 1 AND is_real=0 AND extension_code='virtual_card'

SELECT COUNT(*) FROM `xingsom`.`ecs_goods` WHERE is_delete = 0 AND is_new = 1 AND is_real = 1

SELECT COUNT(*) FROM `xingsom`.`ecs_goods` WHERE is_delete = 0 AND is_new = 1 AND is_real=0 AND extension_code='virtual_card'

SELECT COUNT(*) FROM `xingsom`.`ecs_goods` WHERE is_delete = 0 AND is_best = 1 AND is_real = 1

SELECT COUNT(*) FROM `xingsom`.`ecs_goods` WHERE is_delete = 0 AND is_best = 1 AND is_real=0 AND extension_code='virtual_card'

SELECT COUNT(*) FROM `xingsom`.`ecs_goods` WHERE is_delete = 0 AND is_hot = 1 AND is_real = 1

SELECT COUNT(*) FROM `xingsom`.`ecs_goods` WHERE is_delete = 0 AND is_hot = 1 AND is_real=0 AND extension_code='virtual_card'

SELECT COUNT(*) FROM `xingsom`.`ecs_goods` WHERE is_delete = 0 AND promote_price>0 AND promote_start_date <= '1483079046' AND promote_end_date >= '1483079046' AND is_real = 1

SELECT COUNT(*) FROM `xingsom`.`ecs_goods` WHERE is_delete = 0 AND promote_price>0 AND promote_start_date <= '1483079046' AND promote_end_date >= '1483079046' AND is_real=0 AND extension_code='virtual_card'

SELECT COUNT(*) FROM `xingsom`.`ecs_goods` WHERE is_delete = 0 AND goods_number <= warn_number AND is_real = 1

SELECT COUNT(*) FROM `xingsom`.`ecs_goods` WHERE is_delete = 0 AND goods_number <= warn_number AND is_real=0 AND extension_code='virtual_card'

SELECT COUNT(*) FROM `xingsom`.`ecs_stats` WHERE access_time > 1482998400

SELECT count(*) FROM `xingsom`.`ecs_sessions`

SELECT COUNT(f.msg_id) FROM `xingsom`.`ecs_feedback` AS f LEFT JOIN `xingsom`.`ecs_feedback` AS r ON r.parent_id=f.msg_id WHERE f.parent_id=0 AND ISNULL(r.msg_id) 

SELECT COUNT(*) FROM `xingsom`.`ecs_comment` WHERE status = 0 AND parent_id = 0

SELECT COUNT(*) FROM `xingsom`.`ecs_booking_goods` WHERE is_dispose = 0

SELECT COUNT(*) FROM `xingsom`.`ecs_user_account` WHERE process_type = 1 AND is_paid = 0 

DELETE FROM `xingsom`.`ecs_sessions` WHERE expiry < 1483106046

SELECT userid, adminid, user_name, user_rank, discount, email, data, expiry FROM `xingsom`.`ecs_sessions` WHERE sesskey = '61ab8a40debcf1324f8ac9767621c5a5'

SELECT code, value FROM `xingsom`.`ecs_shop_config` WHERE parent_id > 0

SELECT userid, adminid, user_name, user_rank, discount, email, data, expiry FROM `xingsom`.`ecs_sessions` WHERE sesskey = '61ab8a40debcf1324f8ac9767621c5a5'

SELECT code, value FROM `xingsom`.`ecs_shop_config` WHERE parent_id > 0

SELECT COUNT(*) AS oCount, IFNULL(SUM(order_amount), 0) AS oAmount FROM `xingsom`.`ecs_order_info`

SELECT COUNT(*) FROM `xingsom`.`ecs_goods` WHERE is_delete = 0 AND is_alone_sale = 1 AND is_real = 1

SELECT COUNT(*) FROM `xingsom`.`ecs_users`

SELECT value FROM `xingsom`.`ecs_shop_config` WHERE code = 'template'

SELECT value FROM `xingsom`.`ecs_shop_config` WHERE code = 'stylename'

DELETE FROM `xingsom`.`ecs_sessions` WHERE expiry < 1483106050

SELECT userid, adminid, user_name, user_rank, discount, email, data, expiry FROM `xingsom`.`ecs_sessions` WHERE sesskey = '61ab8a40debcf1324f8ac9767621c5a5'

SELECT code, value FROM `xingsom`.`ecs_shop_config` WHERE parent_id > 0

UPDATE `xingsom`.`ecs_sessions` SET expiry = '1483108209', ip = '113.47.139.219', userid = '0', adminid = '1', user_name='0', user_rank='0', discount='0', email='0', data = 'a:4:{s:10:\"admin_name\";s:5:\"admin\";s:11:\"action_list\";s:3:\"all\";s:10:\"last_check\";s:10:\"1482994082\";s:12:\"suppliers_id\";s:1:\"0\";}' WHERE sesskey = '61ab8a40debcf1324f8ac9767621c5a5' LIMIT 1

SELECT userid, adminid, user_name, user_rank, discount, email, data, expiry FROM `xingsom`.`ecs_sessions` WHERE sesskey = '61ab8a40debcf1324f8ac9767621c5a5'

SELECT code, value FROM `xingsom`.`ecs_shop_config` WHERE parent_id > 0

SELECT userid, adminid, user_name, user_rank, discount, email, data, expiry FROM `xingsom`.`ecs_sessions` WHERE sesskey = '61ab8a40debcf1324f8ac9767621c5a5'

SELECT code, value FROM `xingsom`.`ecs_shop_config` WHERE parent_id > 0

UPDATE `xingsom`.`ecs_sessions` SET expiry = '1483110105', ip = '113.47.139.219', userid = '0', adminid = '1', user_name='0', user_rank='0', discount='0', email='0', data = 'a:4:{s:10:\"admin_name\";s:5:\"admin\";s:11:\"action_list\";s:3:\"all\";s:10:\"last_check\";s:10:\"1482994082\";s:12:\"suppliers_id\";s:1:\"0\";}' WHERE sesskey = '61ab8a40debcf1324f8ac9767621c5a5' LIMIT 1

SELECT userid, adminid, user_name, user_rank, discount, email, data, expiry FROM `xingsom`.`ecs_sessions` WHERE sesskey = '61ab8a40debcf1324f8ac9767621c5a5'

SELECT code, value FROM `xingsom`.`ecs_shop_config` WHERE parent_id > 0

SELECT userid, adminid, user_name, user_rank, discount, email, data, expiry FROM `xingsom`.`ecs_sessions` WHERE sesskey = '61ab8a40debcf1324f8ac9767621c5a5'

SELECT code, value FROM `xingsom`.`ecs_shop_config` WHERE parent_id > 0

UPDATE `xingsom`.`ecs_sessions` SET expiry = '1483110453', ip = '113.47.139.219', userid = '0', adminid = '1', user_name='0', user_rank='0', discount='0', email='0', data = 'a:4:{s:10:\"admin_name\";s:5:\"admin\";s:11:\"action_list\";s:3:\"all\";s:10:\"last_check\";s:10:\"1482994082\";s:12:\"suppliers_id\";s:1:\"0\";}' WHERE sesskey = '61ab8a40debcf1324f8ac9767621c5a5' LIMIT 1

SELECT userid, adminid, user_name, user_rank, discount, email, data, expiry FROM `xingsom`.`ecs_sessions` WHERE sesskey = '61ab8a40debcf1324f8ac9767621c5a5'

SELECT code, value FROM `xingsom`.`ecs_shop_config` WHERE parent_id > 0

SELECT userid, adminid, user_name, user_rank, discount, email, data, expiry FROM `xingsom`.`ecs_sessions` WHERE sesskey = '61ab8a40debcf1324f8ac9767621c5a5'

SELECT code, value FROM `xingsom`.`ecs_shop_config` WHERE parent_id > 0

