INSERT INTO `xingsom`.`ecs_sessions` (sesskey, expiry, ip, data) VALUES ('cb56448c1a36969555ef5f301c4d9d80', '1479044816', '60.253.168.66', 'a:0:{}')

SELECT code, value FROM `xingsom`.`ecs_shop_config` WHERE parent_id > 0

UPDATE `xingsom`.`ecs_sessions` SET expiry = '1479044816', ip = '60.253.168.66', userid = '0', adminid = '0', user_name='0', user_rank='0', discount='0', email='0', data = 'a:0:{}' WHERE sesskey = 'cb56448c1a36969555ef5f301c4d9d80' LIMIT 1

DELETE FROM `xingsom`.`ecs_sessions` WHERE expiry < 1479043016

SELECT userid, adminid, user_name, user_rank, discount, email, data, expiry FROM `xingsom`.`ecs_sessions` WHERE sesskey = 'cb56448c1a36969555ef5f301c4d9d80'

SELECT code, value FROM `xingsom`.`ecs_shop_config` WHERE parent_id > 0

DELETE FROM `xingsom`.`ecs_sessions` WHERE expiry < 1479043016

SELECT userid, adminid, user_name, user_rank, discount, email, data, expiry FROM `xingsom`.`ecs_sessions` WHERE sesskey = 'cb56448c1a36969555ef5f301c4d9d80'

SELECT code, value FROM `xingsom`.`ecs_shop_config` WHERE parent_id > 0

SELECT `ec_salt` FROM `xingsom`.`ecs_admin_user`WHERE user_name = 'admin'

SELECT user_id, user_name, password, last_login, action_list, last_login,suppliers_id,ec_salt FROM `xingsom`.`ecs_admin_user` WHERE user_name = 'admin' AND password = 'a43aadd7bf250b41d59d02f310f30589'

UPDATE `xingsom`.`ecs_admin_user` SET last_login='1479016023', last_ip='60.253.168.66' WHERE user_id='1'

SELECT DISTINCT session_id FROM `xingsom`.`ecs_cart` AS c, `xingsom`.`ecs_sessions` AS s WHERE c.session_id = s.sesskey 

DELETE FROM `xingsom`.`ecs_cart` WHERE session_id NOT  IN ('') 

UPDATE `xingsom`.`ecs_sessions` SET expiry = '1479044823', ip = '60.253.168.66', userid = '0', adminid = '1', user_name='0', user_rank='0', discount='0', email='0', data = 'a:4:{s:10:\"admin_name\";s:5:\"admin\";s:11:\"action_list\";s:3:\"all\";s:10:\"last_check\";s:10:\"1478913264\";s:12:\"suppliers_id\";s:1:\"0\";}' WHERE sesskey = 'cb56448c1a36969555ef5f301c4d9d80' LIMIT 1

SELECT userid, adminid, user_name, user_rank, discount, email, data, expiry FROM `xingsom`.`ecs_sessions` WHERE sesskey = 'cb56448c1a36969555ef5f301c4d9d80'

SELECT code, value FROM `xingsom`.`ecs_shop_config` WHERE parent_id > 0

SELECT userid, adminid, user_name, user_rank, discount, email, data, expiry FROM `xingsom`.`ecs_sessions` WHERE sesskey = 'cb56448c1a36969555ef5f301c4d9d80'

SELECT code, value FROM `xingsom`.`ecs_shop_config` WHERE parent_id > 0

SELECT message_id, sender_id, receiver_id, sent_time, readed, deleted, title, message, user_name FROM `xingsom`.`ecs_admin_message` AS a, `xingsom`.`ecs_admin_user` AS b WHERE a.sender_id = b.user_id AND a.receiver_id = '1' AND a.readed = 0 AND deleted = 0 ORDER BY a.sent_time DESC

SELECT pay_id, is_cod FROM `xingsom`.`ecs_payment` WHERE enabled = 1

SELECT COUNT(*) FROM `xingsom`.`ecs_order_info` WHERE 1  AND order_status  IN ('1','5')  AND shipping_status  IN ('1','2')  AND pay_status  IN ('2','1')  

SELECT pay_id FROM `xingsom`.`ecs_payment` WHERE is_cod = 1

SELECT COUNT(*) FROM `xingsom`.`ecs_order_info` WHERE 1  AND   order_status  IN ('1','5','6')  AND   shipping_status  IN ('0','3','5')  AND ( pay_status  IN ('2','1')  OR pay_id  IN ('3') ) 

SELECT pay_id FROM `xingsom`.`ecs_payment` WHERE is_cod = 0

SELECT COUNT(*) FROM `xingsom`.`ecs_order_info` WHERE 1  AND   order_status  IN ('1','5')  AND   pay_status = '0' AND ( shipping_status  IN ('1','2')  OR pay_id  IN ('1','2','4','5') ) 

SELECT COUNT(*) FROM `xingsom`.`ecs_order_info` WHERE 1  AND order_status = '0' 

SELECT COUNT(*) FROM `xingsom`.`ecs_order_info` WHERE  shipping_status=4

SELECT COUNT(*) AS oCount, IFNULL(SUM(order_amount), 0) AS oAmount FROM `xingsom`.`ecs_order_info`

SELECT COUNT(*) FROM `xingsom`.`ecs_goods` WHERE is_delete = 0 AND is_alone_sale = 1 AND is_real = 1

SELECT COUNT(*) FROM `xingsom`.`ecs_goods` WHERE is_delete = 0 AND is_alone_sale = 1 AND is_real=0 AND extension_code='virtual_card'

SELECT COUNT(*) FROM `xingsom`.`ecs_goods` WHERE is_delete = 0 AND is_new = 1 AND is_real = 1

SELECT COUNT(*) FROM `xingsom`.`ecs_goods` WHERE is_delete = 0 AND is_new = 1 AND is_real=0 AND extension_code='virtual_card'

SELECT COUNT(*) FROM `xingsom`.`ecs_goods` WHERE is_delete = 0 AND is_best = 1 AND is_real = 1

SELECT COUNT(*) FROM `xingsom`.`ecs_goods` WHERE is_delete = 0 AND is_best = 1 AND is_real=0 AND extension_code='virtual_card'

SELECT COUNT(*) FROM `xingsom`.`ecs_goods` WHERE is_delete = 0 AND is_hot = 1 AND is_real = 1

SELECT COUNT(*) FROM `xingsom`.`ecs_goods` WHERE is_delete = 0 AND is_hot = 1 AND is_real=0 AND extension_code='virtual_card'

SELECT COUNT(*) FROM `xingsom`.`ecs_goods` WHERE is_delete = 0 AND promote_price>0 AND promote_start_date <= '1479016023' AND promote_end_date >= '1479016023' AND is_real = 1

SELECT COUNT(*) FROM `xingsom`.`ecs_goods` WHERE is_delete = 0 AND promote_price>0 AND promote_start_date <= '1479016023' AND promote_end_date >= '1479016023' AND is_real=0 AND extension_code='virtual_card'

SELECT COUNT(*) FROM `xingsom`.`ecs_goods` WHERE is_delete = 0 AND goods_number <= warn_number AND is_real = 1

SELECT COUNT(*) FROM `xingsom`.`ecs_goods` WHERE is_delete = 0 AND goods_number <= warn_number AND is_real=0 AND extension_code='virtual_card'

SELECT COUNT(*) FROM `xingsom`.`ecs_stats` WHERE access_time > 1478937600

SELECT count(*) FROM `xingsom`.`ecs_sessions`

SELECT COUNT(f.msg_id) FROM `xingsom`.`ecs_feedback` AS f LEFT JOIN `xingsom`.`ecs_feedback` AS r ON r.parent_id=f.msg_id WHERE f.parent_id=0 AND ISNULL(r.msg_id) 

SELECT COUNT(*) FROM `xingsom`.`ecs_comment` WHERE status = 0 AND parent_id = 0

SELECT COUNT(*) FROM `xingsom`.`ecs_booking_goods` WHERE is_dispose = 0

SELECT COUNT(*) FROM `xingsom`.`ecs_user_account` WHERE process_type = 1 AND is_paid = 0 

SELECT userid, adminid, user_name, user_rank, discount, email, data, expiry FROM `xingsom`.`ecs_sessions` WHERE sesskey = 'cb56448c1a36969555ef5f301c4d9d80'

SELECT code, value FROM `xingsom`.`ecs_shop_config` WHERE parent_id > 0

SELECT userid, adminid, user_name, user_rank, discount, email, data, expiry FROM `xingsom`.`ecs_sessions` WHERE sesskey = 'cb56448c1a36969555ef5f301c4d9d80'

SELECT code, value FROM `xingsom`.`ecs_shop_config` WHERE parent_id > 0

SELECT COUNT(*) AS oCount, IFNULL(SUM(order_amount), 0) AS oAmount FROM `xingsom`.`ecs_order_info`

SELECT COUNT(*) FROM `xingsom`.`ecs_goods` WHERE is_delete = 0 AND is_alone_sale = 1 AND is_real = 1

SELECT COUNT(*) FROM `xingsom`.`ecs_users`

SELECT value FROM `xingsom`.`ecs_shop_config` WHERE code = 'template'

SELECT value FROM `xingsom`.`ecs_shop_config` WHERE code = 'stylename'

SELECT userid, adminid, user_name, user_rank, discount, email, data, expiry FROM `xingsom`.`ecs_sessions` WHERE sesskey = 'cb56448c1a36969555ef5f301c4d9d80'

SELECT code, value FROM `xingsom`.`ecs_shop_config` WHERE parent_id > 0

SELECT * FROM `xingsom`.`ecs_payment` WHERE enabled = '1' ORDER BY pay_order

DELETE FROM `xingsom`.`ecs_sessions` WHERE expiry < 1479043060

SELECT userid, adminid, user_name, user_rank, discount, email, data, expiry FROM `xingsom`.`ecs_sessions` WHERE sesskey = 'cb56448c1a36969555ef5f301c4d9d80'

SELECT code, value FROM `xingsom`.`ecs_shop_config` WHERE parent_id > 0

SELECT COUNT(*) FROM `xingsom`.`ecs_order_info` WHERE add_time >= '1478913264'

SELECT COUNT(*) FROM `xingsom`.`ecs_order_info` WHERE pay_time >= 1478913264

UPDATE `xingsom`.`ecs_sessions` SET expiry = '1479044860', ip = '60.253.168.66', userid = '0', adminid = '1', user_name='0', user_rank='0', discount='0', email='0', data = 'a:5:{s:10:\"admin_name\";s:5:\"admin\";s:11:\"action_list\";s:3:\"all\";s:10:\"last_check\";i:1479016060;s:12:\"suppliers_id\";s:1:\"0\";s:9:\"wechat_id\";i:1;}' WHERE sesskey = 'cb56448c1a36969555ef5f301c4d9d80' LIMIT 1

DELETE FROM `xingsom`.`ecs_sessions` WHERE expiry < 1479043060

SELECT userid, adminid, user_name, user_rank, discount, email, data, expiry FROM `xingsom`.`ecs_sessions` WHERE sesskey = 'cb56448c1a36969555ef5f301c4d9d80'

SELECT code, value FROM `xingsom`.`ecs_shop_config` WHERE parent_id > 0

SELECT * FROM `xingsom`.`ecs_payment` WHERE enabled = '1' ORDER BY pay_order

DELETE FROM `xingsom`.`ecs_sessions_data` WHERE expiry < 1479043077

SELECT userid, adminid, user_name, user_rank, discount, email, data, expiry FROM `xingsom`.`ecs_sessions` WHERE sesskey = 'cb56448c1a36969555ef5f301c4d9d80'

SELECT code, value FROM `xingsom`.`ecs_shop_config` WHERE parent_id > 0

SELECT * FROM `xingsom`.`ecs_payment` WHERE enabled = '1' ORDER BY pay_order

SELECT userid, adminid, user_name, user_rank, discount, email, data, expiry FROM `xingsom`.`ecs_sessions` WHERE sesskey = 'cb56448c1a36969555ef5f301c4d9d80'

SELECT code, value FROM `xingsom`.`ecs_shop_config` WHERE parent_id > 0

UPDATE `xingsom`.`ecs_payment`SET enabled = '0' WHERE pay_code = 'alipay' LIMIT 1

INSERT INTO `xingsom`.`ecs_admin_log` (log_time, user_id, log_info, ip_address)  VALUES ('1479016118', 1, '卸载支付方式: alipay', '60.253.168.66')

UPDATE `xingsom`.`ecs_sessions` SET expiry = '1479044918', ip = '60.253.168.66', userid = '0', adminid = '1', user_name='0', user_rank='0', discount='0', email='0', data = 'a:5:{s:10:\"admin_name\";s:5:\"admin\";s:11:\"action_list\";s:3:\"all\";s:10:\"last_check\";i:1479016060;s:12:\"suppliers_id\";s:1:\"0\";s:9:\"wechat_id\";i:1;}' WHERE sesskey = 'cb56448c1a36969555ef5f301c4d9d80' LIMIT 1

DELETE FROM `xingsom`.`ecs_sessions` WHERE expiry < 1479043118

SELECT userid, adminid, user_name, user_rank, discount, email, data, expiry FROM `xingsom`.`ecs_sessions` WHERE sesskey = 'cb56448c1a36969555ef5f301c4d9d80'

SELECT code, value FROM `xingsom`.`ecs_shop_config` WHERE parent_id > 0

SELECT * FROM `xingsom`.`ecs_payment` WHERE enabled = '1' ORDER BY pay_order

SELECT userid, adminid, user_name, user_rank, discount, email, data, expiry FROM `xingsom`.`ecs_sessions` WHERE sesskey = 'cb56448c1a36969555ef5f301c4d9d80'

SELECT code, value FROM `xingsom`.`ecs_shop_config` WHERE parent_id > 0

SELECT userid, adminid, user_name, user_rank, discount, email, data, expiry FROM `xingsom`.`ecs_sessions` WHERE sesskey = 'cb56448c1a36969555ef5f301c4d9d80'

SELECT code, value FROM `xingsom`.`ecs_shop_config` WHERE parent_id > 0

SELECT COUNT(*) FROM `xingsom`.`ecs_order_info` WHERE add_time >= '1479016060'

SELECT COUNT(*) FROM `xingsom`.`ecs_order_info` WHERE pay_time >= 1479016060

UPDATE `xingsom`.`ecs_sessions` SET expiry = '1479045106', ip = '60.253.168.66', userid = '0', adminid = '1', user_name='0', user_rank='0', discount='0', email='0', data = 'a:5:{s:10:\"admin_name\";s:5:\"admin\";s:11:\"action_list\";s:3:\"all\";s:10:\"last_check\";i:1479016306;s:12:\"suppliers_id\";s:1:\"0\";s:9:\"wechat_id\";i:1;}' WHERE sesskey = 'cb56448c1a36969555ef5f301c4d9d80' LIMIT 1

DELETE FROM `xingsom`.`ecs_sessions` WHERE expiry < 1479043306

SELECT userid, adminid, user_name, user_rank, discount, email, data, expiry FROM `xingsom`.`ecs_sessions` WHERE sesskey = 'cb56448c1a36969555ef5f301c4d9d80'

SELECT code, value FROM `xingsom`.`ecs_shop_config` WHERE parent_id > 0

SELECT COUNT(*) FROM `xingsom`.`ecs_order_info` WHERE add_time >= '1479016306'

SELECT COUNT(*) FROM `xingsom`.`ecs_order_info` WHERE pay_time >= 1479016306

UPDATE `xingsom`.`ecs_sessions` SET expiry = '1479045286', ip = '60.253.168.66', userid = '0', adminid = '1', user_name='0', user_rank='0', discount='0', email='0', data = 'a:5:{s:10:\"admin_name\";s:5:\"admin\";s:11:\"action_list\";s:3:\"all\";s:10:\"last_check\";i:1479016486;s:12:\"suppliers_id\";s:1:\"0\";s:9:\"wechat_id\";i:1;}' WHERE sesskey = 'cb56448c1a36969555ef5f301c4d9d80' LIMIT 1

DELETE FROM `xingsom`.`ecs_sessions` WHERE expiry < 1479043486

SELECT userid, adminid, user_name, user_rank, discount, email, data, expiry FROM `xingsom`.`ecs_sessions` WHERE sesskey = '8754b6c6ea2b31acca0601bcacea5596'

SELECT code, value FROM `xingsom`.`ecs_shop_config` WHERE parent_id > 0

DELETE FROM `xingsom`.`ecs_sessions` WHERE expiry < 1479043736

SELECT userid, adminid, user_name, user_rank, discount, email, data, expiry FROM `xingsom`.`ecs_sessions` WHERE sesskey = '8754b6c6ea2b31acca0601bcacea5596'

SELECT code, value FROM `xingsom`.`ecs_shop_config` WHERE parent_id > 0

DELETE FROM `xingsom`.`ecs_sessions_data` WHERE expiry < 1479043736

DELETE FROM `xingsom`.`ecs_sessions` WHERE expiry < 1479043736

SELECT userid, adminid, user_name, user_rank, discount, email, data, expiry FROM `xingsom`.`ecs_sessions` WHERE sesskey = '8754b6c6ea2b31acca0601bcacea5596'

SELECT code, value FROM `xingsom`.`ecs_shop_config` WHERE parent_id > 0

SELECT `ec_salt` FROM `xingsom`.`ecs_admin_user`WHERE user_name = 'admin'

SELECT user_id, user_name, password, last_login, action_list, last_login,suppliers_id,ec_salt FROM `xingsom`.`ecs_admin_user` WHERE user_name = 'admin' AND password = 'a43aadd7bf250b41d59d02f310f30589'

UPDATE `xingsom`.`ecs_admin_user` SET last_login='1479016741', last_ip='60.253.168.66' WHERE user_id='1'

SELECT DISTINCT session_id FROM `xingsom`.`ecs_cart` AS c, `xingsom`.`ecs_sessions` AS s WHERE c.session_id = s.sesskey 

DELETE FROM `xingsom`.`ecs_cart` WHERE session_id NOT  IN ('') 

UPDATE `xingsom`.`ecs_sessions` SET expiry = '1479045541', ip = '60.253.168.66', userid = '0', adminid = '1', user_name='0', user_rank='0', discount='0', email='0', data = 'a:4:{s:10:\"admin_name\";s:5:\"admin\";s:11:\"action_list\";s:3:\"all\";s:10:\"last_check\";s:10:\"1479016023\";s:12:\"suppliers_id\";s:1:\"0\";}' WHERE sesskey = '8754b6c6ea2b31acca0601bcacea5596' LIMIT 1

DELETE FROM `xingsom`.`ecs_sessions_data` WHERE expiry < 1479043741

SELECT userid, adminid, user_name, user_rank, discount, email, data, expiry FROM `xingsom`.`ecs_sessions` WHERE sesskey = '8754b6c6ea2b31acca0601bcacea5596'

SELECT code, value FROM `xingsom`.`ecs_shop_config` WHERE parent_id > 0

DELETE FROM `xingsom`.`ecs_sessions_data` WHERE expiry < 1479043741

SELECT userid, adminid, user_name, user_rank, discount, email, data, expiry FROM `xingsom`.`ecs_sessions` WHERE sesskey = '8754b6c6ea2b31acca0601bcacea5596'

SELECT code, value FROM `xingsom`.`ecs_shop_config` WHERE parent_id > 0

SELECT message_id, sender_id, receiver_id, sent_time, readed, deleted, title, message, user_name FROM `xingsom`.`ecs_admin_message` AS a, `xingsom`.`ecs_admin_user` AS b WHERE a.sender_id = b.user_id AND a.receiver_id = '1' AND a.readed = 0 AND deleted = 0 ORDER BY a.sent_time DESC

SELECT pay_id, is_cod FROM `xingsom`.`ecs_payment` WHERE enabled = 1

SELECT COUNT(*) FROM `xingsom`.`ecs_order_info` WHERE 1  AND order_status  IN ('1','5')  AND shipping_status  IN ('1','2')  AND pay_status  IN ('2','1')  

SELECT pay_id FROM `xingsom`.`ecs_payment` WHERE is_cod = 1

SELECT COUNT(*) FROM `xingsom`.`ecs_order_info` WHERE 1  AND   order_status  IN ('1','5','6')  AND   shipping_status  IN ('0','3','5')  AND ( pay_status  IN ('2','1')  OR pay_id  IN ('3') ) 

SELECT pay_id FROM `xingsom`.`ecs_payment` WHERE is_cod = 0

SELECT COUNT(*) FROM `xingsom`.`ecs_order_info` WHERE 1  AND   order_status  IN ('1','5')  AND   pay_status = '0' AND ( shipping_status  IN ('1','2')  OR pay_id  IN ('1','2','4','5') ) 

SELECT COUNT(*) FROM `xingsom`.`ecs_order_info` WHERE 1  AND order_status = '0' 

SELECT COUNT(*) FROM `xingsom`.`ecs_order_info` WHERE  shipping_status=4

SELECT COUNT(*) AS oCount, IFNULL(SUM(order_amount), 0) AS oAmount FROM `xingsom`.`ecs_order_info`

SELECT COUNT(*) FROM `xingsom`.`ecs_goods` WHERE is_delete = 0 AND is_alone_sale = 1 AND is_real = 1

SELECT COUNT(*) FROM `xingsom`.`ecs_goods` WHERE is_delete = 0 AND is_alone_sale = 1 AND is_real=0 AND extension_code='virtual_card'

SELECT COUNT(*) FROM `xingsom`.`ecs_goods` WHERE is_delete = 0 AND is_new = 1 AND is_real = 1

SELECT COUNT(*) FROM `xingsom`.`ecs_goods` WHERE is_delete = 0 AND is_new = 1 AND is_real=0 AND extension_code='virtual_card'

SELECT COUNT(*) FROM `xingsom`.`ecs_goods` WHERE is_delete = 0 AND is_best = 1 AND is_real = 1

SELECT COUNT(*) FROM `xingsom`.`ecs_goods` WHERE is_delete = 0 AND is_best = 1 AND is_real=0 AND extension_code='virtual_card'

SELECT COUNT(*) FROM `xingsom`.`ecs_goods` WHERE is_delete = 0 AND is_hot = 1 AND is_real = 1

SELECT COUNT(*) FROM `xingsom`.`ecs_goods` WHERE is_delete = 0 AND is_hot = 1 AND is_real=0 AND extension_code='virtual_card'

SELECT COUNT(*) FROM `xingsom`.`ecs_goods` WHERE is_delete = 0 AND promote_price>0 AND promote_start_date <= '1479016741' AND promote_end_date >= '1479016741' AND is_real = 1

SELECT COUNT(*) FROM `xingsom`.`ecs_goods` WHERE is_delete = 0 AND promote_price>0 AND promote_start_date <= '1479016741' AND promote_end_date >= '1479016741' AND is_real=0 AND extension_code='virtual_card'

SELECT COUNT(*) FROM `xingsom`.`ecs_goods` WHERE is_delete = 0 AND goods_number <= warn_number AND is_real = 1

SELECT COUNT(*) FROM `xingsom`.`ecs_goods` WHERE is_delete = 0 AND goods_number <= warn_number AND is_real=0 AND extension_code='virtual_card'

SELECT COUNT(*) FROM `xingsom`.`ecs_stats` WHERE access_time > 1478937600

SELECT count(*) FROM `xingsom`.`ecs_sessions`

SELECT COUNT(f.msg_id) FROM `xingsom`.`ecs_feedback` AS f LEFT JOIN `xingsom`.`ecs_feedback` AS r ON r.parent_id=f.msg_id WHERE f.parent_id=0 AND ISNULL(r.msg_id) 

SELECT COUNT(*) FROM `xingsom`.`ecs_comment` WHERE status = 0 AND parent_id = 0

SELECT COUNT(*) FROM `xingsom`.`ecs_booking_goods` WHERE is_dispose = 0

SELECT COUNT(*) FROM `xingsom`.`ecs_user_account` WHERE process_type = 1 AND is_paid = 0 

DELETE FROM `xingsom`.`ecs_sessions_data` WHERE expiry < 1479043741

SELECT userid, adminid, user_name, user_rank, discount, email, data, expiry FROM `xingsom`.`ecs_sessions` WHERE sesskey = '8754b6c6ea2b31acca0601bcacea5596'

SELECT code, value FROM `xingsom`.`ecs_shop_config` WHERE parent_id > 0

SELECT userid, adminid, user_name, user_rank, discount, email, data, expiry FROM `xingsom`.`ecs_sessions` WHERE sesskey = '8754b6c6ea2b31acca0601bcacea5596'

SELECT code, value FROM `xingsom`.`ecs_shop_config` WHERE parent_id > 0

SELECT COUNT(*) AS oCount, IFNULL(SUM(order_amount), 0) AS oAmount FROM `xingsom`.`ecs_order_info`

SELECT COUNT(*) FROM `xingsom`.`ecs_goods` WHERE is_delete = 0 AND is_alone_sale = 1 AND is_real = 1

SELECT COUNT(*) FROM `xingsom`.`ecs_users`

SELECT value FROM `xingsom`.`ecs_shop_config` WHERE code = 'template'

SELECT value FROM `xingsom`.`ecs_shop_config` WHERE code = 'stylename'

DELETE FROM `xingsom`.`ecs_sessions_data` WHERE expiry < 1479043741

DELETE FROM `xingsom`.`ecs_sessions` WHERE expiry < 1479043742

SELECT userid, adminid, user_name, user_rank, discount, email, data, expiry FROM `xingsom`.`ecs_sessions` WHERE sesskey = '8754b6c6ea2b31acca0601bcacea5596'

SELECT code, value FROM `xingsom`.`ecs_shop_config` WHERE parent_id > 0

SELECT * FROM `xingsom`.`ecs_payment` WHERE enabled = '1' ORDER BY pay_order

UPDATE `xingsom`.`ecs_sessions` SET expiry = '1479045555', ip = '60.253.168.66', userid = '0', adminid = '1', user_name='0', user_rank='0', discount='0', email='0', data = 'a:4:{s:10:\"admin_name\";s:5:\"admin\";s:11:\"action_list\";s:3:\"all\";s:10:\"last_check\";s:10:\"1479016023\";s:12:\"suppliers_id\";s:1:\"0\";}' WHERE sesskey = '8754b6c6ea2b31acca0601bcacea5596' LIMIT 1

DELETE FROM `xingsom`.`ecs_sessions_data` WHERE expiry < 1479043755

SELECT userid, adminid, user_name, user_rank, discount, email, data, expiry FROM `xingsom`.`ecs_sessions` WHERE sesskey = '8754b6c6ea2b31acca0601bcacea5596'

SELECT code, value FROM `xingsom`.`ecs_shop_config` WHERE parent_id > 0

SELECT COUNT(*) FROM `xingsom`.`ecs_order_info` WHERE add_time >= '1479016023'

SELECT COUNT(*) FROM `xingsom`.`ecs_order_info` WHERE pay_time >= 1479016023

UPDATE `xingsom`.`ecs_sessions` SET expiry = '1479045555', ip = '60.253.168.66', userid = '0', adminid = '1', user_name='0', user_rank='0', discount='0', email='0', data = 'a:4:{s:10:\"admin_name\";s:5:\"admin\";s:11:\"action_list\";s:3:\"all\";s:10:\"last_check\";i:1479016755;s:12:\"suppliers_id\";s:1:\"0\";}' WHERE sesskey = '8754b6c6ea2b31acca0601bcacea5596' LIMIT 1

SELECT userid, adminid, user_name, user_rank, discount, email, data, expiry FROM `xingsom`.`ecs_sessions` WHERE sesskey = '8754b6c6ea2b31acca0601bcacea5596'

SELECT code, value FROM `xingsom`.`ecs_shop_config` WHERE parent_id > 0

UPDATE `xingsom`.`ecs_sessions` SET expiry = '1479045579', ip = '60.253.168.66', userid = '0', adminid = '1', user_name='0', user_rank='0', discount='0', email='0', data = 'a:4:{s:10:\"admin_name\";s:5:\"admin\";s:11:\"action_list\";s:3:\"all\";s:10:\"last_check\";i:1479016755;s:12:\"suppliers_id\";s:1:\"0\";}' WHERE sesskey = '8754b6c6ea2b31acca0601bcacea5596' LIMIT 1

SELECT userid, adminid, user_name, user_rank, discount, email, data, expiry FROM `xingsom`.`ecs_sessions` WHERE sesskey = '8754b6c6ea2b31acca0601bcacea5596'

SELECT code, value FROM `xingsom`.`ecs_shop_config` WHERE parent_id > 0

SELECT COUNT(*) FROM `xingsom`.`ecs_payment` WHERE pay_name = '微信支付' AND pay_code <> 'wxpay'

SELECT COUNT(*) FROM `xingsom`.`ecs_payment` WHERE pay_code = 'wxpay'

UPDATE `xingsom`.`ecs_payment`SET pay_name = '微信支付',    pay_desc = '微信支付，是基于微信公众号JS_API网页支付提供的支付服务功能。',    pay_config = 'a:4:{i:0;a:3:{s:4:"name";s:11:"wxpay_appid";s:4:"type";s:4:"text";s:5:"value";s:18:"wx625980a80072db66";}i:1;a:3:{s:4:"name";s:15:"wxpay_appsecret";s:4:"type";s:4:"text";s:5:"value";s:32:"a2d338dab96dfb99f27e120b7267b67f";}i:2;a:3:{s:4:"name";s:9:"wxpay_key";s:4:"type";s:4:"text";s:5:"value";s:10:"1317626601";}i:3;a:3:{s:4:"name";s:11:"wxpay_mchid";s:4:"type";s:4:"text";s:5:"value";s:10:"1317626601";}}',    pay_fee    =  '0',     enabled = '1' WHERE pay_code = 'wxpay' LIMIT 1

INSERT INTO `xingsom`.`ecs_admin_log` (log_time, user_id, log_info, ip_address)  VALUES ('1479016836', 1, '安装支付方式: 微信支付', '60.253.168.66')

UPDATE `xingsom`.`ecs_sessions` SET expiry = '1479045636', ip = '60.253.168.66', userid = '0', adminid = '1', user_name='0', user_rank='0', discount='0', email='0', data = 'a:4:{s:10:\"admin_name\";s:5:\"admin\";s:11:\"action_list\";s:3:\"all\";s:10:\"last_check\";i:1479016755;s:12:\"suppliers_id\";s:1:\"0\";}' WHERE sesskey = '8754b6c6ea2b31acca0601bcacea5596' LIMIT 1

DELETE FROM `xingsom`.`ecs_sessions` WHERE expiry < 1479043836

SELECT userid, adminid, user_name, user_rank, discount, email, data, expiry FROM `xingsom`.`ecs_sessions` WHERE sesskey = '8754b6c6ea2b31acca0601bcacea5596'

SELECT code, value FROM `xingsom`.`ecs_shop_config` WHERE parent_id > 0

SELECT * FROM `xingsom`.`ecs_payment` WHERE enabled = '1' ORDER BY pay_order

DELETE FROM `xingsom`.`ecs_sessions_data` WHERE expiry < 1479043839

SELECT userid, adminid, user_name, user_rank, discount, email, data, expiry FROM `xingsom`.`ecs_sessions` WHERE sesskey = '8754b6c6ea2b31acca0601bcacea5596'

SELECT code, value FROM `xingsom`.`ecs_shop_config` WHERE parent_id > 0

UPDATE `xingsom`.`ecs_sessions` SET expiry = '1479045710', ip = '60.253.168.66', userid = '0', adminid = '1', user_name='0', user_rank='0', discount='0', email='0', data = 'a:4:{s:10:\"admin_name\";s:5:\"admin\";s:11:\"action_list\";s:3:\"all\";s:10:\"last_check\";i:1479016755;s:12:\"suppliers_id\";s:1:\"0\";}' WHERE sesskey = '8754b6c6ea2b31acca0601bcacea5596' LIMIT 1

DELETE FROM `xingsom`.`ecs_sessions` WHERE expiry < 1479043910

SELECT userid, adminid, user_name, user_rank, discount, email, data, expiry FROM `xingsom`.`ecs_sessions` WHERE sesskey = '8754b6c6ea2b31acca0601bcacea5596'

SELECT code, value FROM `xingsom`.`ecs_shop_config` WHERE parent_id > 0

SELECT COUNT(*) FROM `xingsom`.`ecs_order_info` WHERE add_time >= '1479016755'

SELECT COUNT(*) FROM `xingsom`.`ecs_order_info` WHERE pay_time >= 1479016755

UPDATE `xingsom`.`ecs_sessions` SET expiry = '1479045895', ip = '60.253.168.66', userid = '0', adminid = '1', user_name='0', user_rank='0', discount='0', email='0', data = 'a:4:{s:10:\"admin_name\";s:5:\"admin\";s:11:\"action_list\";s:3:\"all\";s:10:\"last_check\";i:1479017095;s:12:\"suppliers_id\";s:1:\"0\";}' WHERE sesskey = '8754b6c6ea2b31acca0601bcacea5596' LIMIT 1

SELECT userid, adminid, user_name, user_rank, discount, email, data, expiry FROM `xingsom`.`ecs_sessions` WHERE sesskey = '8754b6c6ea2b31acca0601bcacea5596'

SELECT code, value FROM `xingsom`.`ecs_shop_config` WHERE parent_id > 0

SELECT COUNT(*) FROM `xingsom`.`ecs_order_info` WHERE add_time >= '1479017095'

SELECT COUNT(*) FROM `xingsom`.`ecs_order_info` WHERE pay_time >= 1479017095

UPDATE `xingsom`.`ecs_sessions` SET expiry = '1479046075', ip = '60.253.168.66', userid = '0', adminid = '1', user_name='0', user_rank='0', discount='0', email='0', data = 'a:4:{s:10:\"admin_name\";s:5:\"admin\";s:11:\"action_list\";s:3:\"all\";s:10:\"last_check\";i:1479017275;s:12:\"suppliers_id\";s:1:\"0\";}' WHERE sesskey = '8754b6c6ea2b31acca0601bcacea5596' LIMIT 1

SELECT userid, adminid, user_name, user_rank, discount, email, data, expiry FROM `xingsom`.`ecs_sessions` WHERE sesskey = '8754b6c6ea2b31acca0601bcacea5596'

SELECT code, value FROM `xingsom`.`ecs_shop_config` WHERE parent_id > 0

SELECT COUNT(*) FROM `xingsom`.`ecs_order_info` WHERE add_time >= '1479017275'

SELECT COUNT(*) FROM `xingsom`.`ecs_order_info` WHERE pay_time >= 1479017275

UPDATE `xingsom`.`ecs_sessions` SET expiry = '1479046255', ip = '60.253.168.66', userid = '0', adminid = '1', user_name='0', user_rank='0', discount='0', email='0', data = 'a:4:{s:10:\"admin_name\";s:5:\"admin\";s:11:\"action_list\";s:3:\"all\";s:10:\"last_check\";i:1479017455;s:12:\"suppliers_id\";s:1:\"0\";}' WHERE sesskey = '8754b6c6ea2b31acca0601bcacea5596' LIMIT 1

DELETE FROM `xingsom`.`ecs_sessions_data` WHERE expiry < 1479044455

SELECT userid, adminid, user_name, user_rank, discount, email, data, expiry FROM `xingsom`.`ecs_sessions` WHERE sesskey = '8754b6c6ea2b31acca0601bcacea5596'

SELECT code, value FROM `xingsom`.`ecs_shop_config` WHERE parent_id > 0

SELECT code FROM `xingsom`.`ecs_plugins`

SELECT user_id, user_name, email, nav_list FROM `xingsom`.`ecs_admin_user` WHERE user_id = '1'

UPDATE `xingsom`.`ecs_sessions` SET expiry = '1479046432', ip = '60.253.168.66', userid = '0', adminid = '1', user_name='0', user_rank='0', discount='0', email='0', data = 'a:4:{s:10:\"admin_name\";s:5:\"admin\";s:11:\"action_list\";s:3:\"all\";s:10:\"last_check\";i:1479017455;s:12:\"suppliers_id\";s:1:\"0\";}' WHERE sesskey = '8754b6c6ea2b31acca0601bcacea5596' LIMIT 1

DELETE FROM `xingsom`.`ecs_sessions` WHERE expiry < 1479044632

SELECT userid, adminid, user_name, user_rank, discount, email, data, expiry FROM `xingsom`.`ecs_sessions` WHERE sesskey = '8754b6c6ea2b31acca0601bcacea5596'

SELECT code, value FROM `xingsom`.`ecs_shop_config` WHERE parent_id > 0

SELECT COUNT(*) FROM `xingsom`.`ecs_order_info` WHERE add_time >= '1479017455'

SELECT COUNT(*) FROM `xingsom`.`ecs_order_info` WHERE pay_time >= 1479017455

UPDATE `xingsom`.`ecs_sessions` SET expiry = '1479046612', ip = '60.253.168.66', userid = '0', adminid = '1', user_name='0', user_rank='0', discount='0', email='0', data = 'a:4:{s:10:\"admin_name\";s:5:\"admin\";s:11:\"action_list\";s:3:\"all\";s:10:\"last_check\";i:1479017812;s:12:\"suppliers_id\";s:1:\"0\";}' WHERE sesskey = '8754b6c6ea2b31acca0601bcacea5596' LIMIT 1

DELETE FROM `xingsom`.`ecs_sessions_data` WHERE expiry < 1479044812

DELETE FROM `xingsom`.`ecs_sessions` WHERE expiry < 1479044812

SELECT userid, adminid, user_name, user_rank, discount, email, data, expiry FROM `xingsom`.`ecs_sessions` WHERE sesskey = '8754b6c6ea2b31acca0601bcacea5596'

SELECT code, value FROM `xingsom`.`ecs_shop_config` WHERE parent_id > 0

SELECT COUNT(*) FROM `xingsom`.`ecs_order_info` WHERE add_time >= '1479017812'

SELECT COUNT(*) FROM `xingsom`.`ecs_order_info` WHERE pay_time >= 1479017812

UPDATE `xingsom`.`ecs_sessions` SET expiry = '1479046792', ip = '60.253.168.66', userid = '0', adminid = '1', user_name='0', user_rank='0', discount='0', email='0', data = 'a:4:{s:10:\"admin_name\";s:5:\"admin\";s:11:\"action_list\";s:3:\"all\";s:10:\"last_check\";i:1479017992;s:12:\"suppliers_id\";s:1:\"0\";}' WHERE sesskey = '8754b6c6ea2b31acca0601bcacea5596' LIMIT 1

DELETE FROM `xingsom`.`ecs_sessions` WHERE expiry < 1479044992

SELECT userid, adminid, user_name, user_rank, discount, email, data, expiry FROM `xingsom`.`ecs_sessions` WHERE sesskey = '3e53d311ebf48882070315a1ecda77ae'

SELECT code, value FROM `xingsom`.`ecs_shop_config` WHERE parent_id > 0

SELECT userid, adminid, user_name, user_rank, discount, email, data, expiry FROM `xingsom`.`ecs_sessions` WHERE sesskey = '3e53d311ebf48882070315a1ecda77ae'

SELECT code, value FROM `xingsom`.`ecs_shop_config` WHERE parent_id > 0

SELECT userid, adminid, user_name, user_rank, discount, email, data, expiry FROM `xingsom`.`ecs_sessions` WHERE sesskey = '55f9cedc12e618d7d1ade86e7608b737'

SELECT code, value FROM `xingsom`.`ecs_shop_config` WHERE parent_id > 0

DELETE FROM `xingsom`.`ecs_sessions_data` WHERE expiry < 1479045137

SELECT userid, adminid, user_name, user_rank, discount, email, data, expiry FROM `xingsom`.`ecs_sessions` WHERE sesskey = '55f9cedc12e618d7d1ade86e7608b737'

SELECT code, value FROM `xingsom`.`ecs_shop_config` WHERE parent_id > 0

DELETE FROM `xingsom`.`ecs_sessions_data` WHERE expiry < 1479045138

DELETE FROM `xingsom`.`ecs_sessions` WHERE expiry < 1479045138

SELECT userid, adminid, user_name, user_rank, discount, email, data, expiry FROM `xingsom`.`ecs_sessions` WHERE sesskey = '8754b6c6ea2b31acca0601bcacea5596'

SELECT code, value FROM `xingsom`.`ecs_shop_config` WHERE parent_id > 0

SELECT COUNT(*) FROM `xingsom`.`ecs_order_info` WHERE add_time >= '1479017992'

SELECT COUNT(*) FROM `xingsom`.`ecs_order_info` WHERE pay_time >= 1479017992

UPDATE `xingsom`.`ecs_sessions` SET expiry = '1479046972', ip = '60.253.168.66', userid = '0', adminid = '1', user_name='0', user_rank='0', discount='0', email='0', data = 'a:4:{s:10:\"admin_name\";s:5:\"admin\";s:11:\"action_list\";s:3:\"all\";s:10:\"last_check\";i:1479018172;s:12:\"suppliers_id\";s:1:\"0\";}' WHERE sesskey = '8754b6c6ea2b31acca0601bcacea5596' LIMIT 1

DELETE FROM `xingsom`.`ecs_sessions_data` WHERE expiry < 1479045172

DELETE FROM `xingsom`.`ecs_sessions` WHERE expiry < 1479045172

SELECT userid, adminid, user_name, user_rank, discount, email, data, expiry FROM `xingsom`.`ecs_sessions` WHERE sesskey = '8754b6c6ea2b31acca0601bcacea5596'

SELECT code, value FROM `xingsom`.`ecs_shop_config` WHERE parent_id > 0

SELECT COUNT(*) FROM `xingsom`.`ecs_order_info` WHERE add_time >= '1479018172'

SELECT COUNT(*) FROM `xingsom`.`ecs_order_info` WHERE pay_time >= 1479018172

UPDATE `xingsom`.`ecs_sessions` SET expiry = '1479047152', ip = '60.253.168.66', userid = '0', adminid = '1', user_name='0', user_rank='0', discount='0', email='0', data = 'a:4:{s:10:\"admin_name\";s:5:\"admin\";s:11:\"action_list\";s:3:\"all\";s:10:\"last_check\";i:1479018352;s:12:\"suppliers_id\";s:1:\"0\";}' WHERE sesskey = '8754b6c6ea2b31acca0601bcacea5596' LIMIT 1

DELETE FROM `xingsom`.`ecs_sessions_data` WHERE expiry < 1479045352

DELETE FROM `xingsom`.`ecs_sessions` WHERE expiry < 1479045352

SELECT userid, adminid, user_name, user_rank, discount, email, data, expiry FROM `xingsom`.`ecs_sessions` WHERE sesskey = '8754b6c6ea2b31acca0601bcacea5596'

SELECT code, value FROM `xingsom`.`ecs_shop_config` WHERE parent_id > 0

SELECT COUNT(*) FROM `xingsom`.`ecs_order_info` WHERE add_time >= '1479018352'

SELECT COUNT(*) FROM `xingsom`.`ecs_order_info` WHERE pay_time >= 1479018352

UPDATE `xingsom`.`ecs_sessions` SET expiry = '1479047333', ip = '60.253.168.66', userid = '0', adminid = '1', user_name='0', user_rank='0', discount='0', email='0', data = 'a:4:{s:10:\"admin_name\";s:5:\"admin\";s:11:\"action_list\";s:3:\"all\";s:10:\"last_check\";i:1479018533;s:12:\"suppliers_id\";s:1:\"0\";}' WHERE sesskey = '8754b6c6ea2b31acca0601bcacea5596' LIMIT 1

SELECT userid, adminid, user_name, user_rank, discount, email, data, expiry FROM `xingsom`.`ecs_sessions` WHERE sesskey = '8754b6c6ea2b31acca0601bcacea5596'

SELECT code, value FROM `xingsom`.`ecs_shop_config` WHERE parent_id > 0

SELECT COUNT(*) FROM `xingsom`.`ecs_order_info` WHERE add_time >= '1479018533'

SELECT COUNT(*) FROM `xingsom`.`ecs_order_info` WHERE pay_time >= 1479018533

UPDATE `xingsom`.`ecs_sessions` SET expiry = '1479047512', ip = '60.253.168.66', userid = '0', adminid = '1', user_name='0', user_rank='0', discount='0', email='0', data = 'a:4:{s:10:\"admin_name\";s:5:\"admin\";s:11:\"action_list\";s:3:\"all\";s:10:\"last_check\";i:1479018712;s:12:\"suppliers_id\";s:1:\"0\";}' WHERE sesskey = '8754b6c6ea2b31acca0601bcacea5596' LIMIT 1

DELETE FROM `xingsom`.`ecs_sessions` WHERE expiry < 1479045712

