INSERT INTO `xingsom`.`ecs_sessions` (sesskey, expiry, ip, data) VALUES ('6b654bc6cfce70d17f1779e37a9c9ed3', '1457506287', '123.123.107.36', 'a:0:{}')

SELECT code, value FROM `xingsom`.`ecs_shop_config` WHERE parent_id > 0

UPDATE `xingsom`.`ecs_sessions` SET expiry = '1457506287', ip = '123.123.107.36', userid = '0', adminid = '0', user_name='0', user_rank='0', discount='0', email='0', data = 'a:0:{}' WHERE sesskey = '6b654bc6cfce70d17f1779e37a9c9ed3' LIMIT 1

SELECT userid, adminid, user_name, user_rank, discount, email, data, expiry FROM `xingsom`.`ecs_sessions` WHERE sesskey = '6b654bc6cfce70d17f1779e37a9c9ed3'

SELECT code, value FROM `xingsom`.`ecs_shop_config` WHERE parent_id > 0

SELECT userid, adminid, user_name, user_rank, discount, email, data, expiry FROM `xingsom`.`ecs_sessions` WHERE sesskey = '6b654bc6cfce70d17f1779e37a9c9ed3'

SELECT code, value FROM `xingsom`.`ecs_shop_config` WHERE parent_id > 0

SELECT `ec_salt` FROM `xingsom`.`ecs_admin_user`WHERE user_name = 'admin'

SELECT user_id, user_name, password, last_login, action_list, last_login,suppliers_id,ec_salt FROM `xingsom`.`ecs_admin_user` WHERE user_name = 'admin' AND password = 'a43aadd7bf250b41d59d02f310f30589'

UPDATE `xingsom`.`ecs_admin_user` SET last_login='1457477492', last_ip='123.123.107.36' WHERE user_id='1'

SELECT DISTINCT session_id FROM `xingsom`.`ecs_cart` AS c, `xingsom`.`ecs_sessions` AS s WHERE c.session_id = s.sesskey 

DELETE FROM `xingsom`.`ecs_cart` WHERE session_id NOT  IN ('') 

UPDATE `xingsom`.`ecs_sessions` SET expiry = '1457506292', ip = '123.123.107.36', userid = '0', adminid = '1', user_name='0', user_rank='0', discount='0', email='0', data = 'a:4:{s:10:\"admin_name\";s:5:\"admin\";s:11:\"action_list\";s:3:\"all\";s:10:\"last_check\";s:10:\"1456955800\";s:12:\"suppliers_id\";s:1:\"0\";}' WHERE sesskey = '6b654bc6cfce70d17f1779e37a9c9ed3' LIMIT 1

DELETE FROM `xingsom`.`ecs_sessions` WHERE expiry < 1457504492

SELECT userid, adminid, user_name, user_rank, discount, email, data, expiry FROM `xingsom`.`ecs_sessions` WHERE sesskey = '6b654bc6cfce70d17f1779e37a9c9ed3'

SELECT code, value FROM `xingsom`.`ecs_shop_config` WHERE parent_id > 0

DELETE FROM `xingsom`.`ecs_sessions` WHERE expiry < 1457504492

SELECT userid, adminid, user_name, user_rank, discount, email, data, expiry FROM `xingsom`.`ecs_sessions` WHERE sesskey = '6b654bc6cfce70d17f1779e37a9c9ed3'

SELECT code, value FROM `xingsom`.`ecs_shop_config` WHERE parent_id > 0

SELECT message_id, sender_id, receiver_id, sent_time, readed, deleted, title, message, user_name FROM `xingsom`.`ecs_admin_message` AS a, `xingsom`.`ecs_admin_user` AS b WHERE a.sender_id = b.user_id AND a.receiver_id = '1' AND a.readed = 0 AND deleted = 0 ORDER BY a.sent_time DESC

SELECT pay_id, is_cod FROM `xingsom`.`ecs_payment` WHERE enabled = 1

SELECT COUNT(*) FROM `xingsom`.`ecs_order_info` WHERE 1  AND order_status  IN ('1','5')  AND shipping_status  IN ('1','2')  AND pay_status  IN ('2','1')  

SELECT pay_id FROM `xingsom`.`ecs_payment` WHERE is_cod = 1

SELECT COUNT(*) FROM `xingsom`.`ecs_order_info` WHERE 1  AND   order_status  IN ('1','5','6')  AND   shipping_status  IN ('0','3','5')  AND ( pay_status  IN ('2','1')  OR pay_id  IN ('3') ) 

SELECT pay_id FROM `xingsom`.`ecs_payment` WHERE is_cod = 0

SELECT COUNT(*) FROM `xingsom`.`ecs_order_info` WHERE 1  AND   order_status  IN ('1','5')  AND   pay_status = '0' AND ( shipping_status  IN ('1','2')  OR pay_id  IN ('1','2','4') ) 

SELECT COUNT(*) FROM `xingsom`.`ecs_order_info` WHERE 1  AND order_status = '0' 

SELECT COUNT(*) FROM `xingsom`.`ecs_order_info` WHERE  shipping_status=4

SELECT COUNT(*) AS oCount, IFNULL(SUM(order_amount), 0) AS oAmount FROM `xingsom`.`ecs_order_info`

SELECT COUNT(*) FROM `xingsom`.`ecs_goods` WHERE is_delete = 0 AND is_alone_sale = 1 AND is_real = 1

SELECT COUNT(*) FROM `xingsom`.`ecs_goods` WHERE is_delete = 0 AND is_alone_sale = 1 AND is_real=0 AND extension_code='virtual_card'

SELECT COUNT(*) FROM `xingsom`.`ecs_goods` WHERE is_delete = 0 AND is_new = 1 AND is_real = 1

SELECT COUNT(*) FROM `xingsom`.`ecs_goods` WHERE is_delete = 0 AND is_new = 1 AND is_real=0 AND extension_code='virtual_card'

SELECT COUNT(*) FROM `xingsom`.`ecs_goods` WHERE is_delete = 0 AND is_best = 1 AND is_real = 1

SELECT COUNT(*) FROM `xingsom`.`ecs_goods` WHERE is_delete = 0 AND is_best = 1 AND is_real=0 AND extension_code='virtual_card'

SELECT COUNT(*) FROM `xingsom`.`ecs_goods` WHERE is_delete = 0 AND is_hot = 1 AND is_real = 1

SELECT COUNT(*) FROM `xingsom`.`ecs_goods` WHERE is_delete = 0 AND is_hot = 1 AND is_real=0 AND extension_code='virtual_card'

SELECT COUNT(*) FROM `xingsom`.`ecs_goods` WHERE is_delete = 0 AND promote_price>0 AND promote_start_date <= '1457477493' AND promote_end_date >= '1457477493' AND is_real = 1

SELECT COUNT(*) FROM `xingsom`.`ecs_goods` WHERE is_delete = 0 AND promote_price>0 AND promote_start_date <= '1457477493' AND promote_end_date >= '1457477493' AND is_real=0 AND extension_code='virtual_card'

SELECT COUNT(*) FROM `xingsom`.`ecs_goods` WHERE is_delete = 0 AND goods_number <= warn_number AND is_real = 1

SELECT COUNT(*) FROM `xingsom`.`ecs_goods` WHERE is_delete = 0 AND goods_number <= warn_number AND is_real=0 AND extension_code='virtual_card'

SELECT COUNT(*) FROM `xingsom`.`ecs_stats` WHERE access_time > 1457424000

SELECT count(*) FROM `xingsom`.`ecs_sessions`

SELECT COUNT(f.msg_id) FROM `xingsom`.`ecs_feedback` AS f LEFT JOIN `xingsom`.`ecs_feedback` AS r ON r.parent_id=f.msg_id WHERE f.parent_id=0 AND ISNULL(r.msg_id) 

SELECT COUNT(*) FROM `xingsom`.`ecs_comment` WHERE status = 0 AND parent_id = 0

SELECT COUNT(*) FROM `xingsom`.`ecs_booking_goods` WHERE is_dispose = 0

SELECT COUNT(*) FROM `xingsom`.`ecs_user_account` WHERE process_type = 1 AND is_paid = 0 

SELECT userid, adminid, user_name, user_rank, discount, email, data, expiry FROM `xingsom`.`ecs_sessions` WHERE sesskey = '6b654bc6cfce70d17f1779e37a9c9ed3'

SELECT code, value FROM `xingsom`.`ecs_shop_config` WHERE parent_id > 0

SELECT userid, adminid, user_name, user_rank, discount, email, data, expiry FROM `xingsom`.`ecs_sessions` WHERE sesskey = '6b654bc6cfce70d17f1779e37a9c9ed3'

SELECT code, value FROM `xingsom`.`ecs_shop_config` WHERE parent_id > 0

SELECT COUNT(*) AS oCount, IFNULL(SUM(order_amount), 0) AS oAmount FROM `xingsom`.`ecs_order_info`

SELECT COUNT(*) FROM `xingsom`.`ecs_goods` WHERE is_delete = 0 AND is_alone_sale = 1 AND is_real = 1

SELECT COUNT(*) FROM `xingsom`.`ecs_users`

SELECT value FROM `xingsom`.`ecs_shop_config` WHERE code = 'template'

SELECT value FROM `xingsom`.`ecs_shop_config` WHERE code = 'stylename'

SELECT userid, adminid, user_name, user_rank, discount, email, data, expiry FROM `xingsom`.`ecs_sessions` WHERE sesskey = '6b654bc6cfce70d17f1779e37a9c9ed3'

SELECT code, value FROM `xingsom`.`ecs_shop_config` WHERE parent_id > 0

SELECT COUNT(*) FROM `xingsom`.`ecs_goods_activity` WHERE act_type = '1' 

SELECT * FROM `xingsom`.`ecs_goods_activity` WHERE act_type = '1'   ORDER BY act_id DESC  LIMIT 0, 15

SELECT goods_id FROM `xingsom`.`ecs_goods_activity`WHERE act_id = '47' AND act_type = '1'

SELECT COUNT(*) AS total_order, SUM(g.goods_number) AS total_goods FROM `xingsom`.`ecs_order_info` AS o, `xingsom`.`ecs_order_goods` AS g  WHERE o.order_id = g.order_id AND o.extension_code = 'group_buy' AND o.extension_id = '47' AND g.goods_id = '226' AND (order_status = '1' OR order_status = '0')

SELECT goods_id FROM `xingsom`.`ecs_goods_activity`WHERE act_id = '46' AND act_type = '1'

SELECT COUNT(*) AS total_order, SUM(g.goods_number) AS total_goods FROM `xingsom`.`ecs_order_info` AS o, `xingsom`.`ecs_order_goods` AS g  WHERE o.order_id = g.order_id AND o.extension_code = 'group_buy' AND o.extension_id = '46' AND g.goods_id = '223' AND (order_status = '1' OR order_status = '0')

SELECT goods_id FROM `xingsom`.`ecs_goods_activity`WHERE act_id = '45' AND act_type = '1'

SELECT COUNT(*) AS total_order, SUM(g.goods_number) AS total_goods FROM `xingsom`.`ecs_order_info` AS o, `xingsom`.`ecs_order_goods` AS g  WHERE o.order_id = g.order_id AND o.extension_code = 'group_buy' AND o.extension_id = '45' AND g.goods_id = '220' AND (order_status = '1' OR order_status = '0')

SELECT goods_id FROM `xingsom`.`ecs_goods_activity`WHERE act_id = '44' AND act_type = '1'

SELECT COUNT(*) AS total_order, SUM(g.goods_number) AS total_goods FROM `xingsom`.`ecs_order_info` AS o, `xingsom`.`ecs_order_goods` AS g  WHERE o.order_id = g.order_id AND o.extension_code = 'group_buy' AND o.extension_id = '44' AND g.goods_id = '214' AND (order_status = '1' OR order_status = '0')

SELECT goods_id FROM `xingsom`.`ecs_goods_activity`WHERE act_id = '43' AND act_type = '1'

SELECT COUNT(*) AS total_order, SUM(g.goods_number) AS total_goods FROM `xingsom`.`ecs_order_info` AS o, `xingsom`.`ecs_order_goods` AS g  WHERE o.order_id = g.order_id AND o.extension_code = 'group_buy' AND o.extension_id = '43' AND g.goods_id = '208' AND (order_status = '1' OR order_status = '0')

DELETE FROM `xingsom`.`ecs_sessions_data` WHERE expiry < 1457504525

SELECT userid, adminid, user_name, user_rank, discount, email, data, expiry FROM `xingsom`.`ecs_sessions` WHERE sesskey = '6b654bc6cfce70d17f1779e37a9c9ed3'

SELECT code, value FROM `xingsom`.`ecs_shop_config` WHERE parent_id > 0

SELECT COUNT(*) FROM `xingsom`.`ecs_order_info` WHERE add_time >= '1456955800'

SELECT COUNT(*) FROM `xingsom`.`ecs_order_info` WHERE pay_time >= 1456955800

UPDATE `xingsom`.`ecs_sessions` SET expiry = '1457506325', ip = '123.123.107.36', userid = '0', adminid = '1', user_name='0', user_rank='0', discount='0', email='0', data = 'a:4:{s:10:\"admin_name\";s:5:\"admin\";s:11:\"action_list\";s:3:\"all\";s:10:\"last_check\";i:1457477525;s:12:\"suppliers_id\";s:1:\"0\";}' WHERE sesskey = '6b654bc6cfce70d17f1779e37a9c9ed3' LIMIT 1

SELECT userid, adminid, user_name, user_rank, discount, email, data, expiry FROM `xingsom`.`ecs_sessions` WHERE sesskey = '6b654bc6cfce70d17f1779e37a9c9ed3'

SELECT code, value FROM `xingsom`.`ecs_shop_config` WHERE parent_id > 0

SELECT suppliers_id, suppliers_name, suppliers_desc
            FROM `xingsom`.`ecs_suppliers`
            WHERE  is_check = 1 

SELECT c.cat_id, c.cat_name, c.measure_unit, c.parent_id, c.is_show, c.show_in_nav, c.grade, c.sort_order, COUNT(s.cat_id) AS has_children FROM `xingsom`.`ecs_category` AS c LEFT JOIN `xingsom`.`ecs_category` AS s ON s.parent_id=c.cat_id GROUP BY c.cat_id ORDER BY c.parent_id, c.sort_order ASC

SELECT cat_id, COUNT(*) AS goods_num  FROM `xingsom`.`ecs_goods` WHERE is_delete = 0 AND is_on_sale = 1  GROUP BY cat_id

SELECT gc.cat_id, COUNT(*) AS goods_num  FROM `xingsom`.`ecs_goods_cat` AS gc , `xingsom`.`ecs_goods` AS g  WHERE g.goods_id = gc.goods_id AND g.is_delete = 0 AND g.is_on_sale = 1  GROUP BY gc.cat_id

SELECT brand_id, brand_name FROM `xingsom`.`ecs_brand` ORDER BY sort_order

SELECT suppliers_id, suppliers_name, suppliers_desc
            FROM `xingsom`.`ecs_suppliers`
            WHERE  is_check = 1 

SELECT COUNT(*) FROM `xingsom`.`ecs_goods` AS g WHERE is_delete='0'  AND is_real='1'

SELECT goods_id, goods_name, goods_type, goods_sn, shop_price, is_on_sale, is_best, is_new, is_hot, sort_order, goods_number, integral,  (promote_price > 0 AND promote_start_date <= '1457510399' AND promote_end_date >= '1457510399') AS is_promote  FROM `xingsom`.`ecs_goods` AS g WHERE is_delete='0'  AND is_real='1' ORDER BY goods_id DESC  LIMIT 0,15

SELECT DISTINCT cat_id
            FROM `xingsom`.`ecs_attribute`
            WHERE attr_type = 1

SELECT userid, adminid, user_name, user_rank, discount, email, data, expiry FROM `xingsom`.`ecs_sessions` WHERE sesskey = '6b654bc6cfce70d17f1779e37a9c9ed3'

SELECT code, value FROM `xingsom`.`ecs_shop_config` WHERE parent_id > 0

SELECT * FROM `xingsom`.`ecs_payment` WHERE enabled = '1' ORDER BY pay_order

DELETE FROM `xingsom`.`ecs_sessions` WHERE expiry < 1457504528

SELECT userid, adminid, user_name, user_rank, discount, email, data, expiry FROM `xingsom`.`ecs_sessions` WHERE sesskey = '6b654bc6cfce70d17f1779e37a9c9ed3'

SELECT code, value FROM `xingsom`.`ecs_shop_config` WHERE parent_id > 0

SELECT suppliers_id, suppliers_name, suppliers_desc
            FROM `xingsom`.`ecs_suppliers`
            WHERE  is_check = 1 

SELECT c.cat_id, c.cat_name, c.measure_unit, c.parent_id, c.is_show, c.show_in_nav, c.grade, c.sort_order, COUNT(s.cat_id) AS has_children FROM `xingsom`.`ecs_category` AS c LEFT JOIN `xingsom`.`ecs_category` AS s ON s.parent_id=c.cat_id GROUP BY c.cat_id ORDER BY c.parent_id, c.sort_order ASC

SELECT cat_id, COUNT(*) AS goods_num  FROM `xingsom`.`ecs_goods` WHERE is_delete = 0 AND is_on_sale = 1  GROUP BY cat_id

SELECT gc.cat_id, COUNT(*) AS goods_num  FROM `xingsom`.`ecs_goods_cat` AS gc , `xingsom`.`ecs_goods` AS g  WHERE g.goods_id = gc.goods_id AND g.is_delete = 0 AND g.is_on_sale = 1  GROUP BY gc.cat_id

SELECT brand_id, brand_name FROM `xingsom`.`ecs_brand` ORDER BY sort_order

SELECT suppliers_id, suppliers_name, suppliers_desc
            FROM `xingsom`.`ecs_suppliers`
            WHERE  is_check = 1 

SELECT COUNT(*) FROM `xingsom`.`ecs_goods` AS g WHERE is_delete='0'  AND is_real='1'

SELECT goods_id, goods_name, goods_type, goods_sn, shop_price, is_on_sale, is_best, is_new, is_hot, sort_order, goods_number, integral,  (promote_price > 0 AND promote_start_date <= '1457510399' AND promote_end_date >= '1457510399') AS is_promote  FROM `xingsom`.`ecs_goods` AS g WHERE is_delete='0'  AND is_real='1' ORDER BY goods_id DESC  LIMIT 0,15

SELECT DISTINCT cat_id
            FROM `xingsom`.`ecs_attribute`
            WHERE attr_type = 1

UPDATE `xingsom`.`ecs_sessions` SET expiry = '1457506365', ip = '123.123.107.36', userid = '0', adminid = '1', user_name='0', user_rank='0', discount='0', email='0', data = 'a:4:{s:10:\"admin_name\";s:5:\"admin\";s:11:\"action_list\";s:3:\"all\";s:10:\"last_check\";i:1457477525;s:12:\"suppliers_id\";s:1:\"0\";}' WHERE sesskey = '6b654bc6cfce70d17f1779e37a9c9ed3' LIMIT 1

SELECT userid, adminid, user_name, user_rank, discount, email, data, expiry FROM `xingsom`.`ecs_sessions` WHERE sesskey = '6b654bc6cfce70d17f1779e37a9c9ed3'

SELECT code, value FROM `xingsom`.`ecs_shop_config` WHERE parent_id > 0

SELECT * FROM `xingsom`.`ecs_payment` WHERE enabled = '1' ORDER BY pay_order

SELECT userid, adminid, user_name, user_rank, discount, email, data, expiry FROM `xingsom`.`ecs_sessions` WHERE sesskey = '6b654bc6cfce70d17f1779e37a9c9ed3'

SELECT code, value FROM `xingsom`.`ecs_shop_config` WHERE parent_id > 0

SELECT message_id, sender_id, receiver_id, sent_time, readed, deleted, title, message, user_name FROM `xingsom`.`ecs_admin_message` AS a, `xingsom`.`ecs_admin_user` AS b WHERE a.sender_id = b.user_id AND a.receiver_id = '1' AND a.readed = 0 AND deleted = 0 ORDER BY a.sent_time DESC

SELECT pay_id, is_cod FROM `xingsom`.`ecs_payment` WHERE enabled = 1

SELECT COUNT(*) FROM `xingsom`.`ecs_order_info` WHERE 1  AND order_status  IN ('1','5')  AND shipping_status  IN ('1','2')  AND pay_status  IN ('2','1')  

SELECT pay_id FROM `xingsom`.`ecs_payment` WHERE is_cod = 1

SELECT COUNT(*) FROM `xingsom`.`ecs_order_info` WHERE 1  AND   order_status  IN ('1','5','6')  AND   shipping_status  IN ('0','3','5')  AND ( pay_status  IN ('2','1')  OR pay_id  IN ('3') ) 

SELECT pay_id FROM `xingsom`.`ecs_payment` WHERE is_cod = 0

SELECT COUNT(*) FROM `xingsom`.`ecs_order_info` WHERE 1  AND   order_status  IN ('1','5')  AND   pay_status = '0' AND ( shipping_status  IN ('1','2')  OR pay_id  IN ('1','2','4') ) 

SELECT COUNT(*) FROM `xingsom`.`ecs_order_info` WHERE 1  AND order_status = '0' 

SELECT COUNT(*) FROM `xingsom`.`ecs_order_info` WHERE  shipping_status=4

SELECT COUNT(*) AS oCount, IFNULL(SUM(order_amount), 0) AS oAmount FROM `xingsom`.`ecs_order_info`

SELECT COUNT(*) FROM `xingsom`.`ecs_goods` WHERE is_delete = 0 AND is_alone_sale = 1 AND is_real = 1

SELECT COUNT(*) FROM `xingsom`.`ecs_goods` WHERE is_delete = 0 AND is_alone_sale = 1 AND is_real=0 AND extension_code='virtual_card'

SELECT COUNT(*) FROM `xingsom`.`ecs_goods` WHERE is_delete = 0 AND is_new = 1 AND is_real = 1

SELECT COUNT(*) FROM `xingsom`.`ecs_goods` WHERE is_delete = 0 AND is_new = 1 AND is_real=0 AND extension_code='virtual_card'

SELECT COUNT(*) FROM `xingsom`.`ecs_goods` WHERE is_delete = 0 AND is_best = 1 AND is_real = 1

SELECT COUNT(*) FROM `xingsom`.`ecs_goods` WHERE is_delete = 0 AND is_best = 1 AND is_real=0 AND extension_code='virtual_card'

SELECT COUNT(*) FROM `xingsom`.`ecs_goods` WHERE is_delete = 0 AND is_hot = 1 AND is_real = 1

SELECT COUNT(*) FROM `xingsom`.`ecs_goods` WHERE is_delete = 0 AND is_hot = 1 AND is_real=0 AND extension_code='virtual_card'

SELECT COUNT(*) FROM `xingsom`.`ecs_goods` WHERE is_delete = 0 AND promote_price>0 AND promote_start_date <= '1457477570' AND promote_end_date >= '1457477570' AND is_real = 1

SELECT COUNT(*) FROM `xingsom`.`ecs_goods` WHERE is_delete = 0 AND promote_price>0 AND promote_start_date <= '1457477570' AND promote_end_date >= '1457477570' AND is_real=0 AND extension_code='virtual_card'

SELECT COUNT(*) FROM `xingsom`.`ecs_goods` WHERE is_delete = 0 AND goods_number <= warn_number AND is_real = 1

SELECT COUNT(*) FROM `xingsom`.`ecs_goods` WHERE is_delete = 0 AND goods_number <= warn_number AND is_real=0 AND extension_code='virtual_card'

SELECT COUNT(*) FROM `xingsom`.`ecs_stats` WHERE access_time > 1457424000

SELECT count(*) FROM `xingsom`.`ecs_sessions`

SELECT COUNT(f.msg_id) FROM `xingsom`.`ecs_feedback` AS f LEFT JOIN `xingsom`.`ecs_feedback` AS r ON r.parent_id=f.msg_id WHERE f.parent_id=0 AND ISNULL(r.msg_id) 

SELECT COUNT(*) FROM `xingsom`.`ecs_comment` WHERE status = 0 AND parent_id = 0

SELECT COUNT(*) FROM `xingsom`.`ecs_booking_goods` WHERE is_dispose = 0

SELECT COUNT(*) FROM `xingsom`.`ecs_user_account` WHERE process_type = 1 AND is_paid = 0 

DELETE FROM `xingsom`.`ecs_sessions` WHERE expiry < 1457504570

SELECT userid, adminid, user_name, user_rank, discount, email, data, expiry FROM `xingsom`.`ecs_sessions` WHERE sesskey = '6b654bc6cfce70d17f1779e37a9c9ed3'

SELECT code, value FROM `xingsom`.`ecs_shop_config` WHERE parent_id > 0

SELECT userid, adminid, user_name, user_rank, discount, email, data, expiry FROM `xingsom`.`ecs_sessions` WHERE sesskey = '6b654bc6cfce70d17f1779e37a9c9ed3'

SELECT code, value FROM `xingsom`.`ecs_shop_config` WHERE parent_id > 0

SELECT COUNT(*) AS oCount, IFNULL(SUM(order_amount), 0) AS oAmount FROM `xingsom`.`ecs_order_info`

SELECT COUNT(*) FROM `xingsom`.`ecs_goods` WHERE is_delete = 0 AND is_alone_sale = 1 AND is_real = 1

SELECT COUNT(*) FROM `xingsom`.`ecs_users`

SELECT value FROM `xingsom`.`ecs_shop_config` WHERE code = 'template'

SELECT value FROM `xingsom`.`ecs_shop_config` WHERE code = 'stylename'

DELETE FROM `xingsom`.`ecs_sessions_data` WHERE expiry < 1457504570

DELETE FROM `xingsom`.`ecs_sessions` WHERE expiry < 1457504570

DELETE FROM `xingsom`.`ecs_sessions` WHERE expiry < 1457504570

SELECT userid, adminid, user_name, user_rank, discount, email, data, expiry FROM `xingsom`.`ecs_sessions` WHERE sesskey = '6b654bc6cfce70d17f1779e37a9c9ed3'

SELECT code, value FROM `xingsom`.`ecs_shop_config` WHERE parent_id > 0

SELECT * FROM `xingsom`.`ecs_payment` WHERE enabled = '1' ORDER BY pay_order

DELETE FROM `xingsom`.`ecs_sessions_data` WHERE expiry < 1457504571

SELECT userid, adminid, user_name, user_rank, discount, email, data, expiry FROM `xingsom`.`ecs_sessions` WHERE sesskey = '6b654bc6cfce70d17f1779e37a9c9ed3'

SELECT code, value FROM `xingsom`.`ecs_shop_config` WHERE parent_id > 0

UPDATE `xingsom`.`ecs_sessions` SET expiry = '1457506392', ip = '123.123.107.36', userid = '0', adminid = '1', user_name='0', user_rank='0', discount='0', email='0', data = 'a:4:{s:10:\"admin_name\";s:5:\"admin\";s:11:\"action_list\";s:3:\"all\";s:10:\"last_check\";i:1457477525;s:12:\"suppliers_id\";s:1:\"0\";}' WHERE sesskey = '6b654bc6cfce70d17f1779e37a9c9ed3' LIMIT 1

DELETE FROM `xingsom`.`ecs_sessions` WHERE expiry < 1457504592

SELECT userid, adminid, user_name, user_rank, discount, email, data, expiry FROM `xingsom`.`ecs_sessions` WHERE sesskey = '6b654bc6cfce70d17f1779e37a9c9ed3'

SELECT code, value FROM `xingsom`.`ecs_shop_config` WHERE parent_id > 0

SELECT * FROM `xingsom`.`ecs_payment` WHERE pay_code = 'alipay' AND enabled = '1'

DELETE FROM `xingsom`.`ecs_sessions` WHERE expiry < 1457504600

SELECT userid, adminid, user_name, user_rank, discount, email, data, expiry FROM `xingsom`.`ecs_sessions` WHERE sesskey = '6b654bc6cfce70d17f1779e37a9c9ed3'

SELECT code, value FROM `xingsom`.`ecs_shop_config` WHERE parent_id > 0

SELECT COUNT(*) FROM `xingsom`.`ecs_order_info` WHERE add_time >= '1457477525'

SELECT COUNT(*) FROM `xingsom`.`ecs_order_info` WHERE pay_time >= 1457477525

UPDATE `xingsom`.`ecs_sessions` SET expiry = '1457506591', ip = '123.123.107.36', userid = '0', adminid = '1', user_name='0', user_rank='0', discount='0', email='0', data = 'a:4:{s:10:\"admin_name\";s:5:\"admin\";s:11:\"action_list\";s:3:\"all\";s:10:\"last_check\";i:1457477791;s:12:\"suppliers_id\";s:1:\"0\";}' WHERE sesskey = '6b654bc6cfce70d17f1779e37a9c9ed3' LIMIT 1

SELECT userid, adminid, user_name, user_rank, discount, email, data, expiry FROM `xingsom`.`ecs_sessions` WHERE sesskey = '6b654bc6cfce70d17f1779e37a9c9ed3'

SELECT code, value FROM `xingsom`.`ecs_shop_config` WHERE parent_id > 0

SELECT COUNT(*) FROM `xingsom`.`ecs_order_info` WHERE add_time >= '1457477791'

SELECT COUNT(*) FROM `xingsom`.`ecs_order_info` WHERE pay_time >= 1457477791

UPDATE `xingsom`.`ecs_sessions` SET expiry = '1457506772', ip = '123.123.107.36', userid = '0', adminid = '1', user_name='0', user_rank='0', discount='0', email='0', data = 'a:4:{s:10:\"admin_name\";s:5:\"admin\";s:11:\"action_list\";s:3:\"all\";s:10:\"last_check\";i:1457477972;s:12:\"suppliers_id\";s:1:\"0\";}' WHERE sesskey = '6b654bc6cfce70d17f1779e37a9c9ed3' LIMIT 1

DELETE FROM `xingsom`.`ecs_sessions` WHERE expiry < 1457504972

SELECT userid, adminid, user_name, user_rank, discount, email, data, expiry FROM `xingsom`.`ecs_sessions` WHERE sesskey = '6b654bc6cfce70d17f1779e37a9c9ed3'

SELECT code, value FROM `xingsom`.`ecs_shop_config` WHERE parent_id > 0

SELECT COUNT(*) FROM `xingsom`.`ecs_order_info` WHERE add_time >= '1457477972'

SELECT COUNT(*) FROM `xingsom`.`ecs_order_info` WHERE pay_time >= 1457477972

UPDATE `xingsom`.`ecs_sessions` SET expiry = '1457506973', ip = '123.123.107.36', userid = '0', adminid = '1', user_name='0', user_rank='0', discount='0', email='0', data = 'a:4:{s:10:\"admin_name\";s:5:\"admin\";s:11:\"action_list\";s:3:\"all\";s:10:\"last_check\";i:1457478173;s:12:\"suppliers_id\";s:1:\"0\";}' WHERE sesskey = '6b654bc6cfce70d17f1779e37a9c9ed3' LIMIT 1

SELECT userid, adminid, user_name, user_rank, discount, email, data, expiry FROM `xingsom`.`ecs_sessions` WHERE sesskey = '6b654bc6cfce70d17f1779e37a9c9ed3'

SELECT code, value FROM `xingsom`.`ecs_shop_config` WHERE parent_id > 0

SELECT COUNT(*) FROM `xingsom`.`ecs_order_info` WHERE add_time >= '1457478173'

SELECT COUNT(*) FROM `xingsom`.`ecs_order_info` WHERE pay_time >= 1457478173

UPDATE `xingsom`.`ecs_sessions` SET expiry = '1457507153', ip = '123.123.107.36', userid = '0', adminid = '1', user_name='0', user_rank='0', discount='0', email='0', data = 'a:4:{s:10:\"admin_name\";s:5:\"admin\";s:11:\"action_list\";s:3:\"all\";s:10:\"last_check\";i:1457478353;s:12:\"suppliers_id\";s:1:\"0\";}' WHERE sesskey = '6b654bc6cfce70d17f1779e37a9c9ed3' LIMIT 1

SELECT userid, adminid, user_name, user_rank, discount, email, data, expiry FROM `xingsom`.`ecs_sessions` WHERE sesskey = '6b654bc6cfce70d17f1779e37a9c9ed3'

SELECT code, value FROM `xingsom`.`ecs_shop_config` WHERE parent_id > 0

SELECT COUNT(*) FROM `xingsom`.`ecs_order_info` WHERE add_time >= '1457478353'

SELECT COUNT(*) FROM `xingsom`.`ecs_order_info` WHERE pay_time >= 1457478353

UPDATE `xingsom`.`ecs_sessions` SET expiry = '1457507333', ip = '123.123.107.36', userid = '0', adminid = '1', user_name='0', user_rank='0', discount='0', email='0', data = 'a:4:{s:10:\"admin_name\";s:5:\"admin\";s:11:\"action_list\";s:3:\"all\";s:10:\"last_check\";i:1457478533;s:12:\"suppliers_id\";s:1:\"0\";}' WHERE sesskey = '6b654bc6cfce70d17f1779e37a9c9ed3' LIMIT 1

SELECT userid, adminid, user_name, user_rank, discount, email, data, expiry FROM `xingsom`.`ecs_sessions` WHERE sesskey = '6b654bc6cfce70d17f1779e37a9c9ed3'

SELECT code, value FROM `xingsom`.`ecs_shop_config` WHERE parent_id > 0

SELECT COUNT(*) FROM `xingsom`.`ecs_order_info` WHERE add_time >= '1457478533'

SELECT COUNT(*) FROM `xingsom`.`ecs_order_info` WHERE pay_time >= 1457478533

UPDATE `xingsom`.`ecs_sessions` SET expiry = '1457507513', ip = '123.123.107.36', userid = '0', adminid = '1', user_name='0', user_rank='0', discount='0', email='0', data = 'a:4:{s:10:\"admin_name\";s:5:\"admin\";s:11:\"action_list\";s:3:\"all\";s:10:\"last_check\";i:1457478713;s:12:\"suppliers_id\";s:1:\"0\";}' WHERE sesskey = '6b654bc6cfce70d17f1779e37a9c9ed3' LIMIT 1

SELECT userid, adminid, user_name, user_rank, discount, email, data, expiry FROM `xingsom`.`ecs_sessions` WHERE sesskey = '6b654bc6cfce70d17f1779e37a9c9ed3'

SELECT code, value FROM `xingsom`.`ecs_shop_config` WHERE parent_id > 0

SELECT COUNT(*) FROM `xingsom`.`ecs_order_info` WHERE add_time >= '1457478713'

SELECT COUNT(*) FROM `xingsom`.`ecs_order_info` WHERE pay_time >= 1457478713

UPDATE `xingsom`.`ecs_sessions` SET expiry = '1457507693', ip = '123.123.107.36', userid = '0', adminid = '1', user_name='0', user_rank='0', discount='0', email='0', data = 'a:4:{s:10:\"admin_name\";s:5:\"admin\";s:11:\"action_list\";s:3:\"all\";s:10:\"last_check\";i:1457478893;s:12:\"suppliers_id\";s:1:\"0\";}' WHERE sesskey = '6b654bc6cfce70d17f1779e37a9c9ed3' LIMIT 1

SELECT userid, adminid, user_name, user_rank, discount, email, data, expiry FROM `xingsom`.`ecs_sessions` WHERE sesskey = '6b654bc6cfce70d17f1779e37a9c9ed3'

SELECT code, value FROM `xingsom`.`ecs_shop_config` WHERE parent_id > 0

SELECT COUNT(*) FROM `xingsom`.`ecs_order_info` WHERE add_time >= '1457478893'

SELECT COUNT(*) FROM `xingsom`.`ecs_order_info` WHERE pay_time >= 1457478893

UPDATE `xingsom`.`ecs_sessions` SET expiry = '1457507873', ip = '123.123.107.36', userid = '0', adminid = '1', user_name='0', user_rank='0', discount='0', email='0', data = 'a:4:{s:10:\"admin_name\";s:5:\"admin\";s:11:\"action_list\";s:3:\"all\";s:10:\"last_check\";i:1457479073;s:12:\"suppliers_id\";s:1:\"0\";}' WHERE sesskey = '6b654bc6cfce70d17f1779e37a9c9ed3' LIMIT 1

DELETE FROM `xingsom`.`ecs_sessions_data` WHERE expiry < 1457506073

SELECT userid, adminid, user_name, user_rank, discount, email, data, expiry FROM `xingsom`.`ecs_sessions` WHERE sesskey = '6b654bc6cfce70d17f1779e37a9c9ed3'

SELECT code, value FROM `xingsom`.`ecs_shop_config` WHERE parent_id > 0

SELECT COUNT(*) FROM `xingsom`.`ecs_order_info` WHERE add_time >= '1457479073'

SELECT COUNT(*) FROM `xingsom`.`ecs_order_info` WHERE pay_time >= 1457479073

UPDATE `xingsom`.`ecs_sessions` SET expiry = '1457508053', ip = '123.123.107.36', userid = '0', adminid = '1', user_name='0', user_rank='0', discount='0', email='0', data = 'a:4:{s:10:\"admin_name\";s:5:\"admin\";s:11:\"action_list\";s:3:\"all\";s:10:\"last_check\";i:1457479253;s:12:\"suppliers_id\";s:1:\"0\";}' WHERE sesskey = '6b654bc6cfce70d17f1779e37a9c9ed3' LIMIT 1

SELECT userid, adminid, user_name, user_rank, discount, email, data, expiry FROM `xingsom`.`ecs_sessions` WHERE sesskey = '6b654bc6cfce70d17f1779e37a9c9ed3'

SELECT code, value FROM `xingsom`.`ecs_shop_config` WHERE parent_id > 0

SELECT COUNT(*) FROM `xingsom`.`ecs_order_info` WHERE add_time >= '1457479253'

SELECT COUNT(*) FROM `xingsom`.`ecs_order_info` WHERE pay_time >= 1457479253

UPDATE `xingsom`.`ecs_sessions` SET expiry = '1457508233', ip = '123.123.107.36', userid = '0', adminid = '1', user_name='0', user_rank='0', discount='0', email='0', data = 'a:4:{s:10:\"admin_name\";s:5:\"admin\";s:11:\"action_list\";s:3:\"all\";s:10:\"last_check\";i:1457479433;s:12:\"suppliers_id\";s:1:\"0\";}' WHERE sesskey = '6b654bc6cfce70d17f1779e37a9c9ed3' LIMIT 1

SELECT userid, adminid, user_name, user_rank, discount, email, data, expiry FROM `xingsom`.`ecs_sessions` WHERE sesskey = '6b654bc6cfce70d17f1779e37a9c9ed3'

SELECT code, value FROM `xingsom`.`ecs_shop_config` WHERE parent_id > 0

SELECT COUNT(*) FROM `xingsom`.`ecs_order_info` WHERE add_time >= '1457479433'

SELECT COUNT(*) FROM `xingsom`.`ecs_order_info` WHERE pay_time >= 1457479433

UPDATE `xingsom`.`ecs_sessions` SET expiry = '1457508413', ip = '123.123.107.36', userid = '0', adminid = '1', user_name='0', user_rank='0', discount='0', email='0', data = 'a:4:{s:10:\"admin_name\";s:5:\"admin\";s:11:\"action_list\";s:3:\"all\";s:10:\"last_check\";i:1457479613;s:12:\"suppliers_id\";s:1:\"0\";}' WHERE sesskey = '6b654bc6cfce70d17f1779e37a9c9ed3' LIMIT 1

SELECT userid, adminid, user_name, user_rank, discount, email, data, expiry FROM `xingsom`.`ecs_sessions` WHERE sesskey = '6b654bc6cfce70d17f1779e37a9c9ed3'

SELECT code, value FROM `xingsom`.`ecs_shop_config` WHERE parent_id > 0

SELECT COUNT(*) FROM `xingsom`.`ecs_order_info` WHERE add_time >= '1457479613'

SELECT COUNT(*) FROM `xingsom`.`ecs_order_info` WHERE pay_time >= 1457479613

UPDATE `xingsom`.`ecs_sessions` SET expiry = '1457508593', ip = '123.123.107.36', userid = '0', adminid = '1', user_name='0', user_rank='0', discount='0', email='0', data = 'a:4:{s:10:\"admin_name\";s:5:\"admin\";s:11:\"action_list\";s:3:\"all\";s:10:\"last_check\";i:1457479793;s:12:\"suppliers_id\";s:1:\"0\";}' WHERE sesskey = '6b654bc6cfce70d17f1779e37a9c9ed3' LIMIT 1

DELETE FROM `xingsom`.`ecs_sessions_data` WHERE expiry < 1457506793

SELECT userid, adminid, user_name, user_rank, discount, email, data, expiry FROM `xingsom`.`ecs_sessions` WHERE sesskey = '6b654bc6cfce70d17f1779e37a9c9ed3'

SELECT code, value FROM `xingsom`.`ecs_shop_config` WHERE parent_id > 0

SELECT COUNT(*) FROM `xingsom`.`ecs_order_info` WHERE add_time >= '1457479793'

SELECT COUNT(*) FROM `xingsom`.`ecs_order_info` WHERE pay_time >= 1457479793

UPDATE `xingsom`.`ecs_sessions` SET expiry = '1457508773', ip = '123.123.107.36', userid = '0', adminid = '1', user_name='0', user_rank='0', discount='0', email='0', data = 'a:4:{s:10:\"admin_name\";s:5:\"admin\";s:11:\"action_list\";s:3:\"all\";s:10:\"last_check\";i:1457479973;s:12:\"suppliers_id\";s:1:\"0\";}' WHERE sesskey = '6b654bc6cfce70d17f1779e37a9c9ed3' LIMIT 1

SELECT userid, adminid, user_name, user_rank, discount, email, data, expiry FROM `xingsom`.`ecs_sessions` WHERE sesskey = '6b654bc6cfce70d17f1779e37a9c9ed3'

SELECT code, value FROM `xingsom`.`ecs_shop_config` WHERE parent_id > 0

SELECT COUNT(*) FROM `xingsom`.`ecs_order_info` WHERE add_time >= '1457479973'

SELECT COUNT(*) FROM `xingsom`.`ecs_order_info` WHERE pay_time >= 1457479973

UPDATE `xingsom`.`ecs_sessions` SET expiry = '1457508953', ip = '123.123.107.36', userid = '0', adminid = '1', user_name='0', user_rank='0', discount='0', email='0', data = 'a:4:{s:10:\"admin_name\";s:5:\"admin\";s:11:\"action_list\";s:3:\"all\";s:10:\"last_check\";i:1457480153;s:12:\"suppliers_id\";s:1:\"0\";}' WHERE sesskey = '6b654bc6cfce70d17f1779e37a9c9ed3' LIMIT 1

DELETE FROM `xingsom`.`ecs_sessions_data` WHERE expiry < 1457507153

SELECT userid, adminid, user_name, user_rank, discount, email, data, expiry FROM `xingsom`.`ecs_sessions` WHERE sesskey = '6b654bc6cfce70d17f1779e37a9c9ed3'

SELECT code, value FROM `xingsom`.`ecs_shop_config` WHERE parent_id > 0

SELECT COUNT(*) FROM `xingsom`.`ecs_order_info` WHERE add_time >= '1457480153'

SELECT COUNT(*) FROM `xingsom`.`ecs_order_info` WHERE pay_time >= 1457480153

UPDATE `xingsom`.`ecs_sessions` SET expiry = '1457509133', ip = '123.123.107.36', userid = '0', adminid = '1', user_name='0', user_rank='0', discount='0', email='0', data = 'a:4:{s:10:\"admin_name\";s:5:\"admin\";s:11:\"action_list\";s:3:\"all\";s:10:\"last_check\";i:1457480333;s:12:\"suppliers_id\";s:1:\"0\";}' WHERE sesskey = '6b654bc6cfce70d17f1779e37a9c9ed3' LIMIT 1

SELECT userid, adminid, user_name, user_rank, discount, email, data, expiry FROM `xingsom`.`ecs_sessions` WHERE sesskey = '6b654bc6cfce70d17f1779e37a9c9ed3'

SELECT code, value FROM `xingsom`.`ecs_shop_config` WHERE parent_id > 0

SELECT COUNT(*) FROM `xingsom`.`ecs_order_info` WHERE add_time >= '1457480333'

SELECT COUNT(*) FROM `xingsom`.`ecs_order_info` WHERE pay_time >= 1457480333

UPDATE `xingsom`.`ecs_sessions` SET expiry = '1457509313', ip = '123.123.107.36', userid = '0', adminid = '1', user_name='0', user_rank='0', discount='0', email='0', data = 'a:4:{s:10:\"admin_name\";s:5:\"admin\";s:11:\"action_list\";s:3:\"all\";s:10:\"last_check\";i:1457480513;s:12:\"suppliers_id\";s:1:\"0\";}' WHERE sesskey = '6b654bc6cfce70d17f1779e37a9c9ed3' LIMIT 1

DELETE FROM `xingsom`.`ecs_sessions_data` WHERE expiry < 1457507513

SELECT userid, adminid, user_name, user_rank, discount, email, data, expiry FROM `xingsom`.`ecs_sessions` WHERE sesskey = '6b654bc6cfce70d17f1779e37a9c9ed3'

SELECT code, value FROM `xingsom`.`ecs_shop_config` WHERE parent_id > 0

SELECT COUNT(*) FROM `xingsom`.`ecs_order_info` WHERE add_time >= '1457480513'

SELECT COUNT(*) FROM `xingsom`.`ecs_order_info` WHERE pay_time >= 1457480513

UPDATE `xingsom`.`ecs_sessions` SET expiry = '1457509493', ip = '123.123.107.36', userid = '0', adminid = '1', user_name='0', user_rank='0', discount='0', email='0', data = 'a:4:{s:10:\"admin_name\";s:5:\"admin\";s:11:\"action_list\";s:3:\"all\";s:10:\"last_check\";i:1457480693;s:12:\"suppliers_id\";s:1:\"0\";}' WHERE sesskey = '6b654bc6cfce70d17f1779e37a9c9ed3' LIMIT 1

DELETE FROM `xingsom`.`ecs_sessions_data` WHERE expiry < 1457507693

SELECT userid, adminid, user_name, user_rank, discount, email, data, expiry FROM `xingsom`.`ecs_sessions` WHERE sesskey = '6b654bc6cfce70d17f1779e37a9c9ed3'

SELECT code, value FROM `xingsom`.`ecs_shop_config` WHERE parent_id > 0

SELECT COUNT(*) FROM `xingsom`.`ecs_order_info` WHERE add_time >= '1457480693'

SELECT COUNT(*) FROM `xingsom`.`ecs_order_info` WHERE pay_time >= 1457480693

UPDATE `xingsom`.`ecs_sessions` SET expiry = '1457509673', ip = '123.123.107.36', userid = '0', adminid = '1', user_name='0', user_rank='0', discount='0', email='0', data = 'a:4:{s:10:\"admin_name\";s:5:\"admin\";s:11:\"action_list\";s:3:\"all\";s:10:\"last_check\";i:1457480873;s:12:\"suppliers_id\";s:1:\"0\";}' WHERE sesskey = '6b654bc6cfce70d17f1779e37a9c9ed3' LIMIT 1

DELETE FROM `xingsom`.`ecs_sessions_data` WHERE expiry < 1457507873

SELECT userid, adminid, user_name, user_rank, discount, email, data, expiry FROM `xingsom`.`ecs_sessions` WHERE sesskey = '6b654bc6cfce70d17f1779e37a9c9ed3'

SELECT code, value FROM `xingsom`.`ecs_shop_config` WHERE parent_id > 0

SELECT COUNT(*) FROM `xingsom`.`ecs_order_info` WHERE add_time >= '1457480873'

SELECT COUNT(*) FROM `xingsom`.`ecs_order_info` WHERE pay_time >= 1457480873

UPDATE `xingsom`.`ecs_sessions` SET expiry = '1457509853', ip = '123.123.107.36', userid = '0', adminid = '1', user_name='0', user_rank='0', discount='0', email='0', data = 'a:4:{s:10:\"admin_name\";s:5:\"admin\";s:11:\"action_list\";s:3:\"all\";s:10:\"last_check\";i:1457481053;s:12:\"suppliers_id\";s:1:\"0\";}' WHERE sesskey = '6b654bc6cfce70d17f1779e37a9c9ed3' LIMIT 1

DELETE FROM `xingsom`.`ecs_sessions_data` WHERE expiry < 1457508053

SELECT userid, adminid, user_name, user_rank, discount, email, data, expiry FROM `xingsom`.`ecs_sessions` WHERE sesskey = '6b654bc6cfce70d17f1779e37a9c9ed3'

SELECT code, value FROM `xingsom`.`ecs_shop_config` WHERE parent_id > 0

SELECT COUNT(*) FROM `xingsom`.`ecs_order_info` WHERE add_time >= '1457481053'

SELECT COUNT(*) FROM `xingsom`.`ecs_order_info` WHERE pay_time >= 1457481053

UPDATE `xingsom`.`ecs_sessions` SET expiry = '1457510033', ip = '123.123.107.36', userid = '0', adminid = '1', user_name='0', user_rank='0', discount='0', email='0', data = 'a:4:{s:10:\"admin_name\";s:5:\"admin\";s:11:\"action_list\";s:3:\"all\";s:10:\"last_check\";i:1457481233;s:12:\"suppliers_id\";s:1:\"0\";}' WHERE sesskey = '6b654bc6cfce70d17f1779e37a9c9ed3' LIMIT 1

DELETE FROM `xingsom`.`ecs_sessions_data` WHERE expiry < 1457508233

SELECT userid, adminid, user_name, user_rank, discount, email, data, expiry FROM `xingsom`.`ecs_sessions` WHERE sesskey = '6b654bc6cfce70d17f1779e37a9c9ed3'

SELECT code, value FROM `xingsom`.`ecs_shop_config` WHERE parent_id > 0

UPDATE `xingsom`.`ecs_sessions` SET expiry = '1457510320', ip = '123.123.107.36', userid = '0', adminid = '1', user_name='0', user_rank='0', discount='0', email='0', data = 'a:4:{s:10:\"admin_name\";s:5:\"admin\";s:11:\"action_list\";s:3:\"all\";s:10:\"last_check\";i:1457481233;s:12:\"suppliers_id\";s:1:\"0\";}' WHERE sesskey = '6b654bc6cfce70d17f1779e37a9c9ed3' LIMIT 1

DELETE FROM `xingsom`.`ecs_sessions` WHERE expiry < 1457508520

SELECT userid, adminid, user_name, user_rank, discount, email, data, expiry FROM `xingsom`.`ecs_sessions` WHERE sesskey = '6b654bc6cfce70d17f1779e37a9c9ed3'

SELECT code, value FROM `xingsom`.`ecs_shop_config` WHERE parent_id > 0

DELETE FROM `xingsom`.`ecs_cart` WHERE session_id = '6b654bc6cfce70d17f1779e37a9c9ed3'

DELETE FROM `xingsom`.`ecs_sessions_data` WHERE sesskey = '6b654bc6cfce70d17f1779e37a9c9ed3' LIMIT 1

DELETE FROM `xingsom`.`ecs_sessions` WHERE sesskey = '6b654bc6cfce70d17f1779e37a9c9ed3' LIMIT 1

UPDATE `xingsom`.`ecs_sessions` SET expiry = '1457510326', ip = '123.123.107.36', userid = '0', adminid = '0', user_name='0', user_rank='0', discount='0', email='0', data = 'a:0:{}' WHERE sesskey = '6b654bc6cfce70d17f1779e37a9c9ed3' LIMIT 1

DELETE FROM `xingsom`.`ecs_sessions` WHERE expiry < 1457508526

INSERT INTO `xingsom`.`ecs_sessions` (sesskey, expiry, ip, data) VALUES ('974c2205dfeee3b2f7f03afb1ef99732', '1457510330', '123.123.107.36', 'a:0:{}')

SELECT code, value FROM `xingsom`.`ecs_shop_config` WHERE parent_id > 0

SELECT `ec_salt` FROM `xingsom`.`ecs_admin_user`WHERE user_name = 'admin'

SELECT user_id, user_name, password, last_login, action_list, last_login,suppliers_id,ec_salt FROM `xingsom`.`ecs_admin_user` WHERE user_name = 'admin' AND password = 'a43aadd7bf250b41d59d02f310f30589'

UPDATE `xingsom`.`ecs_admin_user` SET last_login='1457481530', last_ip='123.123.107.36' WHERE user_id='1'

SELECT DISTINCT session_id FROM `xingsom`.`ecs_cart` AS c, `xingsom`.`ecs_sessions` AS s WHERE c.session_id = s.sesskey 

DELETE FROM `xingsom`.`ecs_cart` WHERE session_id NOT  IN ('') 

UPDATE `xingsom`.`ecs_sessions` SET expiry = '1457510330', ip = '123.123.107.36', userid = '0', adminid = '1', user_name='0', user_rank='0', discount='0', email='0', data = 'a:4:{s:10:\"admin_name\";s:5:\"admin\";s:11:\"action_list\";s:3:\"all\";s:10:\"last_check\";s:10:\"1457477492\";s:12:\"suppliers_id\";s:1:\"0\";}' WHERE sesskey = '974c2205dfeee3b2f7f03afb1ef99732' LIMIT 1

DELETE FROM `xingsom`.`ecs_sessions` WHERE expiry < 1457508530

SELECT userid, adminid, user_name, user_rank, discount, email, data, expiry FROM `xingsom`.`ecs_sessions` WHERE sesskey = '974c2205dfeee3b2f7f03afb1ef99732'

SELECT code, value FROM `xingsom`.`ecs_shop_config` WHERE parent_id > 0

DELETE FROM `xingsom`.`ecs_sessions` WHERE expiry < 1457508530

SELECT userid, adminid, user_name, user_rank, discount, email, data, expiry FROM `xingsom`.`ecs_sessions` WHERE sesskey = '974c2205dfeee3b2f7f03afb1ef99732'

SELECT code, value FROM `xingsom`.`ecs_shop_config` WHERE parent_id > 0

SELECT * FROM `xingsom`.`ecs_payment` WHERE enabled = '1' ORDER BY pay_order

DELETE FROM `xingsom`.`ecs_sessions_data` WHERE expiry < 1457508535

SELECT userid, adminid, user_name, user_rank, discount, email, data, expiry FROM `xingsom`.`ecs_sessions` WHERE sesskey = '974c2205dfeee3b2f7f03afb1ef99732'

SELECT code, value FROM `xingsom`.`ecs_shop_config` WHERE parent_id > 0

SELECT COUNT(*) FROM `xingsom`.`ecs_order_info` WHERE add_time >= '1457477492'

SELECT COUNT(*) FROM `xingsom`.`ecs_order_info` WHERE pay_time >= 1457477492

UPDATE `xingsom`.`ecs_sessions` SET expiry = '1457510336', ip = '123.123.107.36', userid = '0', adminid = '1', user_name='0', user_rank='0', discount='0', email='0', data = 'a:4:{s:10:\"admin_name\";s:5:\"admin\";s:11:\"action_list\";s:3:\"all\";s:10:\"last_check\";i:1457481536;s:12:\"suppliers_id\";s:1:\"0\";}' WHERE sesskey = '974c2205dfeee3b2f7f03afb1ef99732' LIMIT 1

DELETE FROM `xingsom`.`ecs_sessions_data` WHERE expiry < 1457508536

DELETE FROM `xingsom`.`ecs_sessions` WHERE expiry < 1457508536

SELECT userid, adminid, user_name, user_rank, discount, email, data, expiry FROM `xingsom`.`ecs_sessions` WHERE sesskey = '974c2205dfeee3b2f7f03afb1ef99732'

SELECT code, value FROM `xingsom`.`ecs_shop_config` WHERE parent_id > 0

SELECT userid, adminid, user_name, user_rank, discount, email, data, expiry FROM `xingsom`.`ecs_sessions` WHERE sesskey = '974c2205dfeee3b2f7f03afb1ef99732'

SELECT code, value FROM `xingsom`.`ecs_shop_config` WHERE parent_id > 0

SELECT * FROM `xingsom`.`ecs_payment` WHERE enabled = '1' ORDER BY pay_order

DELETE FROM `xingsom`.`ecs_sessions_data` WHERE expiry < 1457508544

DELETE FROM `xingsom`.`ecs_sessions` WHERE expiry < 1457508544

SELECT userid, adminid, user_name, user_rank, discount, email, data, expiry FROM `xingsom`.`ecs_sessions` WHERE sesskey = '974c2205dfeee3b2f7f03afb1ef99732'

SELECT code, value FROM `xingsom`.`ecs_shop_config` WHERE parent_id > 0

UPDATE `xingsom`.`ecs_sessions` SET expiry = '1457510346', ip = '123.123.107.36', userid = '0', adminid = '1', user_name='0', user_rank='0', discount='0', email='0', data = 'a:4:{s:10:\"admin_name\";s:5:\"admin\";s:11:\"action_list\";s:3:\"all\";s:10:\"last_check\";i:1457481536;s:12:\"suppliers_id\";s:1:\"0\";}' WHERE sesskey = '974c2205dfeee3b2f7f03afb1ef99732' LIMIT 1

DELETE FROM `xingsom`.`ecs_sessions` WHERE expiry < 1457508546

INSERT INTO `xingsom`.`ecs_sessions` (sesskey, expiry, ip, data) VALUES ('1c0639a0515dc3b0f0b96cfd6eed1829', '1457510396', '123.123.107.36', 'a:0:{}')

SELECT code, value FROM `xingsom`.`ecs_shop_config` WHERE parent_id > 0

UPDATE `xingsom`.`ecs_sessions` SET expiry = '1457510396', ip = '123.123.107.36', userid = '0', adminid = '0', user_name='0', user_rank='0', discount='0', email='0', data = 'a:0:{}' WHERE sesskey = '1c0639a0515dc3b0f0b96cfd6eed1829' LIMIT 1

DELETE FROM `xingsom`.`ecs_sessions` WHERE expiry < 1457508596

SELECT userid, adminid, user_name, user_rank, discount, email, data, expiry FROM `xingsom`.`ecs_sessions` WHERE sesskey = '1c0639a0515dc3b0f0b96cfd6eed1829'

SELECT code, value FROM `xingsom`.`ecs_shop_config` WHERE parent_id > 0

DELETE FROM `xingsom`.`ecs_sessions` WHERE expiry < 1457508596

SELECT userid, adminid, user_name, user_rank, discount, email, data, expiry FROM `xingsom`.`ecs_sessions` WHERE sesskey = '1c0639a0515dc3b0f0b96cfd6eed1829'

SELECT code, value FROM `xingsom`.`ecs_shop_config` WHERE parent_id > 0

SELECT `ec_salt` FROM `xingsom`.`ecs_admin_user`WHERE user_name = 'admin'

SELECT user_id, user_name, password, last_login, action_list, last_login,suppliers_id,ec_salt FROM `xingsom`.`ecs_admin_user` WHERE user_name = 'admin' AND password = 'a43aadd7bf250b41d59d02f310f30589'

UPDATE `xingsom`.`ecs_admin_user` SET last_login='1457481607', last_ip='123.123.107.36' WHERE user_id='1'

SELECT DISTINCT session_id FROM `xingsom`.`ecs_cart` AS c, `xingsom`.`ecs_sessions` AS s WHERE c.session_id = s.sesskey 

DELETE FROM `xingsom`.`ecs_cart` WHERE session_id NOT  IN ('') 

UPDATE `xingsom`.`ecs_sessions` SET expiry = '1457510407', ip = '123.123.107.36', userid = '0', adminid = '1', user_name='0', user_rank='0', discount='0', email='0', data = 'a:4:{s:10:\"admin_name\";s:5:\"admin\";s:11:\"action_list\";s:3:\"all\";s:10:\"last_check\";s:10:\"1457481530\";s:12:\"suppliers_id\";s:1:\"0\";}' WHERE sesskey = '1c0639a0515dc3b0f0b96cfd6eed1829' LIMIT 1

DELETE FROM `xingsom`.`ecs_sessions_data` WHERE expiry < 1457508607

SELECT userid, adminid, user_name, user_rank, discount, email, data, expiry FROM `xingsom`.`ecs_sessions` WHERE sesskey = '1c0639a0515dc3b0f0b96cfd6eed1829'

SELECT code, value FROM `xingsom`.`ecs_shop_config` WHERE parent_id > 0

DELETE FROM `xingsom`.`ecs_sessions_data` WHERE expiry < 1457508607

SELECT userid, adminid, user_name, user_rank, discount, email, data, expiry FROM `xingsom`.`ecs_sessions` WHERE sesskey = '1c0639a0515dc3b0f0b96cfd6eed1829'

SELECT code, value FROM `xingsom`.`ecs_shop_config` WHERE parent_id > 0

SELECT message_id, sender_id, receiver_id, sent_time, readed, deleted, title, message, user_name FROM `xingsom`.`ecs_admin_message` AS a, `xingsom`.`ecs_admin_user` AS b WHERE a.sender_id = b.user_id AND a.receiver_id = '1' AND a.readed = 0 AND deleted = 0 ORDER BY a.sent_time DESC

SELECT pay_id, is_cod FROM `xingsom`.`ecs_payment` WHERE enabled = 1

SELECT COUNT(*) FROM `xingsom`.`ecs_order_info` WHERE 1  AND order_status  IN ('1','5')  AND shipping_status  IN ('1','2')  AND pay_status  IN ('2','1')  

SELECT pay_id FROM `xingsom`.`ecs_payment` WHERE is_cod = 1

SELECT COUNT(*) FROM `xingsom`.`ecs_order_info` WHERE 1  AND   order_status  IN ('1','5','6')  AND   shipping_status  IN ('0','3','5')  AND ( pay_status  IN ('2','1')  OR pay_id  IN ('3') ) 

SELECT pay_id FROM `xingsom`.`ecs_payment` WHERE is_cod = 0

SELECT COUNT(*) FROM `xingsom`.`ecs_order_info` WHERE 1  AND   order_status  IN ('1','5')  AND   pay_status = '0' AND ( shipping_status  IN ('1','2')  OR pay_id  IN ('1','2','4') ) 

SELECT COUNT(*) FROM `xingsom`.`ecs_order_info` WHERE 1  AND order_status = '0' 

SELECT COUNT(*) FROM `xingsom`.`ecs_order_info` WHERE  shipping_status=4

SELECT COUNT(*) AS oCount, IFNULL(SUM(order_amount), 0) AS oAmount FROM `xingsom`.`ecs_order_info`

SELECT COUNT(*) FROM `xingsom`.`ecs_goods` WHERE is_delete = 0 AND is_alone_sale = 1 AND is_real = 1

SELECT COUNT(*) FROM `xingsom`.`ecs_goods` WHERE is_delete = 0 AND is_alone_sale = 1 AND is_real=0 AND extension_code='virtual_card'

SELECT COUNT(*) FROM `xingsom`.`ecs_goods` WHERE is_delete = 0 AND is_new = 1 AND is_real = 1

SELECT COUNT(*) FROM `xingsom`.`ecs_goods` WHERE is_delete = 0 AND is_new = 1 AND is_real=0 AND extension_code='virtual_card'

SELECT COUNT(*) FROM `xingsom`.`ecs_goods` WHERE is_delete = 0 AND is_best = 1 AND is_real = 1

SELECT COUNT(*) FROM `xingsom`.`ecs_goods` WHERE is_delete = 0 AND is_best = 1 AND is_real=0 AND extension_code='virtual_card'

SELECT COUNT(*) FROM `xingsom`.`ecs_goods` WHERE is_delete = 0 AND is_hot = 1 AND is_real = 1

SELECT COUNT(*) FROM `xingsom`.`ecs_goods` WHERE is_delete = 0 AND is_hot = 1 AND is_real=0 AND extension_code='virtual_card'

SELECT COUNT(*) FROM `xingsom`.`ecs_goods` WHERE is_delete = 0 AND promote_price>0 AND promote_start_date <= '1457481608' AND promote_end_date >= '1457481608' AND is_real = 1

SELECT COUNT(*) FROM `xingsom`.`ecs_goods` WHERE is_delete = 0 AND promote_price>0 AND promote_start_date <= '1457481608' AND promote_end_date >= '1457481608' AND is_real=0 AND extension_code='virtual_card'

SELECT COUNT(*) FROM `xingsom`.`ecs_goods` WHERE is_delete = 0 AND goods_number <= warn_number AND is_real = 1

SELECT COUNT(*) FROM `xingsom`.`ecs_goods` WHERE is_delete = 0 AND goods_number <= warn_number AND is_real=0 AND extension_code='virtual_card'

SELECT COUNT(*) FROM `xingsom`.`ecs_stats` WHERE access_time > 1457424000

SELECT count(*) FROM `xingsom`.`ecs_sessions`

SELECT COUNT(f.msg_id) FROM `xingsom`.`ecs_feedback` AS f LEFT JOIN `xingsom`.`ecs_feedback` AS r ON r.parent_id=f.msg_id WHERE f.parent_id=0 AND ISNULL(r.msg_id) 

SELECT COUNT(*) FROM `xingsom`.`ecs_comment` WHERE status = 0 AND parent_id = 0

SELECT COUNT(*) FROM `xingsom`.`ecs_booking_goods` WHERE is_dispose = 0

SELECT COUNT(*) FROM `xingsom`.`ecs_user_account` WHERE process_type = 1 AND is_paid = 0 

DELETE FROM `xingsom`.`ecs_sessions` WHERE expiry < 1457508608

SELECT userid, adminid, user_name, user_rank, discount, email, data, expiry FROM `xingsom`.`ecs_sessions` WHERE sesskey = '1c0639a0515dc3b0f0b96cfd6eed1829'

SELECT code, value FROM `xingsom`.`ecs_shop_config` WHERE parent_id > 0

SELECT userid, adminid, user_name, user_rank, discount, email, data, expiry FROM `xingsom`.`ecs_sessions` WHERE sesskey = '1c0639a0515dc3b0f0b96cfd6eed1829'

SELECT code, value FROM `xingsom`.`ecs_shop_config` WHERE parent_id > 0

SELECT COUNT(*) AS oCount, IFNULL(SUM(order_amount), 0) AS oAmount FROM `xingsom`.`ecs_order_info`

SELECT COUNT(*) FROM `xingsom`.`ecs_goods` WHERE is_delete = 0 AND is_alone_sale = 1 AND is_real = 1

SELECT COUNT(*) FROM `xingsom`.`ecs_users`

SELECT value FROM `xingsom`.`ecs_shop_config` WHERE code = 'template'

SELECT value FROM `xingsom`.`ecs_shop_config` WHERE code = 'stylename'

DELETE FROM `xingsom`.`ecs_sessions` WHERE expiry < 1457508608

DELETE FROM `xingsom`.`ecs_sessions_data` WHERE expiry < 1457508608

DELETE FROM `xingsom`.`ecs_sessions` WHERE expiry < 1457508608

INSERT INTO `xingsom`.`ecs_sessions` (sesskey, expiry, ip, data) VALUES ('e03128a04474efcde6283ac81910f751', '1457513392', '123.123.111.81', 'a:0:{}')

SELECT code, value FROM `xingsom`.`ecs_shop_config` WHERE parent_id > 0

UPDATE `xingsom`.`ecs_sessions` SET expiry = '1457513392', ip = '123.123.111.81', userid = '0', adminid = '0', user_name='0', user_rank='0', discount='0', email='0', data = 'a:0:{}' WHERE sesskey = 'e03128a04474efcde6283ac81910f751' LIMIT 1

DELETE FROM `xingsom`.`ecs_sessions` WHERE expiry < 1457511592

SELECT userid, adminid, user_name, user_rank, discount, email, data, expiry FROM `xingsom`.`ecs_sessions` WHERE sesskey = 'e03128a04474efcde6283ac81910f751'

SELECT code, value FROM `xingsom`.`ecs_shop_config` WHERE parent_id > 0

DELETE FROM `xingsom`.`ecs_sessions_data` WHERE expiry < 1457511592

DELETE FROM `xingsom`.`ecs_sessions` WHERE expiry < 1457511592

SELECT userid, adminid, user_name, user_rank, discount, email, data, expiry FROM `xingsom`.`ecs_sessions` WHERE sesskey = 'e03128a04474efcde6283ac81910f751'

SELECT code, value FROM `xingsom`.`ecs_shop_config` WHERE parent_id > 0

SELECT `ec_salt` FROM `xingsom`.`ecs_admin_user`WHERE user_name = 'admin'

SELECT user_id, user_name, password, last_login, action_list, last_login,suppliers_id,ec_salt FROM `xingsom`.`ecs_admin_user` WHERE user_name = 'admin' AND password = 'a43aadd7bf250b41d59d02f310f30589'

UPDATE `xingsom`.`ecs_admin_user` SET last_login='1457484602', last_ip='123.123.111.81' WHERE user_id='1'

SELECT DISTINCT session_id FROM `xingsom`.`ecs_cart` AS c, `xingsom`.`ecs_sessions` AS s WHERE c.session_id = s.sesskey 

DELETE FROM `xingsom`.`ecs_cart` WHERE session_id NOT  IN ('') 

UPDATE `xingsom`.`ecs_sessions` SET expiry = '1457513402', ip = '123.123.111.81', userid = '0', adminid = '1', user_name='0', user_rank='0', discount='0', email='0', data = 'a:4:{s:10:\"admin_name\";s:5:\"admin\";s:11:\"action_list\";s:3:\"all\";s:10:\"last_check\";s:10:\"1457481607\";s:12:\"suppliers_id\";s:1:\"0\";}' WHERE sesskey = 'e03128a04474efcde6283ac81910f751' LIMIT 1

DELETE FROM `xingsom`.`ecs_sessions_data` WHERE expiry < 1457511602

DELETE FROM `xingsom`.`ecs_sessions` WHERE expiry < 1457511602

SELECT userid, adminid, user_name, user_rank, discount, email, data, expiry FROM `xingsom`.`ecs_sessions` WHERE sesskey = 'e03128a04474efcde6283ac81910f751'

SELECT code, value FROM `xingsom`.`ecs_shop_config` WHERE parent_id > 0

DELETE FROM `xingsom`.`ecs_sessions_data` WHERE expiry < 1457511602

DELETE FROM `xingsom`.`ecs_sessions` WHERE expiry < 1457511602

SELECT userid, adminid, user_name, user_rank, discount, email, data, expiry FROM `xingsom`.`ecs_sessions` WHERE sesskey = 'e03128a04474efcde6283ac81910f751'

SELECT code, value FROM `xingsom`.`ecs_shop_config` WHERE parent_id > 0

SELECT message_id, sender_id, receiver_id, sent_time, readed, deleted, title, message, user_name FROM `xingsom`.`ecs_admin_message` AS a, `xingsom`.`ecs_admin_user` AS b WHERE a.sender_id = b.user_id AND a.receiver_id = '1' AND a.readed = 0 AND deleted = 0 ORDER BY a.sent_time DESC

SELECT pay_id, is_cod FROM `xingsom`.`ecs_payment` WHERE enabled = 1

SELECT COUNT(*) FROM `xingsom`.`ecs_order_info` WHERE 1  AND order_status  IN ('1','5')  AND shipping_status  IN ('1','2')  AND pay_status  IN ('2','1')  

SELECT pay_id FROM `xingsom`.`ecs_payment` WHERE is_cod = 1

SELECT COUNT(*) FROM `xingsom`.`ecs_order_info` WHERE 1  AND   order_status  IN ('1','5','6')  AND   shipping_status  IN ('0','3','5')  AND ( pay_status  IN ('2','1')  OR pay_id  IN ('3') ) 

SELECT pay_id FROM `xingsom`.`ecs_payment` WHERE is_cod = 0

SELECT COUNT(*) FROM `xingsom`.`ecs_order_info` WHERE 1  AND   order_status  IN ('1','5')  AND   pay_status = '0' AND ( shipping_status  IN ('1','2')  OR pay_id  IN ('1','2','4') ) 

SELECT COUNT(*) FROM `xingsom`.`ecs_order_info` WHERE 1  AND order_status = '0' 

SELECT COUNT(*) FROM `xingsom`.`ecs_order_info` WHERE  shipping_status=4

SELECT COUNT(*) AS oCount, IFNULL(SUM(order_amount), 0) AS oAmount FROM `xingsom`.`ecs_order_info`

SELECT COUNT(*) FROM `xingsom`.`ecs_goods` WHERE is_delete = 0 AND is_alone_sale = 1 AND is_real = 1

SELECT COUNT(*) FROM `xingsom`.`ecs_goods` WHERE is_delete = 0 AND is_alone_sale = 1 AND is_real=0 AND extension_code='virtual_card'

SELECT COUNT(*) FROM `xingsom`.`ecs_goods` WHERE is_delete = 0 AND is_new = 1 AND is_real = 1

SELECT COUNT(*) FROM `xingsom`.`ecs_goods` WHERE is_delete = 0 AND is_new = 1 AND is_real=0 AND extension_code='virtual_card'

SELECT COUNT(*) FROM `xingsom`.`ecs_goods` WHERE is_delete = 0 AND is_best = 1 AND is_real = 1

SELECT COUNT(*) FROM `xingsom`.`ecs_goods` WHERE is_delete = 0 AND is_best = 1 AND is_real=0 AND extension_code='virtual_card'

SELECT COUNT(*) FROM `xingsom`.`ecs_goods` WHERE is_delete = 0 AND is_hot = 1 AND is_real = 1

SELECT COUNT(*) FROM `xingsom`.`ecs_goods` WHERE is_delete = 0 AND is_hot = 1 AND is_real=0 AND extension_code='virtual_card'

SELECT COUNT(*) FROM `xingsom`.`ecs_goods` WHERE is_delete = 0 AND promote_price>0 AND promote_start_date <= '1457484603' AND promote_end_date >= '1457484603' AND is_real = 1

SELECT COUNT(*) FROM `xingsom`.`ecs_goods` WHERE is_delete = 0 AND promote_price>0 AND promote_start_date <= '1457484603' AND promote_end_date >= '1457484603' AND is_real=0 AND extension_code='virtual_card'

SELECT COUNT(*) FROM `xingsom`.`ecs_goods` WHERE is_delete = 0 AND goods_number <= warn_number AND is_real = 1

SELECT COUNT(*) FROM `xingsom`.`ecs_goods` WHERE is_delete = 0 AND goods_number <= warn_number AND is_real=0 AND extension_code='virtual_card'

SELECT COUNT(*) FROM `xingsom`.`ecs_stats` WHERE access_time > 1457424000

SELECT count(*) FROM `xingsom`.`ecs_sessions`

SELECT COUNT(f.msg_id) FROM `xingsom`.`ecs_feedback` AS f LEFT JOIN `xingsom`.`ecs_feedback` AS r ON r.parent_id=f.msg_id WHERE f.parent_id=0 AND ISNULL(r.msg_id) 

SELECT COUNT(*) FROM `xingsom`.`ecs_comment` WHERE status = 0 AND parent_id = 0

SELECT COUNT(*) FROM `xingsom`.`ecs_booking_goods` WHERE is_dispose = 0

SELECT COUNT(*) FROM `xingsom`.`ecs_user_account` WHERE process_type = 1 AND is_paid = 0 

SELECT userid, adminid, user_name, user_rank, discount, email, data, expiry FROM `xingsom`.`ecs_sessions` WHERE sesskey = 'e03128a04474efcde6283ac81910f751'

SELECT code, value FROM `xingsom`.`ecs_shop_config` WHERE parent_id > 0

SELECT userid, adminid, user_name, user_rank, discount, email, data, expiry FROM `xingsom`.`ecs_sessions` WHERE sesskey = 'e03128a04474efcde6283ac81910f751'

SELECT code, value FROM `xingsom`.`ecs_shop_config` WHERE parent_id > 0

SELECT COUNT(*) AS oCount, IFNULL(SUM(order_amount), 0) AS oAmount FROM `xingsom`.`ecs_order_info`

SELECT COUNT(*) FROM `xingsom`.`ecs_goods` WHERE is_delete = 0 AND is_alone_sale = 1 AND is_real = 1

SELECT COUNT(*) FROM `xingsom`.`ecs_users`

SELECT value FROM `xingsom`.`ecs_shop_config` WHERE code = 'template'

SELECT value FROM `xingsom`.`ecs_shop_config` WHERE code = 'stylename'

SELECT userid, adminid, user_name, user_rank, discount, email, data, expiry FROM `xingsom`.`ecs_sessions` WHERE sesskey = 'e03128a04474efcde6283ac81910f751'

SELECT code, value FROM `xingsom`.`ecs_shop_config` WHERE parent_id > 0

SELECT COUNT(*) FROM `xingsom`.`ecs_goods_activity` WHERE act_type = '1' 

SELECT * FROM `xingsom`.`ecs_goods_activity` WHERE act_type = '1'   ORDER BY act_id DESC  LIMIT 0, 15

SELECT goods_id FROM `xingsom`.`ecs_goods_activity`WHERE act_id = '47' AND act_type = '1'

SELECT COUNT(*) AS total_order, SUM(g.goods_number) AS total_goods FROM `xingsom`.`ecs_order_info` AS o, `xingsom`.`ecs_order_goods` AS g  WHERE o.order_id = g.order_id AND o.extension_code = 'group_buy' AND o.extension_id = '47' AND g.goods_id = '226' AND (order_status = '1' OR order_status = '0')

SELECT goods_id FROM `xingsom`.`ecs_goods_activity`WHERE act_id = '46' AND act_type = '1'

SELECT COUNT(*) AS total_order, SUM(g.goods_number) AS total_goods FROM `xingsom`.`ecs_order_info` AS o, `xingsom`.`ecs_order_goods` AS g  WHERE o.order_id = g.order_id AND o.extension_code = 'group_buy' AND o.extension_id = '46' AND g.goods_id = '223' AND (order_status = '1' OR order_status = '0')

SELECT goods_id FROM `xingsom`.`ecs_goods_activity`WHERE act_id = '45' AND act_type = '1'

SELECT COUNT(*) AS total_order, SUM(g.goods_number) AS total_goods FROM `xingsom`.`ecs_order_info` AS o, `xingsom`.`ecs_order_goods` AS g  WHERE o.order_id = g.order_id AND o.extension_code = 'group_buy' AND o.extension_id = '45' AND g.goods_id = '220' AND (order_status = '1' OR order_status = '0')

SELECT goods_id FROM `xingsom`.`ecs_goods_activity`WHERE act_id = '44' AND act_type = '1'

SELECT COUNT(*) AS total_order, SUM(g.goods_number) AS total_goods FROM `xingsom`.`ecs_order_info` AS o, `xingsom`.`ecs_order_goods` AS g  WHERE o.order_id = g.order_id AND o.extension_code = 'group_buy' AND o.extension_id = '44' AND g.goods_id = '214' AND (order_status = '1' OR order_status = '0')

SELECT goods_id FROM `xingsom`.`ecs_goods_activity`WHERE act_id = '43' AND act_type = '1'

SELECT COUNT(*) AS total_order, SUM(g.goods_number) AS total_goods FROM `xingsom`.`ecs_order_info` AS o, `xingsom`.`ecs_order_goods` AS g  WHERE o.order_id = g.order_id AND o.extension_code = 'group_buy' AND o.extension_id = '43' AND g.goods_id = '208' AND (order_status = '1' OR order_status = '0')

DELETE FROM `xingsom`.`ecs_sessions_data` WHERE expiry < 1457512499

SELECT userid, adminid, user_name, user_rank, discount, email, data, expiry FROM `xingsom`.`ecs_sessions` WHERE sesskey = 'e03128a04474efcde6283ac81910f751'

SELECT code, value FROM `xingsom`.`ecs_shop_config` WHERE parent_id > 0

SELECT COUNT(*) FROM `xingsom`.`ecs_order_info` WHERE add_time >= '1457481607'

SELECT COUNT(*) FROM `xingsom`.`ecs_order_info` WHERE pay_time >= 1457481607

UPDATE `xingsom`.`ecs_sessions` SET expiry = '1457514299', ip = '123.123.111.81', userid = '0', adminid = '1', user_name='0', user_rank='0', discount='0', email='0', data = 'a:4:{s:10:\"admin_name\";s:5:\"admin\";s:11:\"action_list\";s:3:\"all\";s:10:\"last_check\";i:1457485499;s:12:\"suppliers_id\";s:1:\"0\";}' WHERE sesskey = 'e03128a04474efcde6283ac81910f751' LIMIT 1

SELECT userid, adminid, user_name, user_rank, discount, email, data, expiry FROM `xingsom`.`ecs_sessions` WHERE sesskey = 'e03128a04474efcde6283ac81910f751'

SELECT code, value FROM `xingsom`.`ecs_shop_config` WHERE parent_id > 0

SELECT suppliers_id, suppliers_name, suppliers_desc
            FROM `xingsom`.`ecs_suppliers`
            WHERE  is_check = 1 

SELECT c.cat_id, c.cat_name, c.measure_unit, c.parent_id, c.is_show, c.show_in_nav, c.grade, c.sort_order, COUNT(s.cat_id) AS has_children FROM `xingsom`.`ecs_category` AS c LEFT JOIN `xingsom`.`ecs_category` AS s ON s.parent_id=c.cat_id GROUP BY c.cat_id ORDER BY c.parent_id, c.sort_order ASC

SELECT cat_id, COUNT(*) AS goods_num  FROM `xingsom`.`ecs_goods` WHERE is_delete = 0 AND is_on_sale = 1  GROUP BY cat_id

SELECT gc.cat_id, COUNT(*) AS goods_num  FROM `xingsom`.`ecs_goods_cat` AS gc , `xingsom`.`ecs_goods` AS g  WHERE g.goods_id = gc.goods_id AND g.is_delete = 0 AND g.is_on_sale = 1  GROUP BY gc.cat_id

SELECT brand_id, brand_name FROM `xingsom`.`ecs_brand` ORDER BY sort_order

SELECT suppliers_id, suppliers_name, suppliers_desc
            FROM `xingsom`.`ecs_suppliers`
            WHERE  is_check = 1 

SELECT COUNT(*) FROM `xingsom`.`ecs_goods` AS g WHERE is_delete='0'  AND is_real='1'

SELECT goods_id, goods_name, goods_type, goods_sn, shop_price, is_on_sale, is_best, is_new, is_hot, sort_order, goods_number, integral,  (promote_price > 0 AND promote_start_date <= '1457510399' AND promote_end_date >= '1457510399') AS is_promote  FROM `xingsom`.`ecs_goods` AS g WHERE is_delete='0'  AND is_real='1' ORDER BY goods_id DESC  LIMIT 0,15

SELECT DISTINCT cat_id
            FROM `xingsom`.`ecs_attribute`
            WHERE attr_type = 1

SELECT userid, adminid, user_name, user_rank, discount, email, data, expiry FROM `xingsom`.`ecs_sessions` WHERE sesskey = 'e03128a04474efcde6283ac81910f751'

SELECT code, value FROM `xingsom`.`ecs_shop_config` WHERE parent_id > 0

SELECT COUNT(*) FROM `xingsom`.`ecs_order_info` WHERE add_time >= '1457485499'

SELECT COUNT(*) FROM `xingsom`.`ecs_order_info` WHERE pay_time >= 1457485499

UPDATE `xingsom`.`ecs_sessions` SET expiry = '1457514486', ip = '123.123.111.81', userid = '0', adminid = '1', user_name='0', user_rank='0', discount='0', email='0', data = 'a:4:{s:10:\"admin_name\";s:5:\"admin\";s:11:\"action_list\";s:3:\"all\";s:10:\"last_check\";i:1457485686;s:12:\"suppliers_id\";s:1:\"0\";}' WHERE sesskey = 'e03128a04474efcde6283ac81910f751' LIMIT 1

DELETE FROM `xingsom`.`ecs_sessions_data` WHERE expiry < 1457512686

DELETE FROM `xingsom`.`ecs_sessions` WHERE expiry < 1457512686

SELECT userid, adminid, user_name, user_rank, discount, email, data, expiry FROM `xingsom`.`ecs_sessions` WHERE sesskey = 'e03128a04474efcde6283ac81910f751'

SELECT code, value FROM `xingsom`.`ecs_shop_config` WHERE parent_id > 0

SELECT COUNT(*) FROM `xingsom`.`ecs_order_info` WHERE add_time >= '1457485686'

SELECT COUNT(*) FROM `xingsom`.`ecs_order_info` WHERE pay_time >= 1457485686

UPDATE `xingsom`.`ecs_sessions` SET expiry = '1457514666', ip = '123.123.111.81', userid = '0', adminid = '1', user_name='0', user_rank='0', discount='0', email='0', data = 'a:4:{s:10:\"admin_name\";s:5:\"admin\";s:11:\"action_list\";s:3:\"all\";s:10:\"last_check\";i:1457485866;s:12:\"suppliers_id\";s:1:\"0\";}' WHERE sesskey = 'e03128a04474efcde6283ac81910f751' LIMIT 1

DELETE FROM `xingsom`.`ecs_sessions_data` WHERE expiry < 1457512866

DELETE FROM `xingsom`.`ecs_sessions` WHERE expiry < 1457512866

SELECT userid, adminid, user_name, user_rank, discount, email, data, expiry FROM `xingsom`.`ecs_sessions` WHERE sesskey = 'e03128a04474efcde6283ac81910f751'

SELECT code, value FROM `xingsom`.`ecs_shop_config` WHERE parent_id > 0

SELECT COUNT(*) FROM `xingsom`.`ecs_order_info` WHERE add_time >= '1457485866'

SELECT COUNT(*) FROM `xingsom`.`ecs_order_info` WHERE pay_time >= 1457485866

UPDATE `xingsom`.`ecs_sessions` SET expiry = '1457514846', ip = '123.123.111.81', userid = '0', adminid = '1', user_name='0', user_rank='0', discount='0', email='0', data = 'a:4:{s:10:\"admin_name\";s:5:\"admin\";s:11:\"action_list\";s:3:\"all\";s:10:\"last_check\";i:1457486046;s:12:\"suppliers_id\";s:1:\"0\";}' WHERE sesskey = 'e03128a04474efcde6283ac81910f751' LIMIT 1

DELETE FROM `xingsom`.`ecs_sessions` WHERE expiry < 1457513046

SELECT userid, adminid, user_name, user_rank, discount, email, data, expiry FROM `xingsom`.`ecs_sessions` WHERE sesskey = 'e03128a04474efcde6283ac81910f751'

SELECT code, value FROM `xingsom`.`ecs_shop_config` WHERE parent_id > 0

SELECT COUNT(*) FROM `xingsom`.`ecs_order_info` WHERE add_time >= '1457486046'

SELECT COUNT(*) FROM `xingsom`.`ecs_order_info` WHERE pay_time >= 1457486046

UPDATE `xingsom`.`ecs_sessions` SET expiry = '1457515026', ip = '123.123.111.81', userid = '0', adminid = '1', user_name='0', user_rank='0', discount='0', email='0', data = 'a:4:{s:10:\"admin_name\";s:5:\"admin\";s:11:\"action_list\";s:3:\"all\";s:10:\"last_check\";i:1457486226;s:12:\"suppliers_id\";s:1:\"0\";}' WHERE sesskey = 'e03128a04474efcde6283ac81910f751' LIMIT 1

DELETE FROM `xingsom`.`ecs_sessions_data` WHERE expiry < 1457513226

DELETE FROM `xingsom`.`ecs_sessions` WHERE expiry < 1457513226

SELECT userid, adminid, user_name, user_rank, discount, email, data, expiry FROM `xingsom`.`ecs_sessions` WHERE sesskey = 'e03128a04474efcde6283ac81910f751'

SELECT code, value FROM `xingsom`.`ecs_shop_config` WHERE parent_id > 0

SELECT COUNT(*) FROM `xingsom`.`ecs_order_info` WHERE add_time >= '1457486226'

SELECT COUNT(*) FROM `xingsom`.`ecs_order_info` WHERE pay_time >= 1457486226

UPDATE `xingsom`.`ecs_sessions` SET expiry = '1457515206', ip = '123.123.111.81', userid = '0', adminid = '1', user_name='0', user_rank='0', discount='0', email='0', data = 'a:4:{s:10:\"admin_name\";s:5:\"admin\";s:11:\"action_list\";s:3:\"all\";s:10:\"last_check\";i:1457486406;s:12:\"suppliers_id\";s:1:\"0\";}' WHERE sesskey = 'e03128a04474efcde6283ac81910f751' LIMIT 1

DELETE FROM `xingsom`.`ecs_sessions_data` WHERE expiry < 1457513406

DELETE FROM `xingsom`.`ecs_sessions` WHERE expiry < 1457513406

SELECT userid, adminid, user_name, user_rank, discount, email, data, expiry FROM `xingsom`.`ecs_sessions` WHERE sesskey = 'e03128a04474efcde6283ac81910f751'

SELECT code, value FROM `xingsom`.`ecs_shop_config` WHERE parent_id > 0

SELECT COUNT(*) FROM `xingsom`.`ecs_order_info` WHERE add_time >= '1457486406'

SELECT COUNT(*) FROM `xingsom`.`ecs_order_info` WHERE pay_time >= 1457486406

UPDATE `xingsom`.`ecs_sessions` SET expiry = '1457515386', ip = '123.123.111.81', userid = '0', adminid = '1', user_name='0', user_rank='0', discount='0', email='0', data = 'a:4:{s:10:\"admin_name\";s:5:\"admin\";s:11:\"action_list\";s:3:\"all\";s:10:\"last_check\";i:1457486586;s:12:\"suppliers_id\";s:1:\"0\";}' WHERE sesskey = 'e03128a04474efcde6283ac81910f751' LIMIT 1

DELETE FROM `xingsom`.`ecs_sessions_data` WHERE expiry < 1457513586

DELETE FROM `xingsom`.`ecs_sessions` WHERE expiry < 1457513586

SELECT userid, adminid, user_name, user_rank, discount, email, data, expiry FROM `xingsom`.`ecs_sessions` WHERE sesskey = 'e03128a04474efcde6283ac81910f751'

SELECT code, value FROM `xingsom`.`ecs_shop_config` WHERE parent_id > 0

SELECT COUNT(*) FROM `xingsom`.`ecs_order_info` WHERE add_time >= '1457486586'

SELECT COUNT(*) FROM `xingsom`.`ecs_order_info` WHERE pay_time >= 1457486586

UPDATE `xingsom`.`ecs_sessions` SET expiry = '1457515566', ip = '123.123.111.81', userid = '0', adminid = '1', user_name='0', user_rank='0', discount='0', email='0', data = 'a:4:{s:10:\"admin_name\";s:5:\"admin\";s:11:\"action_list\";s:3:\"all\";s:10:\"last_check\";i:1457486766;s:12:\"suppliers_id\";s:1:\"0\";}' WHERE sesskey = 'e03128a04474efcde6283ac81910f751' LIMIT 1

DELETE FROM `xingsom`.`ecs_sessions` WHERE expiry < 1457513766

SELECT userid, adminid, user_name, user_rank, discount, email, data, expiry FROM `xingsom`.`ecs_sessions` WHERE sesskey = 'e03128a04474efcde6283ac81910f751'

SELECT code, value FROM `xingsom`.`ecs_shop_config` WHERE parent_id > 0

SELECT COUNT(*) FROM `xingsom`.`ecs_order_info` WHERE add_time >= '1457486766'

SELECT COUNT(*) FROM `xingsom`.`ecs_order_info` WHERE pay_time >= 1457486766

UPDATE `xingsom`.`ecs_sessions` SET expiry = '1457515746', ip = '123.123.111.81', userid = '0', adminid = '1', user_name='0', user_rank='0', discount='0', email='0', data = 'a:4:{s:10:\"admin_name\";s:5:\"admin\";s:11:\"action_list\";s:3:\"all\";s:10:\"last_check\";i:1457486946;s:12:\"suppliers_id\";s:1:\"0\";}' WHERE sesskey = 'e03128a04474efcde6283ac81910f751' LIMIT 1

DELETE FROM `xingsom`.`ecs_sessions` WHERE expiry < 1457513946

SELECT userid, adminid, user_name, user_rank, discount, email, data, expiry FROM `xingsom`.`ecs_sessions` WHERE sesskey = 'e03128a04474efcde6283ac81910f751'

SELECT code, value FROM `xingsom`.`ecs_shop_config` WHERE parent_id > 0

SELECT COUNT(*) FROM `xingsom`.`ecs_order_info` WHERE add_time >= '1457486946'

SELECT COUNT(*) FROM `xingsom`.`ecs_order_info` WHERE pay_time >= 1457486946

UPDATE `xingsom`.`ecs_sessions` SET expiry = '1457515926', ip = '123.123.111.81', userid = '0', adminid = '1', user_name='0', user_rank='0', discount='0', email='0', data = 'a:4:{s:10:\"admin_name\";s:5:\"admin\";s:11:\"action_list\";s:3:\"all\";s:10:\"last_check\";i:1457487126;s:12:\"suppliers_id\";s:1:\"0\";}' WHERE sesskey = 'e03128a04474efcde6283ac81910f751' LIMIT 1

DELETE FROM `xingsom`.`ecs_sessions` WHERE expiry < 1457514126

SELECT userid, adminid, user_name, user_rank, discount, email, data, expiry FROM `xingsom`.`ecs_sessions` WHERE sesskey = 'e03128a04474efcde6283ac81910f751'

SELECT code, value FROM `xingsom`.`ecs_shop_config` WHERE parent_id > 0

SELECT COUNT(*) FROM `xingsom`.`ecs_order_info` WHERE add_time >= '1457487126'

SELECT COUNT(*) FROM `xingsom`.`ecs_order_info` WHERE pay_time >= 1457487126

UPDATE `xingsom`.`ecs_sessions` SET expiry = '1457516106', ip = '123.123.111.81', userid = '0', adminid = '1', user_name='0', user_rank='0', discount='0', email='0', data = 'a:4:{s:10:\"admin_name\";s:5:\"admin\";s:11:\"action_list\";s:3:\"all\";s:10:\"last_check\";i:1457487306;s:12:\"suppliers_id\";s:1:\"0\";}' WHERE sesskey = 'e03128a04474efcde6283ac81910f751' LIMIT 1

DELETE FROM `xingsom`.`ecs_sessions` WHERE expiry < 1457514306

SELECT userid, adminid, user_name, user_rank, discount, email, data, expiry FROM `xingsom`.`ecs_sessions` WHERE sesskey = 'e03128a04474efcde6283ac81910f751'

SELECT code, value FROM `xingsom`.`ecs_shop_config` WHERE parent_id > 0

SELECT COUNT(*) FROM `xingsom`.`ecs_order_info` WHERE add_time >= '1457487306'

SELECT COUNT(*) FROM `xingsom`.`ecs_order_info` WHERE pay_time >= 1457487306

UPDATE `xingsom`.`ecs_sessions` SET expiry = '1457516286', ip = '123.123.111.81', userid = '0', adminid = '1', user_name='0', user_rank='0', discount='0', email='0', data = 'a:4:{s:10:\"admin_name\";s:5:\"admin\";s:11:\"action_list\";s:3:\"all\";s:10:\"last_check\";i:1457487486;s:12:\"suppliers_id\";s:1:\"0\";}' WHERE sesskey = 'e03128a04474efcde6283ac81910f751' LIMIT 1

DELETE FROM `xingsom`.`ecs_sessions_data` WHERE expiry < 1457514486

DELETE FROM `xingsom`.`ecs_sessions` WHERE expiry < 1457514486

SELECT userid, adminid, user_name, user_rank, discount, email, data, expiry FROM `xingsom`.`ecs_sessions` WHERE sesskey = 'e03128a04474efcde6283ac81910f751'

SELECT code, value FROM `xingsom`.`ecs_shop_config` WHERE parent_id > 0

SELECT COUNT(*) FROM `xingsom`.`ecs_order_info` WHERE add_time >= '1457487486'

SELECT COUNT(*) FROM `xingsom`.`ecs_order_info` WHERE pay_time >= 1457487486

UPDATE `xingsom`.`ecs_sessions` SET expiry = '1457516466', ip = '123.123.111.81', userid = '0', adminid = '1', user_name='0', user_rank='0', discount='0', email='0', data = 'a:4:{s:10:\"admin_name\";s:5:\"admin\";s:11:\"action_list\";s:3:\"all\";s:10:\"last_check\";i:1457487666;s:12:\"suppliers_id\";s:1:\"0\";}' WHERE sesskey = 'e03128a04474efcde6283ac81910f751' LIMIT 1

DELETE FROM `xingsom`.`ecs_sessions` WHERE expiry < 1457514666

SELECT userid, adminid, user_name, user_rank, discount, email, data, expiry FROM `xingsom`.`ecs_sessions` WHERE sesskey = 'e03128a04474efcde6283ac81910f751'

SELECT code, value FROM `xingsom`.`ecs_shop_config` WHERE parent_id > 0

SELECT COUNT(*) FROM `xingsom`.`ecs_order_info` WHERE add_time >= '1457487666'

SELECT COUNT(*) FROM `xingsom`.`ecs_order_info` WHERE pay_time >= 1457487666

UPDATE `xingsom`.`ecs_sessions` SET expiry = '1457516646', ip = '123.123.111.81', userid = '0', adminid = '1', user_name='0', user_rank='0', discount='0', email='0', data = 'a:4:{s:10:\"admin_name\";s:5:\"admin\";s:11:\"action_list\";s:3:\"all\";s:10:\"last_check\";i:1457487846;s:12:\"suppliers_id\";s:1:\"0\";}' WHERE sesskey = 'e03128a04474efcde6283ac81910f751' LIMIT 1

DELETE FROM `xingsom`.`ecs_sessions` WHERE expiry < 1457514846

SELECT userid, adminid, user_name, user_rank, discount, email, data, expiry FROM `xingsom`.`ecs_sessions` WHERE sesskey = 'e03128a04474efcde6283ac81910f751'

SELECT code, value FROM `xingsom`.`ecs_shop_config` WHERE parent_id > 0

SELECT COUNT(*) FROM `xingsom`.`ecs_order_info` WHERE add_time >= '1457487846'

SELECT COUNT(*) FROM `xingsom`.`ecs_order_info` WHERE pay_time >= 1457487846

UPDATE `xingsom`.`ecs_sessions` SET expiry = '1457516826', ip = '123.123.111.81', userid = '0', adminid = '1', user_name='0', user_rank='0', discount='0', email='0', data = 'a:4:{s:10:\"admin_name\";s:5:\"admin\";s:11:\"action_list\";s:3:\"all\";s:10:\"last_check\";i:1457488026;s:12:\"suppliers_id\";s:1:\"0\";}' WHERE sesskey = 'e03128a04474efcde6283ac81910f751' LIMIT 1

DELETE FROM `xingsom`.`ecs_sessions` WHERE expiry < 1457515026

SELECT userid, adminid, user_name, user_rank, discount, email, data, expiry FROM `xingsom`.`ecs_sessions` WHERE sesskey = 'e03128a04474efcde6283ac81910f751'

SELECT code, value FROM `xingsom`.`ecs_shop_config` WHERE parent_id > 0

SELECT COUNT(*) FROM `xingsom`.`ecs_order_info` WHERE add_time >= '1457488026'

SELECT COUNT(*) FROM `xingsom`.`ecs_order_info` WHERE pay_time >= 1457488026

UPDATE `xingsom`.`ecs_sessions` SET expiry = '1457517006', ip = '123.123.111.81', userid = '0', adminid = '1', user_name='0', user_rank='0', discount='0', email='0', data = 'a:4:{s:10:\"admin_name\";s:5:\"admin\";s:11:\"action_list\";s:3:\"all\";s:10:\"last_check\";i:1457488206;s:12:\"suppliers_id\";s:1:\"0\";}' WHERE sesskey = 'e03128a04474efcde6283ac81910f751' LIMIT 1

DELETE FROM `xingsom`.`ecs_sessions` WHERE expiry < 1457515206

SELECT userid, adminid, user_name, user_rank, discount, email, data, expiry FROM `xingsom`.`ecs_sessions` WHERE sesskey = 'e03128a04474efcde6283ac81910f751'

SELECT code, value FROM `xingsom`.`ecs_shop_config` WHERE parent_id > 0

SELECT COUNT(*) FROM `xingsom`.`ecs_order_info` WHERE add_time >= '1457488206'

SELECT COUNT(*) FROM `xingsom`.`ecs_order_info` WHERE pay_time >= 1457488206

UPDATE `xingsom`.`ecs_sessions` SET expiry = '1457517186', ip = '123.123.111.81', userid = '0', adminid = '1', user_name='0', user_rank='0', discount='0', email='0', data = 'a:4:{s:10:\"admin_name\";s:5:\"admin\";s:11:\"action_list\";s:3:\"all\";s:10:\"last_check\";i:1457488386;s:12:\"suppliers_id\";s:1:\"0\";}' WHERE sesskey = 'e03128a04474efcde6283ac81910f751' LIMIT 1

DELETE FROM `xingsom`.`ecs_sessions_data` WHERE expiry < 1457515386

DELETE FROM `xingsom`.`ecs_sessions` WHERE expiry < 1457515386

SELECT userid, adminid, user_name, user_rank, discount, email, data, expiry FROM `xingsom`.`ecs_sessions` WHERE sesskey = 'e03128a04474efcde6283ac81910f751'

SELECT code, value FROM `xingsom`.`ecs_shop_config` WHERE parent_id > 0

SELECT COUNT(*) FROM `xingsom`.`ecs_order_info` WHERE add_time >= '1457488386'

SELECT COUNT(*) FROM `xingsom`.`ecs_order_info` WHERE pay_time >= 1457488386

UPDATE `xingsom`.`ecs_sessions` SET expiry = '1457517366', ip = '123.123.111.81', userid = '0', adminid = '1', user_name='0', user_rank='0', discount='0', email='0', data = 'a:4:{s:10:\"admin_name\";s:5:\"admin\";s:11:\"action_list\";s:3:\"all\";s:10:\"last_check\";i:1457488566;s:12:\"suppliers_id\";s:1:\"0\";}' WHERE sesskey = 'e03128a04474efcde6283ac81910f751' LIMIT 1

DELETE FROM `xingsom`.`ecs_sessions` WHERE expiry < 1457515566

SELECT userid, adminid, user_name, user_rank, discount, email, data, expiry FROM `xingsom`.`ecs_sessions` WHERE sesskey = 'e03128a04474efcde6283ac81910f751'

SELECT code, value FROM `xingsom`.`ecs_shop_config` WHERE parent_id > 0

SELECT COUNT(*) FROM `xingsom`.`ecs_order_info` WHERE add_time >= '1457488566'

SELECT COUNT(*) FROM `xingsom`.`ecs_order_info` WHERE pay_time >= 1457488566

UPDATE `xingsom`.`ecs_sessions` SET expiry = '1457517546', ip = '123.123.111.81', userid = '0', adminid = '1', user_name='0', user_rank='0', discount='0', email='0', data = 'a:4:{s:10:\"admin_name\";s:5:\"admin\";s:11:\"action_list\";s:3:\"all\";s:10:\"last_check\";i:1457488746;s:12:\"suppliers_id\";s:1:\"0\";}' WHERE sesskey = 'e03128a04474efcde6283ac81910f751' LIMIT 1

DELETE FROM `xingsom`.`ecs_sessions` WHERE expiry < 1457515746

SELECT userid, adminid, user_name, user_rank, discount, email, data, expiry FROM `xingsom`.`ecs_sessions` WHERE sesskey = 'e03128a04474efcde6283ac81910f751'

SELECT code, value FROM `xingsom`.`ecs_shop_config` WHERE parent_id > 0

SELECT COUNT(*) FROM `xingsom`.`ecs_order_info` WHERE add_time >= '1457488746'

SELECT COUNT(*) FROM `xingsom`.`ecs_order_info` WHERE pay_time >= 1457488746

UPDATE `xingsom`.`ecs_sessions` SET expiry = '1457517726', ip = '123.123.111.81', userid = '0', adminid = '1', user_name='0', user_rank='0', discount='0', email='0', data = 'a:4:{s:10:\"admin_name\";s:5:\"admin\";s:11:\"action_list\";s:3:\"all\";s:10:\"last_check\";i:1457488926;s:12:\"suppliers_id\";s:1:\"0\";}' WHERE sesskey = 'e03128a04474efcde6283ac81910f751' LIMIT 1

DELETE FROM `xingsom`.`ecs_sessions` WHERE expiry < 1457515926

SELECT userid, adminid, user_name, user_rank, discount, email, data, expiry FROM `xingsom`.`ecs_sessions` WHERE sesskey = 'e03128a04474efcde6283ac81910f751'

SELECT code, value FROM `xingsom`.`ecs_shop_config` WHERE parent_id > 0

SELECT COUNT(*) FROM `xingsom`.`ecs_order_info` WHERE add_time >= '1457488926'

SELECT COUNT(*) FROM `xingsom`.`ecs_order_info` WHERE pay_time >= 1457488926

UPDATE `xingsom`.`ecs_sessions` SET expiry = '1457517906', ip = '123.123.111.81', userid = '0', adminid = '1', user_name='0', user_rank='0', discount='0', email='0', data = 'a:4:{s:10:\"admin_name\";s:5:\"admin\";s:11:\"action_list\";s:3:\"all\";s:10:\"last_check\";i:1457489106;s:12:\"suppliers_id\";s:1:\"0\";}' WHERE sesskey = 'e03128a04474efcde6283ac81910f751' LIMIT 1

DELETE FROM `xingsom`.`ecs_sessions_data` WHERE expiry < 1457516106

DELETE FROM `xingsom`.`ecs_sessions` WHERE expiry < 1457516106

SELECT userid, adminid, user_name, user_rank, discount, email, data, expiry FROM `xingsom`.`ecs_sessions` WHERE sesskey = 'e03128a04474efcde6283ac81910f751'

SELECT code, value FROM `xingsom`.`ecs_shop_config` WHERE parent_id > 0

SELECT COUNT(*) FROM `xingsom`.`ecs_order_info` WHERE add_time >= '1457489106'

SELECT COUNT(*) FROM `xingsom`.`ecs_order_info` WHERE pay_time >= 1457489106

UPDATE `xingsom`.`ecs_sessions` SET expiry = '1457518086', ip = '123.123.111.81', userid = '0', adminid = '1', user_name='0', user_rank='0', discount='0', email='0', data = 'a:4:{s:10:\"admin_name\";s:5:\"admin\";s:11:\"action_list\";s:3:\"all\";s:10:\"last_check\";i:1457489286;s:12:\"suppliers_id\";s:1:\"0\";}' WHERE sesskey = 'e03128a04474efcde6283ac81910f751' LIMIT 1

DELETE FROM `xingsom`.`ecs_sessions` WHERE expiry < 1457516286

SELECT userid, adminid, user_name, user_rank, discount, email, data, expiry FROM `xingsom`.`ecs_sessions` WHERE sesskey = 'e03128a04474efcde6283ac81910f751'

SELECT code, value FROM `xingsom`.`ecs_shop_config` WHERE parent_id > 0

SELECT COUNT(*) FROM `xingsom`.`ecs_order_info` WHERE add_time >= '1457489286'

SELECT COUNT(*) FROM `xingsom`.`ecs_order_info` WHERE pay_time >= 1457489286

UPDATE `xingsom`.`ecs_sessions` SET expiry = '1457518266', ip = '123.123.111.81', userid = '0', adminid = '1', user_name='0', user_rank='0', discount='0', email='0', data = 'a:4:{s:10:\"admin_name\";s:5:\"admin\";s:11:\"action_list\";s:3:\"all\";s:10:\"last_check\";i:1457489466;s:12:\"suppliers_id\";s:1:\"0\";}' WHERE sesskey = 'e03128a04474efcde6283ac81910f751' LIMIT 1

DELETE FROM `xingsom`.`ecs_sessions_data` WHERE expiry < 1457516466

DELETE FROM `xingsom`.`ecs_sessions` WHERE expiry < 1457516466

SELECT userid, adminid, user_name, user_rank, discount, email, data, expiry FROM `xingsom`.`ecs_sessions` WHERE sesskey = 'e03128a04474efcde6283ac81910f751'

SELECT code, value FROM `xingsom`.`ecs_shop_config` WHERE parent_id > 0

SELECT COUNT(*) FROM `xingsom`.`ecs_order_info` WHERE add_time >= '1457489466'

SELECT COUNT(*) FROM `xingsom`.`ecs_order_info` WHERE pay_time >= 1457489466

UPDATE `xingsom`.`ecs_sessions` SET expiry = '1457518446', ip = '123.123.111.81', userid = '0', adminid = '1', user_name='0', user_rank='0', discount='0', email='0', data = 'a:4:{s:10:\"admin_name\";s:5:\"admin\";s:11:\"action_list\";s:3:\"all\";s:10:\"last_check\";i:1457489646;s:12:\"suppliers_id\";s:1:\"0\";}' WHERE sesskey = 'e03128a04474efcde6283ac81910f751' LIMIT 1

DELETE FROM `xingsom`.`ecs_sessions_data` WHERE expiry < 1457516646

DELETE FROM `xingsom`.`ecs_sessions` WHERE expiry < 1457516646

SELECT userid, adminid, user_name, user_rank, discount, email, data, expiry FROM `xingsom`.`ecs_sessions` WHERE sesskey = 'e03128a04474efcde6283ac81910f751'

SELECT code, value FROM `xingsom`.`ecs_shop_config` WHERE parent_id > 0

SELECT COUNT(*) FROM `xingsom`.`ecs_order_info` WHERE add_time >= '1457489646'

SELECT COUNT(*) FROM `xingsom`.`ecs_order_info` WHERE pay_time >= 1457489646

UPDATE `xingsom`.`ecs_sessions` SET expiry = '1457518626', ip = '123.123.111.81', userid = '0', adminid = '1', user_name='0', user_rank='0', discount='0', email='0', data = 'a:4:{s:10:\"admin_name\";s:5:\"admin\";s:11:\"action_list\";s:3:\"all\";s:10:\"last_check\";i:1457489826;s:12:\"suppliers_id\";s:1:\"0\";}' WHERE sesskey = 'e03128a04474efcde6283ac81910f751' LIMIT 1

DELETE FROM `xingsom`.`ecs_sessions` WHERE expiry < 1457516826

SELECT userid, adminid, user_name, user_rank, discount, email, data, expiry FROM `xingsom`.`ecs_sessions` WHERE sesskey = 'e03128a04474efcde6283ac81910f751'

SELECT code, value FROM `xingsom`.`ecs_shop_config` WHERE parent_id > 0

SELECT COUNT(*) FROM `xingsom`.`ecs_order_info` WHERE add_time >= '1457489826'

SELECT COUNT(*) FROM `xingsom`.`ecs_order_info` WHERE pay_time >= 1457489826

UPDATE `xingsom`.`ecs_sessions` SET expiry = '1457518806', ip = '123.123.111.81', userid = '0', adminid = '1', user_name='0', user_rank='0', discount='0', email='0', data = 'a:4:{s:10:\"admin_name\";s:5:\"admin\";s:11:\"action_list\";s:3:\"all\";s:10:\"last_check\";i:1457490006;s:12:\"suppliers_id\";s:1:\"0\";}' WHERE sesskey = 'e03128a04474efcde6283ac81910f751' LIMIT 1

DELETE FROM `xingsom`.`ecs_sessions_data` WHERE expiry < 1457517006

DELETE FROM `xingsom`.`ecs_sessions` WHERE expiry < 1457517006

SELECT userid, adminid, user_name, user_rank, discount, email, data, expiry FROM `xingsom`.`ecs_sessions` WHERE sesskey = 'e03128a04474efcde6283ac81910f751'

SELECT code, value FROM `xingsom`.`ecs_shop_config` WHERE parent_id > 0

SELECT COUNT(*) FROM `xingsom`.`ecs_order_info` WHERE add_time >= '1457490006'

SELECT COUNT(*) FROM `xingsom`.`ecs_order_info` WHERE pay_time >= 1457490006

UPDATE `xingsom`.`ecs_sessions` SET expiry = '1457518986', ip = '123.123.111.81', userid = '0', adminid = '1', user_name='0', user_rank='0', discount='0', email='0', data = 'a:4:{s:10:\"admin_name\";s:5:\"admin\";s:11:\"action_list\";s:3:\"all\";s:10:\"last_check\";i:1457490186;s:12:\"suppliers_id\";s:1:\"0\";}' WHERE sesskey = 'e03128a04474efcde6283ac81910f751' LIMIT 1

DELETE FROM `xingsom`.`ecs_sessions_data` WHERE expiry < 1457517186

DELETE FROM `xingsom`.`ecs_sessions` WHERE expiry < 1457517186

SELECT userid, adminid, user_name, user_rank, discount, email, data, expiry FROM `xingsom`.`ecs_sessions` WHERE sesskey = 'e03128a04474efcde6283ac81910f751'

SELECT code, value FROM `xingsom`.`ecs_shop_config` WHERE parent_id > 0

SELECT COUNT(*) FROM `xingsom`.`ecs_order_info` WHERE add_time >= '1457490186'

SELECT COUNT(*) FROM `xingsom`.`ecs_order_info` WHERE pay_time >= 1457490186

UPDATE `xingsom`.`ecs_sessions` SET expiry = '1457519166', ip = '123.123.111.81', userid = '0', adminid = '1', user_name='0', user_rank='0', discount='0', email='0', data = 'a:4:{s:10:\"admin_name\";s:5:\"admin\";s:11:\"action_list\";s:3:\"all\";s:10:\"last_check\";i:1457490366;s:12:\"suppliers_id\";s:1:\"0\";}' WHERE sesskey = 'e03128a04474efcde6283ac81910f751' LIMIT 1

DELETE FROM `xingsom`.`ecs_sessions` WHERE expiry < 1457517366

SELECT userid, adminid, user_name, user_rank, discount, email, data, expiry FROM `xingsom`.`ecs_sessions` WHERE sesskey = 'e03128a04474efcde6283ac81910f751'

SELECT code, value FROM `xingsom`.`ecs_shop_config` WHERE parent_id > 0

SELECT COUNT(*) FROM `xingsom`.`ecs_order_info` WHERE add_time >= '1457490366'

SELECT COUNT(*) FROM `xingsom`.`ecs_order_info` WHERE pay_time >= 1457490366

UPDATE `xingsom`.`ecs_sessions` SET expiry = '1457519346', ip = '123.123.111.81', userid = '0', adminid = '1', user_name='0', user_rank='0', discount='0', email='0', data = 'a:4:{s:10:\"admin_name\";s:5:\"admin\";s:11:\"action_list\";s:3:\"all\";s:10:\"last_check\";i:1457490546;s:12:\"suppliers_id\";s:1:\"0\";}' WHERE sesskey = 'e03128a04474efcde6283ac81910f751' LIMIT 1

DELETE FROM `xingsom`.`ecs_sessions` WHERE expiry < 1457517546

SELECT userid, adminid, user_name, user_rank, discount, email, data, expiry FROM `xingsom`.`ecs_sessions` WHERE sesskey = 'e03128a04474efcde6283ac81910f751'

SELECT code, value FROM `xingsom`.`ecs_shop_config` WHERE parent_id > 0

SELECT COUNT(*) FROM `xingsom`.`ecs_order_info` WHERE add_time >= '1457490546'

SELECT COUNT(*) FROM `xingsom`.`ecs_order_info` WHERE pay_time >= 1457490546

UPDATE `xingsom`.`ecs_sessions` SET expiry = '1457519526', ip = '123.123.111.81', userid = '0', adminid = '1', user_name='0', user_rank='0', discount='0', email='0', data = 'a:4:{s:10:\"admin_name\";s:5:\"admin\";s:11:\"action_list\";s:3:\"all\";s:10:\"last_check\";i:1457490726;s:12:\"suppliers_id\";s:1:\"0\";}' WHERE sesskey = 'e03128a04474efcde6283ac81910f751' LIMIT 1

DELETE FROM `xingsom`.`ecs_sessions` WHERE expiry < 1457517726

SELECT userid, adminid, user_name, user_rank, discount, email, data, expiry FROM `xingsom`.`ecs_sessions` WHERE sesskey = 'e03128a04474efcde6283ac81910f751'

SELECT code, value FROM `xingsom`.`ecs_shop_config` WHERE parent_id > 0

SELECT COUNT(*) FROM `xingsom`.`ecs_order_info` WHERE add_time >= '1457490726'

SELECT COUNT(*) FROM `xingsom`.`ecs_order_info` WHERE pay_time >= 1457490726

UPDATE `xingsom`.`ecs_sessions` SET expiry = '1457519706', ip = '123.123.111.81', userid = '0', adminid = '1', user_name='0', user_rank='0', discount='0', email='0', data = 'a:4:{s:10:\"admin_name\";s:5:\"admin\";s:11:\"action_list\";s:3:\"all\";s:10:\"last_check\";i:1457490906;s:12:\"suppliers_id\";s:1:\"0\";}' WHERE sesskey = 'e03128a04474efcde6283ac81910f751' LIMIT 1

DELETE FROM `xingsom`.`ecs_sessions` WHERE expiry < 1457517906

SELECT userid, adminid, user_name, user_rank, discount, email, data, expiry FROM `xingsom`.`ecs_sessions` WHERE sesskey = 'e03128a04474efcde6283ac81910f751'

SELECT code, value FROM `xingsom`.`ecs_shop_config` WHERE parent_id > 0

SELECT COUNT(*) FROM `xingsom`.`ecs_order_info` WHERE add_time >= '1457490906'

SELECT COUNT(*) FROM `xingsom`.`ecs_order_info` WHERE pay_time >= 1457490906

UPDATE `xingsom`.`ecs_sessions` SET expiry = '1457519886', ip = '123.123.111.81', userid = '0', adminid = '1', user_name='0', user_rank='0', discount='0', email='0', data = 'a:4:{s:10:\"admin_name\";s:5:\"admin\";s:11:\"action_list\";s:3:\"all\";s:10:\"last_check\";i:1457491086;s:12:\"suppliers_id\";s:1:\"0\";}' WHERE sesskey = 'e03128a04474efcde6283ac81910f751' LIMIT 1

DELETE FROM `xingsom`.`ecs_sessions_data` WHERE expiry < 1457518086

DELETE FROM `xingsom`.`ecs_sessions` WHERE expiry < 1457518086

SELECT userid, adminid, user_name, user_rank, discount, email, data, expiry FROM `xingsom`.`ecs_sessions` WHERE sesskey = 'e03128a04474efcde6283ac81910f751'

SELECT code, value FROM `xingsom`.`ecs_shop_config` WHERE parent_id > 0

SELECT COUNT(*) FROM `xingsom`.`ecs_order_info` WHERE add_time >= '1457491086'

SELECT COUNT(*) FROM `xingsom`.`ecs_order_info` WHERE pay_time >= 1457491086

UPDATE `xingsom`.`ecs_sessions` SET expiry = '1457520066', ip = '123.123.111.81', userid = '0', adminid = '1', user_name='0', user_rank='0', discount='0', email='0', data = 'a:4:{s:10:\"admin_name\";s:5:\"admin\";s:11:\"action_list\";s:3:\"all\";s:10:\"last_check\";i:1457491266;s:12:\"suppliers_id\";s:1:\"0\";}' WHERE sesskey = 'e03128a04474efcde6283ac81910f751' LIMIT 1

DELETE FROM `xingsom`.`ecs_sessions` WHERE expiry < 1457518266

SELECT userid, adminid, user_name, user_rank, discount, email, data, expiry FROM `xingsom`.`ecs_sessions` WHERE sesskey = 'e03128a04474efcde6283ac81910f751'

SELECT code, value FROM `xingsom`.`ecs_shop_config` WHERE parent_id > 0

SELECT COUNT(*) FROM `xingsom`.`ecs_order_info` WHERE add_time >= '1457491266'

SELECT COUNT(*) FROM `xingsom`.`ecs_order_info` WHERE pay_time >= 1457491266

UPDATE `xingsom`.`ecs_sessions` SET expiry = '1457520246', ip = '123.123.111.81', userid = '0', adminid = '1', user_name='0', user_rank='0', discount='0', email='0', data = 'a:4:{s:10:\"admin_name\";s:5:\"admin\";s:11:\"action_list\";s:3:\"all\";s:10:\"last_check\";i:1457491446;s:12:\"suppliers_id\";s:1:\"0\";}' WHERE sesskey = 'e03128a04474efcde6283ac81910f751' LIMIT 1

DELETE FROM `xingsom`.`ecs_sessions` WHERE expiry < 1457518446

SELECT userid, adminid, user_name, user_rank, discount, email, data, expiry FROM `xingsom`.`ecs_sessions` WHERE sesskey = 'e03128a04474efcde6283ac81910f751'

SELECT code, value FROM `xingsom`.`ecs_shop_config` WHERE parent_id > 0

SELECT COUNT(*) FROM `xingsom`.`ecs_order_info` WHERE add_time >= '1457491446'

SELECT COUNT(*) FROM `xingsom`.`ecs_order_info` WHERE pay_time >= 1457491446

UPDATE `xingsom`.`ecs_sessions` SET expiry = '1457520426', ip = '123.123.111.81', userid = '0', adminid = '1', user_name='0', user_rank='0', discount='0', email='0', data = 'a:4:{s:10:\"admin_name\";s:5:\"admin\";s:11:\"action_list\";s:3:\"all\";s:10:\"last_check\";i:1457491626;s:12:\"suppliers_id\";s:1:\"0\";}' WHERE sesskey = 'e03128a04474efcde6283ac81910f751' LIMIT 1

DELETE FROM `xingsom`.`ecs_sessions` WHERE expiry < 1457518626

SELECT userid, adminid, user_name, user_rank, discount, email, data, expiry FROM `xingsom`.`ecs_sessions` WHERE sesskey = 'e03128a04474efcde6283ac81910f751'

SELECT code, value FROM `xingsom`.`ecs_shop_config` WHERE parent_id > 0

SELECT COUNT(*) FROM `xingsom`.`ecs_order_info` WHERE add_time >= '1457491626'

SELECT COUNT(*) FROM `xingsom`.`ecs_order_info` WHERE pay_time >= 1457491626

UPDATE `xingsom`.`ecs_sessions` SET expiry = '1457520606', ip = '123.123.111.81', userid = '0', adminid = '1', user_name='0', user_rank='0', discount='0', email='0', data = 'a:4:{s:10:\"admin_name\";s:5:\"admin\";s:11:\"action_list\";s:3:\"all\";s:10:\"last_check\";i:1457491806;s:12:\"suppliers_id\";s:1:\"0\";}' WHERE sesskey = 'e03128a04474efcde6283ac81910f751' LIMIT 1

DELETE FROM `xingsom`.`ecs_sessions_data` WHERE expiry < 1457518806

DELETE FROM `xingsom`.`ecs_sessions` WHERE expiry < 1457518806

SELECT userid, adminid, user_name, user_rank, discount, email, data, expiry FROM `xingsom`.`ecs_sessions` WHERE sesskey = 'e03128a04474efcde6283ac81910f751'

SELECT code, value FROM `xingsom`.`ecs_shop_config` WHERE parent_id > 0

SELECT COUNT(*) FROM `xingsom`.`ecs_order_info` WHERE add_time >= '1457491806'

SELECT COUNT(*) FROM `xingsom`.`ecs_order_info` WHERE pay_time >= 1457491806

UPDATE `xingsom`.`ecs_sessions` SET expiry = '1457520786', ip = '123.123.111.81', userid = '0', adminid = '1', user_name='0', user_rank='0', discount='0', email='0', data = 'a:4:{s:10:\"admin_name\";s:5:\"admin\";s:11:\"action_list\";s:3:\"all\";s:10:\"last_check\";i:1457491986;s:12:\"suppliers_id\";s:1:\"0\";}' WHERE sesskey = 'e03128a04474efcde6283ac81910f751' LIMIT 1

DELETE FROM `xingsom`.`ecs_sessions_data` WHERE expiry < 1457518986

DELETE FROM `xingsom`.`ecs_sessions` WHERE expiry < 1457518986

SELECT userid, adminid, user_name, user_rank, discount, email, data, expiry FROM `xingsom`.`ecs_sessions` WHERE sesskey = 'e03128a04474efcde6283ac81910f751'

SELECT code, value FROM `xingsom`.`ecs_shop_config` WHERE parent_id > 0

SELECT COUNT(*) FROM `xingsom`.`ecs_order_info` WHERE add_time >= '1457491986'

SELECT COUNT(*) FROM `xingsom`.`ecs_order_info` WHERE pay_time >= 1457491986

UPDATE `xingsom`.`ecs_sessions` SET expiry = '1457520966', ip = '123.123.111.81', userid = '0', adminid = '1', user_name='0', user_rank='0', discount='0', email='0', data = 'a:4:{s:10:\"admin_name\";s:5:\"admin\";s:11:\"action_list\";s:3:\"all\";s:10:\"last_check\";i:1457492166;s:12:\"suppliers_id\";s:1:\"0\";}' WHERE sesskey = 'e03128a04474efcde6283ac81910f751' LIMIT 1

DELETE FROM `xingsom`.`ecs_sessions` WHERE expiry < 1457519166

SELECT userid, adminid, user_name, user_rank, discount, email, data, expiry FROM `xingsom`.`ecs_sessions` WHERE sesskey = 'e03128a04474efcde6283ac81910f751'

SELECT code, value FROM `xingsom`.`ecs_shop_config` WHERE parent_id > 0

SELECT COUNT(*) FROM `xingsom`.`ecs_order_info` WHERE add_time >= '1457492166'

SELECT COUNT(*) FROM `xingsom`.`ecs_order_info` WHERE pay_time >= 1457492166

UPDATE `xingsom`.`ecs_sessions` SET expiry = '1457521146', ip = '123.123.111.81', userid = '0', adminid = '1', user_name='0', user_rank='0', discount='0', email='0', data = 'a:4:{s:10:\"admin_name\";s:5:\"admin\";s:11:\"action_list\";s:3:\"all\";s:10:\"last_check\";i:1457492346;s:12:\"suppliers_id\";s:1:\"0\";}' WHERE sesskey = 'e03128a04474efcde6283ac81910f751' LIMIT 1

DELETE FROM `xingsom`.`ecs_sessions` WHERE expiry < 1457519346

