INSERT INTO `xingsom`.`ecs_sessions` (sesskey, expiry, ip, data) VALUES ('54b4e23a67d29d54746cb6ee0e0fec1c', '1482021348', '101.41.174.160', 'a:0:{}')

SELECT code, value FROM `xingsom`.`ecs_shop_config` WHERE parent_id > 0

UPDATE `xingsom`.`ecs_sessions` SET expiry = '1482021348', ip = '101.41.174.160', userid = '0', adminid = '0', user_name='0', user_rank='0', discount='0', email='0', data = 'a:0:{}' WHERE sesskey = '54b4e23a67d29d54746cb6ee0e0fec1c' LIMIT 1

DELETE FROM `xingsom`.`ecs_sessions_data` WHERE expiry < 1482019548

DELETE FROM `xingsom`.`ecs_sessions` WHERE expiry < 1482019548

SELECT userid, adminid, user_name, user_rank, discount, email, data, expiry FROM `xingsom`.`ecs_sessions` WHERE sesskey = '54b4e23a67d29d54746cb6ee0e0fec1c'

SELECT code, value FROM `xingsom`.`ecs_shop_config` WHERE parent_id > 0

DELETE FROM `xingsom`.`ecs_sessions_data` WHERE expiry < 1482019548

DELETE FROM `xingsom`.`ecs_sessions` WHERE expiry < 1482019548

SELECT userid, adminid, user_name, user_rank, discount, email, data, expiry FROM `xingsom`.`ecs_sessions` WHERE sesskey = '54b4e23a67d29d54746cb6ee0e0fec1c'

SELECT code, value FROM `xingsom`.`ecs_shop_config` WHERE parent_id > 0

SELECT `ec_salt` FROM `xingsom`.`ecs_admin_user`WHERE user_name = 'admin'

SELECT user_id, user_name, password, last_login, action_list, last_login,suppliers_id,ec_salt FROM `xingsom`.`ecs_admin_user` WHERE user_name = 'admin' AND password = 'a43aadd7bf250b41d59d02f310f30589'

UPDATE `xingsom`.`ecs_admin_user` SET last_login='1481992556', last_ip='101.41.174.160' WHERE user_id='1'

SELECT DISTINCT session_id FROM `xingsom`.`ecs_cart` AS c, `xingsom`.`ecs_sessions` AS s WHERE c.session_id = s.sesskey 

DELETE FROM `xingsom`.`ecs_cart` WHERE session_id NOT  IN ('') 

UPDATE `xingsom`.`ecs_sessions` SET expiry = '1482021356', ip = '101.41.174.160', userid = '0', adminid = '1', user_name='0', user_rank='0', discount='0', email='0', data = 'a:4:{s:10:\"admin_name\";s:5:\"admin\";s:11:\"action_list\";s:3:\"all\";s:10:\"last_check\";s:10:\"1481953340\";s:12:\"suppliers_id\";s:1:\"0\";}' WHERE sesskey = '54b4e23a67d29d54746cb6ee0e0fec1c' LIMIT 1

DELETE FROM `xingsom`.`ecs_sessions` WHERE expiry < 1482019556

SELECT userid, adminid, user_name, user_rank, discount, email, data, expiry FROM `xingsom`.`ecs_sessions` WHERE sesskey = '54b4e23a67d29d54746cb6ee0e0fec1c'

SELECT code, value FROM `xingsom`.`ecs_shop_config` WHERE parent_id > 0

DELETE FROM `xingsom`.`ecs_sessions` WHERE expiry < 1482019556

SELECT userid, adminid, user_name, user_rank, discount, email, data, expiry FROM `xingsom`.`ecs_sessions` WHERE sesskey = '54b4e23a67d29d54746cb6ee0e0fec1c'

SELECT code, value FROM `xingsom`.`ecs_shop_config` WHERE parent_id > 0

SELECT message_id, sender_id, receiver_id, sent_time, readed, deleted, title, message, user_name FROM `xingsom`.`ecs_admin_message` AS a, `xingsom`.`ecs_admin_user` AS b WHERE a.sender_id = b.user_id AND a.receiver_id = '1' AND a.readed = 0 AND deleted = 0 ORDER BY a.sent_time DESC

SELECT pay_id, is_cod FROM `xingsom`.`ecs_payment` WHERE enabled = 1

SELECT COUNT(*) FROM `xingsom`.`ecs_order_info` WHERE 1  AND order_status  IN ('1','5')  AND shipping_status  IN ('1','2')  AND pay_status  IN ('2','1')  

SELECT pay_id FROM `xingsom`.`ecs_payment` WHERE is_cod = 1

SELECT COUNT(*) FROM `xingsom`.`ecs_order_info` WHERE 1  AND   order_status  IN ('1','5','6')  AND   shipping_status  IN ('0','3','5')  AND ( pay_status  IN ('2','1')  OR pay_id  IN ('3') ) 

SELECT pay_id FROM `xingsom`.`ecs_payment` WHERE is_cod = 0

SELECT COUNT(*) FROM `xingsom`.`ecs_order_info` WHERE 1  AND   order_status  IN ('1','5')  AND   pay_status = '0' AND ( shipping_status  IN ('1','2')  OR pay_id  IN ('1','2','4','5') ) 

SELECT COUNT(*) FROM `xingsom`.`ecs_order_info` WHERE 1  AND order_status = '0' 

SELECT COUNT(*) FROM `xingsom`.`ecs_order_info` WHERE  shipping_status=4

SELECT COUNT(*) AS oCount, IFNULL(SUM(order_amount), 0) AS oAmount FROM `xingsom`.`ecs_order_info`

SELECT COUNT(*) FROM `xingsom`.`ecs_goods` WHERE is_delete = 0 AND is_alone_sale = 1 AND is_real = 1

SELECT COUNT(*) FROM `xingsom`.`ecs_goods` WHERE is_delete = 0 AND is_alone_sale = 1 AND is_real=0 AND extension_code='virtual_card'

SELECT COUNT(*) FROM `xingsom`.`ecs_goods` WHERE is_delete = 0 AND is_new = 1 AND is_real = 1

SELECT COUNT(*) FROM `xingsom`.`ecs_goods` WHERE is_delete = 0 AND is_new = 1 AND is_real=0 AND extension_code='virtual_card'

SELECT COUNT(*) FROM `xingsom`.`ecs_goods` WHERE is_delete = 0 AND is_best = 1 AND is_real = 1

SELECT COUNT(*) FROM `xingsom`.`ecs_goods` WHERE is_delete = 0 AND is_best = 1 AND is_real=0 AND extension_code='virtual_card'

SELECT COUNT(*) FROM `xingsom`.`ecs_goods` WHERE is_delete = 0 AND is_hot = 1 AND is_real = 1

SELECT COUNT(*) FROM `xingsom`.`ecs_goods` WHERE is_delete = 0 AND is_hot = 1 AND is_real=0 AND extension_code='virtual_card'

SELECT COUNT(*) FROM `xingsom`.`ecs_goods` WHERE is_delete = 0 AND promote_price>0 AND promote_start_date <= '1481992557' AND promote_end_date >= '1481992557' AND is_real = 1

SELECT COUNT(*) FROM `xingsom`.`ecs_goods` WHERE is_delete = 0 AND promote_price>0 AND promote_start_date <= '1481992557' AND promote_end_date >= '1481992557' AND is_real=0 AND extension_code='virtual_card'

SELECT COUNT(*) FROM `xingsom`.`ecs_goods` WHERE is_delete = 0 AND goods_number <= warn_number AND is_real = 1

SELECT COUNT(*) FROM `xingsom`.`ecs_goods` WHERE is_delete = 0 AND goods_number <= warn_number AND is_real=0 AND extension_code='virtual_card'

SELECT COUNT(*) FROM `xingsom`.`ecs_stats` WHERE access_time > 1481961600

SELECT count(*) FROM `xingsom`.`ecs_sessions`

SELECT COUNT(f.msg_id) FROM `xingsom`.`ecs_feedback` AS f LEFT JOIN `xingsom`.`ecs_feedback` AS r ON r.parent_id=f.msg_id WHERE f.parent_id=0 AND ISNULL(r.msg_id) 

SELECT COUNT(*) FROM `xingsom`.`ecs_comment` WHERE status = 0 AND parent_id = 0

SELECT COUNT(*) FROM `xingsom`.`ecs_booking_goods` WHERE is_dispose = 0

SELECT COUNT(*) FROM `xingsom`.`ecs_user_account` WHERE process_type = 1 AND is_paid = 0 

SELECT userid, adminid, user_name, user_rank, discount, email, data, expiry FROM `xingsom`.`ecs_sessions` WHERE sesskey = '54b4e23a67d29d54746cb6ee0e0fec1c'

SELECT code, value FROM `xingsom`.`ecs_shop_config` WHERE parent_id > 0

SELECT userid, adminid, user_name, user_rank, discount, email, data, expiry FROM `xingsom`.`ecs_sessions` WHERE sesskey = '54b4e23a67d29d54746cb6ee0e0fec1c'

SELECT code, value FROM `xingsom`.`ecs_shop_config` WHERE parent_id > 0

SELECT COUNT(*) AS oCount, IFNULL(SUM(order_amount), 0) AS oAmount FROM `xingsom`.`ecs_order_info`

SELECT COUNT(*) FROM `xingsom`.`ecs_goods` WHERE is_delete = 0 AND is_alone_sale = 1 AND is_real = 1

SELECT COUNT(*) FROM `xingsom`.`ecs_users`

SELECT value FROM `xingsom`.`ecs_shop_config` WHERE code = 'template'

SELECT value FROM `xingsom`.`ecs_shop_config` WHERE code = 'stylename'

SELECT userid, adminid, user_name, user_rank, discount, email, data, expiry FROM `xingsom`.`ecs_sessions` WHERE sesskey = '54b4e23a67d29d54746cb6ee0e0fec1c'

SELECT code, value FROM `xingsom`.`ecs_shop_config` WHERE parent_id > 0

SELECT code FROM `xingsom`.`ecs_plugins`

SELECT user_id, user_name, email, nav_list FROM `xingsom`.`ecs_admin_user` WHERE user_id = '1'

UPDATE `xingsom`.`ecs_sessions` SET expiry = '1482021368', ip = '101.41.174.160', userid = '0', adminid = '1', user_name='0', user_rank='0', discount='0', email='0', data = 'a:4:{s:10:\"admin_name\";s:5:\"admin\";s:11:\"action_list\";s:3:\"all\";s:10:\"last_check\";s:10:\"1481953340\";s:12:\"suppliers_id\";s:1:\"0\";}' WHERE sesskey = '54b4e23a67d29d54746cb6ee0e0fec1c' LIMIT 1

DELETE FROM `xingsom`.`ecs_sessions` WHERE expiry < 1482019568

SELECT userid, adminid, user_name, user_rank, discount, email, data, expiry FROM `xingsom`.`ecs_sessions` WHERE sesskey = '54b4e23a67d29d54746cb6ee0e0fec1c'

SELECT code, value FROM `xingsom`.`ecs_shop_config` WHERE parent_id > 0

SELECT COUNT(*) FROM `xingsom`.`ecs_order_info` WHERE add_time >= '1481953340'

SELECT COUNT(*) FROM `xingsom`.`ecs_order_info` WHERE pay_time >= 1481953340

UPDATE `xingsom`.`ecs_sessions` SET expiry = '1482021368', ip = '101.41.174.160', userid = '0', adminid = '1', user_name='0', user_rank='0', discount='0', email='0', data = 'a:4:{s:10:\"admin_name\";s:5:\"admin\";s:11:\"action_list\";s:3:\"all\";s:10:\"last_check\";i:1481992568;s:12:\"suppliers_id\";s:1:\"0\";}' WHERE sesskey = '54b4e23a67d29d54746cb6ee0e0fec1c' LIMIT 1

DELETE FROM `xingsom`.`ecs_sessions` WHERE expiry < 1482019568

SELECT userid, adminid, user_name, user_rank, discount, email, data, expiry FROM `xingsom`.`ecs_sessions` WHERE sesskey = '54b4e23a67d29d54746cb6ee0e0fec1c'

SELECT code, value FROM `xingsom`.`ecs_shop_config` WHERE parent_id > 0

SELECT suppliers_id, suppliers_name, suppliers_desc
            FROM `xingsom`.`ecs_suppliers`
            WHERE  is_check = 1 

SELECT c.cat_id, c.cat_name, c.measure_unit, c.parent_id, c.is_show, c.show_in_nav, c.grade, c.sort_order, COUNT(s.cat_id) AS has_children FROM `xingsom`.`ecs_category` AS c LEFT JOIN `xingsom`.`ecs_category` AS s ON s.parent_id=c.cat_id GROUP BY c.cat_id ORDER BY c.parent_id, c.sort_order ASC

SELECT cat_id, COUNT(*) AS goods_num  FROM `xingsom`.`ecs_goods` WHERE is_delete = 0 AND is_on_sale = 1  GROUP BY cat_id

SELECT gc.cat_id, COUNT(*) AS goods_num  FROM `xingsom`.`ecs_goods_cat` AS gc , `xingsom`.`ecs_goods` AS g  WHERE g.goods_id = gc.goods_id AND g.is_delete = 0 AND g.is_on_sale = 1  GROUP BY gc.cat_id

SELECT brand_id, brand_name FROM `xingsom`.`ecs_brand` ORDER BY sort_order

SELECT suppliers_id, suppliers_name, suppliers_desc
            FROM `xingsom`.`ecs_suppliers`
            WHERE  is_check = 1 

SELECT COUNT(*) FROM `xingsom`.`ecs_goods` AS g WHERE is_delete='0'  AND is_real='1'

SELECT goods_id, goods_name, goods_type, goods_sn, shop_price, is_on_sale, is_best, is_new, is_hot, sort_order, goods_number, integral,  (promote_price > 0 AND promote_start_date <= '1482047999' AND promote_end_date >= '1482047999') AS is_promote  FROM `xingsom`.`ecs_goods` AS g WHERE is_delete='0'  AND is_real='1' ORDER BY goods_id DESC  LIMIT 0,15

SELECT DISTINCT cat_id
            FROM `xingsom`.`ecs_attribute`
            WHERE attr_type = 1

UPDATE `xingsom`.`ecs_sessions` SET expiry = '1482021394', ip = '101.41.174.160', userid = '0', adminid = '1', user_name='0', user_rank='0', discount='0', email='0', data = 'a:4:{s:10:\"admin_name\";s:5:\"admin\";s:11:\"action_list\";s:3:\"all\";s:10:\"last_check\";i:1481992568;s:12:\"suppliers_id\";s:1:\"0\";}' WHERE sesskey = '54b4e23a67d29d54746cb6ee0e0fec1c' LIMIT 1

DELETE FROM `xingsom`.`ecs_sessions` WHERE expiry < 1482019594

SELECT userid, adminid, user_name, user_rank, discount, email, data, expiry FROM `xingsom`.`ecs_sessions` WHERE sesskey = '54b4e23a67d29d54746cb6ee0e0fec1c'

SELECT code, value FROM `xingsom`.`ecs_shop_config` WHERE parent_id > 0

UPDATE `xingsom`.`ecs_sessions` SET expiry = '1482021438', ip = '101.41.174.160', userid = '0', adminid = '1', user_name='0', user_rank='0', discount='0', email='0', data = 'a:4:{s:10:\"admin_name\";s:5:\"admin\";s:11:\"action_list\";s:3:\"all\";s:10:\"last_check\";i:1481992568;s:12:\"suppliers_id\";s:1:\"0\";}' WHERE sesskey = '54b4e23a67d29d54746cb6ee0e0fec1c' LIMIT 1

DELETE FROM `xingsom`.`ecs_sessions` WHERE expiry < 1482019638

SELECT userid, adminid, user_name, user_rank, discount, email, data, expiry FROM `xingsom`.`ecs_sessions` WHERE sesskey = '54b4e23a67d29d54746cb6ee0e0fec1c'

SELECT code, value FROM `xingsom`.`ecs_shop_config` WHERE parent_id > 0

UPDATE `xingsom`.`ecs_sessions` SET expiry = '1482041037', ip = '101.41.174.160', userid = '0', adminid = '1', user_name='0', user_rank='0', discount='0', email='0', data = 'a:4:{s:10:\"admin_name\";s:5:\"admin\";s:11:\"action_list\";s:3:\"all\";s:10:\"last_check\";i:1482012225;s:12:\"suppliers_id\";s:1:\"0\";}' WHERE sesskey = '54b4e23a67d29d54746cb6ee0e0fec1c' LIMIT 1

SELECT userid, adminid, user_name, user_rank, discount, email, data, expiry FROM `xingsom`.`ecs_sessions` WHERE sesskey = '54b4e23a67d29d54746cb6ee0e0fec1c'

SELECT code, value FROM `xingsom`.`ecs_shop_config` WHERE parent_id > 0

DELETE FROM `xingsom`.`ecs_sessions` WHERE expiry < 1482039240

