INSERT INTO `xingsom`.`ecs_sessions` (sesskey, expiry, ip, data) VALUES ('9bffdbb78b04f38cbb689656623e1f78', '1487818392', '112.65.193.13', 'a:0:{}')

SELECT code, value FROM `xingsom`.`ecs_shop_config` WHERE parent_id > 0

UPDATE `xingsom`.`ecs_sessions` SET expiry = '1487818392', ip = '112.65.193.13', userid = '0', adminid = '0', user_name='0', user_rank='0', discount='0', email='0', data = 'a:0:{}' WHERE sesskey = '9bffdbb78b04f38cbb689656623e1f78' LIMIT 1

DELETE FROM `xingsom`.`ecs_sessions` WHERE expiry < 1487816592

INSERT INTO `xingsom`.`ecs_sessions` (sesskey, expiry, ip, data) VALUES ('132b42cc497a8dad577c648a0cdaed56', '1487818393', '221.223.188.206', 'a:0:{}')

SELECT code, value FROM `xingsom`.`ecs_shop_config` WHERE parent_id > 0

UPDATE `xingsom`.`ecs_sessions` SET expiry = '1487818393', ip = '221.223.188.206', userid = '0', adminid = '0', user_name='0', user_rank='0', discount='0', email='0', data = 'a:0:{}' WHERE sesskey = '132b42cc497a8dad577c648a0cdaed56' LIMIT 1

INSERT INTO `xingsom`.`ecs_sessions` (sesskey, expiry, ip, data) VALUES ('b022c03c8c22b63a28bb8eab20e98427', '1487818396', '123.112.240.4', 'a:0:{}')

SELECT code, value FROM `xingsom`.`ecs_shop_config` WHERE parent_id > 0

SELECT `ec_salt` FROM `xingsom`.`ecs_admin_user`WHERE user_name = 'admin'

SELECT user_id, user_name, password, last_login, action_list, last_login,suppliers_id,ec_salt FROM `xingsom`.`ecs_admin_user` WHERE user_name = 'admin' AND password = 'a43aadd7bf250b41d59d02f310f30589'

UPDATE `xingsom`.`ecs_admin_user` SET last_login='1487789596', last_ip='123.112.240.4' WHERE user_id='1'

SELECT DISTINCT session_id FROM `xingsom`.`ecs_cart` AS c, `xingsom`.`ecs_sessions` AS s WHERE c.session_id = s.sesskey 

DELETE FROM `xingsom`.`ecs_cart` WHERE session_id NOT  IN ('') 

UPDATE `xingsom`.`ecs_sessions` SET expiry = '1487818396', ip = '123.112.240.4', userid = '0', adminid = '1', user_name='0', user_rank='0', discount='0', email='0', data = 'a:4:{s:10:\"admin_name\";s:5:\"admin\";s:11:\"action_list\";s:3:\"all\";s:10:\"last_check\";s:10:\"1487392777\";s:12:\"suppliers_id\";s:1:\"0\";}' WHERE sesskey = 'b022c03c8c22b63a28bb8eab20e98427' LIMIT 1

DELETE FROM `xingsom`.`ecs_sessions_data` WHERE expiry < 1487816596

DELETE FROM `xingsom`.`ecs_sessions` WHERE expiry < 1487816596

SELECT userid, adminid, user_name, user_rank, discount, email, data, expiry FROM `xingsom`.`ecs_sessions` WHERE sesskey = 'b022c03c8c22b63a28bb8eab20e98427'

SELECT code, value FROM `xingsom`.`ecs_shop_config` WHERE parent_id > 0

DELETE FROM `xingsom`.`ecs_sessions` WHERE expiry < 1487816596

INSERT INTO `xingsom`.`ecs_sessions` (sesskey, expiry, ip, data) VALUES ('324f46bf3379138e4edc1b49be8c22f6', '1487818398', '114.240.169.73', 'a:0:{}')

SELECT code, value FROM `xingsom`.`ecs_shop_config` WHERE parent_id > 0

UPDATE `xingsom`.`ecs_sessions` SET expiry = '1487818398', ip = '114.240.169.73', userid = '0', adminid = '0', user_name='0', user_rank='0', discount='0', email='0', data = 'a:0:{}' WHERE sesskey = '324f46bf3379138e4edc1b49be8c22f6' LIMIT 1

DELETE FROM `xingsom`.`ecs_sessions` WHERE expiry < 1487816598

SELECT userid, adminid, user_name, user_rank, discount, email, data, expiry FROM `xingsom`.`ecs_sessions` WHERE sesskey = '324f46bf3379138e4edc1b49be8c22f6'

SELECT code, value FROM `xingsom`.`ecs_shop_config` WHERE parent_id > 0

DELETE FROM `xingsom`.`ecs_sessions` WHERE expiry < 1487816598

SELECT userid, adminid, user_name, user_rank, discount, email, data, expiry FROM `xingsom`.`ecs_sessions` WHERE sesskey = '324f46bf3379138e4edc1b49be8c22f6'

SELECT code, value FROM `xingsom`.`ecs_shop_config` WHERE parent_id > 0

DELETE FROM `xingsom`.`ecs_sessions` WHERE expiry < 1487816598

SELECT userid, adminid, user_name, user_rank, discount, email, data, expiry FROM `xingsom`.`ecs_sessions` WHERE sesskey = '324f46bf3379138e4edc1b49be8c22f6'

SELECT code, value FROM `xingsom`.`ecs_shop_config` WHERE parent_id > 0

SELECT `ec_salt` FROM `xingsom`.`ecs_admin_user`WHERE user_name = 'admin'

SELECT user_id, user_name, password, last_login, action_list, last_login,suppliers_id,ec_salt FROM `xingsom`.`ecs_admin_user` WHERE user_name = 'admin' AND password = 'a43aadd7bf250b41d59d02f310f30589'

UPDATE `xingsom`.`ecs_admin_user` SET last_login='1487789601', last_ip='114.240.169.73' WHERE user_id='1'

SELECT DISTINCT session_id FROM `xingsom`.`ecs_cart` AS c, `xingsom`.`ecs_sessions` AS s WHERE c.session_id = s.sesskey 

DELETE FROM `xingsom`.`ecs_cart` WHERE session_id NOT  IN ('') 

UPDATE `xingsom`.`ecs_sessions` SET expiry = '1487818401', ip = '114.240.169.73', userid = '0', adminid = '1', user_name='0', user_rank='0', discount='0', email='0', data = 'a:4:{s:10:\"admin_name\";s:5:\"admin\";s:11:\"action_list\";s:3:\"all\";s:10:\"last_check\";s:10:\"1487789596\";s:12:\"suppliers_id\";s:1:\"0\";}' WHERE sesskey = '324f46bf3379138e4edc1b49be8c22f6' LIMIT 1

SELECT userid, adminid, user_name, user_rank, discount, email, data, expiry FROM `xingsom`.`ecs_sessions` WHERE sesskey = '324f46bf3379138e4edc1b49be8c22f6'

SELECT code, value FROM `xingsom`.`ecs_shop_config` WHERE parent_id > 0

INSERT INTO `xingsom`.`ecs_sessions` (sesskey, expiry, ip, data) VALUES ('18b8002bba7331571ef3acc295be9f42', '1487818401', '111.199.212.95', 'a:0:{}')

SELECT code, value FROM `xingsom`.`ecs_shop_config` WHERE parent_id > 0

UPDATE `xingsom`.`ecs_sessions` SET expiry = '1487818401', ip = '111.199.212.95', userid = '0', adminid = '0', user_name='0', user_rank='0', discount='0', email='0', data = 'a:0:{}' WHERE sesskey = '18b8002bba7331571ef3acc295be9f42' LIMIT 1

DELETE FROM `xingsom`.`ecs_sessions_data` WHERE expiry < 1487816601

SELECT userid, adminid, user_name, user_rank, discount, email, data, expiry FROM `xingsom`.`ecs_sessions` WHERE sesskey = '18b8002bba7331571ef3acc295be9f42'

SELECT code, value FROM `xingsom`.`ecs_shop_config` WHERE parent_id > 0

SELECT userid, adminid, user_name, user_rank, discount, email, data, expiry FROM `xingsom`.`ecs_sessions` WHERE sesskey = '18b8002bba7331571ef3acc295be9f42'

SELECT code, value FROM `xingsom`.`ecs_shop_config` WHERE parent_id > 0

SELECT userid, adminid, user_name, user_rank, discount, email, data, expiry FROM `xingsom`.`ecs_sessions` WHERE sesskey = '18b8002bba7331571ef3acc295be9f42'

SELECT code, value FROM `xingsom`.`ecs_shop_config` WHERE parent_id > 0

SELECT `ec_salt` FROM `xingsom`.`ecs_admin_user`WHERE user_name = 'admin'

SELECT user_id, user_name, password, last_login, action_list, last_login,suppliers_id,ec_salt FROM `xingsom`.`ecs_admin_user` WHERE user_name = 'admin' AND password = 'a43aadd7bf250b41d59d02f310f30589'

UPDATE `xingsom`.`ecs_admin_user` SET last_login='1487789603', last_ip='111.199.212.95' WHERE user_id='1'

SELECT DISTINCT session_id FROM `xingsom`.`ecs_cart` AS c, `xingsom`.`ecs_sessions` AS s WHERE c.session_id = s.sesskey 

DELETE FROM `xingsom`.`ecs_cart` WHERE session_id NOT  IN ('') 

UPDATE `xingsom`.`ecs_sessions` SET expiry = '1487818403', ip = '111.199.212.95', userid = '0', adminid = '1', user_name='0', user_rank='0', discount='0', email='0', data = 'a:4:{s:10:\"admin_name\";s:5:\"admin\";s:11:\"action_list\";s:3:\"all\";s:10:\"last_check\";s:10:\"1487789601\";s:12:\"suppliers_id\";s:1:\"0\";}' WHERE sesskey = '18b8002bba7331571ef3acc295be9f42' LIMIT 1

DELETE FROM `xingsom`.`ecs_sessions_data` WHERE expiry < 1487816603

SELECT userid, adminid, user_name, user_rank, discount, email, data, expiry FROM `xingsom`.`ecs_sessions` WHERE sesskey = '18b8002bba7331571ef3acc295be9f42'

SELECT code, value FROM `xingsom`.`ecs_shop_config` WHERE parent_id > 0

SELECT userid, adminid, user_name, user_rank, discount, email, data, expiry FROM `xingsom`.`ecs_sessions` WHERE sesskey = '18b8002bba7331571ef3acc295be9f42'

SELECT code, value FROM `xingsom`.`ecs_shop_config` WHERE parent_id > 0

SELECT message_id, sender_id, receiver_id, sent_time, readed, deleted, title, message, user_name FROM `xingsom`.`ecs_admin_message` AS a, `xingsom`.`ecs_admin_user` AS b WHERE a.sender_id = b.user_id AND a.receiver_id = '1' AND a.readed = 0 AND deleted = 0 ORDER BY a.sent_time DESC

SELECT pay_id, is_cod FROM `xingsom`.`ecs_payment` WHERE enabled = 1

SELECT COUNT(*) FROM `xingsom`.`ecs_order_info` WHERE 1  AND order_status  IN ('1','5')  AND shipping_status  IN ('1','2')  AND pay_status  IN ('2','1')  

SELECT pay_id FROM `xingsom`.`ecs_payment` WHERE is_cod = 1

SELECT COUNT(*) FROM `xingsom`.`ecs_order_info` WHERE 1  AND   order_status  IN ('1','5','6')  AND   shipping_status  IN ('0','3','5')  AND ( pay_status  IN ('2','1')  OR pay_id  IN ('3') ) 

SELECT pay_id FROM `xingsom`.`ecs_payment` WHERE is_cod = 0

SELECT COUNT(*) FROM `xingsom`.`ecs_order_info` WHERE 1  AND   order_status  IN ('1','5')  AND   pay_status = '0' AND ( shipping_status  IN ('1','2')  OR pay_id  IN ('1','2','4','5') ) 

SELECT COUNT(*) FROM `xingsom`.`ecs_order_info` WHERE 1  AND order_status = '0' 

SELECT COUNT(*) FROM `xingsom`.`ecs_order_info` WHERE  shipping_status=4

SELECT COUNT(*) AS oCount, IFNULL(SUM(order_amount), 0) AS oAmount FROM `xingsom`.`ecs_order_info`

SELECT COUNT(*) FROM `xingsom`.`ecs_goods` WHERE is_delete = 0 AND is_alone_sale = 1 AND is_real = 1

SELECT COUNT(*) FROM `xingsom`.`ecs_goods` WHERE is_delete = 0 AND is_alone_sale = 1 AND is_real=0 AND extension_code='virtual_card'

SELECT COUNT(*) FROM `xingsom`.`ecs_goods` WHERE is_delete = 0 AND is_new = 1 AND is_real = 1

SELECT COUNT(*) FROM `xingsom`.`ecs_goods` WHERE is_delete = 0 AND is_new = 1 AND is_real=0 AND extension_code='virtual_card'

SELECT COUNT(*) FROM `xingsom`.`ecs_goods` WHERE is_delete = 0 AND is_best = 1 AND is_real = 1

SELECT COUNT(*) FROM `xingsom`.`ecs_goods` WHERE is_delete = 0 AND is_best = 1 AND is_real=0 AND extension_code='virtual_card'

SELECT COUNT(*) FROM `xingsom`.`ecs_goods` WHERE is_delete = 0 AND is_hot = 1 AND is_real = 1

SELECT COUNT(*) FROM `xingsom`.`ecs_goods` WHERE is_delete = 0 AND is_hot = 1 AND is_real=0 AND extension_code='virtual_card'

SELECT COUNT(*) FROM `xingsom`.`ecs_goods` WHERE is_delete = 0 AND promote_price>0 AND promote_start_date <= '1487789604' AND promote_end_date >= '1487789604' AND is_real = 1

SELECT COUNT(*) FROM `xingsom`.`ecs_goods` WHERE is_delete = 0 AND promote_price>0 AND promote_start_date <= '1487789604' AND promote_end_date >= '1487789604' AND is_real=0 AND extension_code='virtual_card'

SELECT COUNT(*) FROM `xingsom`.`ecs_goods` WHERE is_delete = 0 AND goods_number <= warn_number AND is_real = 1

SELECT COUNT(*) FROM `xingsom`.`ecs_goods` WHERE is_delete = 0 AND goods_number <= warn_number AND is_real=0 AND extension_code='virtual_card'

SELECT COUNT(*) FROM `xingsom`.`ecs_stats` WHERE access_time > 1487750400

SELECT count(*) FROM `xingsom`.`ecs_sessions`

SELECT COUNT(f.msg_id) FROM `xingsom`.`ecs_feedback` AS f LEFT JOIN `xingsom`.`ecs_feedback` AS r ON r.parent_id=f.msg_id WHERE f.parent_id=0 AND ISNULL(r.msg_id) 

SELECT COUNT(*) FROM `xingsom`.`ecs_comment` WHERE status = 0 AND parent_id = 0

SELECT COUNT(*) FROM `xingsom`.`ecs_booking_goods` WHERE is_dispose = 0

SELECT COUNT(*) FROM `xingsom`.`ecs_user_account` WHERE process_type = 1 AND is_paid = 0 

DELETE FROM `xingsom`.`ecs_sessions_data` WHERE expiry < 1487816604

DELETE FROM `xingsom`.`ecs_sessions` WHERE expiry < 1487816604

SELECT userid, adminid, user_name, user_rank, discount, email, data, expiry FROM `xingsom`.`ecs_sessions` WHERE sesskey = '18b8002bba7331571ef3acc295be9f42'

SELECT code, value FROM `xingsom`.`ecs_shop_config` WHERE parent_id > 0

DELETE FROM `xingsom`.`ecs_sessions_data` WHERE expiry < 1487816604

DELETE FROM `xingsom`.`ecs_sessions` WHERE expiry < 1487816604

INSERT INTO `xingsom`.`ecs_sessions` (sesskey, expiry, ip, data) VALUES ('5db97ae5641279e48bc353fd3b2a92d9', '1487818404', '111.199.209.86', 'a:0:{}')

SELECT code, value FROM `xingsom`.`ecs_shop_config` WHERE parent_id > 0

UPDATE `xingsom`.`ecs_sessions` SET expiry = '1487818404', ip = '111.199.209.86', userid = '0', adminid = '0', user_name='0', user_rank='0', discount='0', email='0', data = 'a:0:{}' WHERE sesskey = '5db97ae5641279e48bc353fd3b2a92d9' LIMIT 1

DELETE FROM `xingsom`.`ecs_sessions` WHERE expiry < 1487816604

INSERT INTO `xingsom`.`ecs_sessions` (sesskey, expiry, ip, data) VALUES ('5357c01b5225d00dec13a6992d1f7474', '1487861491', '180.153.212.13', 'a:0:{}')

SELECT code, value FROM `xingsom`.`ecs_shop_config` WHERE parent_id > 0

UPDATE `xingsom`.`ecs_sessions` SET expiry = '1487861491', ip = '180.153.212.13', userid = '0', adminid = '0', user_name='0', user_rank='0', discount='0', email='0', data = 'a:0:{}' WHERE sesskey = '5357c01b5225d00dec13a6992d1f7474' LIMIT 1

DELETE FROM `xingsom`.`ecs_sessions_data` WHERE expiry < 1487859691

