INSERT INTO `xingsom`.`ecs_sessions` (sesskey, expiry, ip, data) VALUES ('60b9601b7a86dd874d283e4efe9e94af', '1479195488', '211.103.179.241', 'a:0:{}')

SELECT code, value FROM `xingsom`.`ecs_shop_config` WHERE parent_id > 0

UPDATE `xingsom`.`ecs_sessions` SET expiry = '1479195488', ip = '211.103.179.241', userid = '0', adminid = '0', user_name='0', user_rank='0', discount='0', email='0', data = 'a:0:{}' WHERE sesskey = '60b9601b7a86dd874d283e4efe9e94af' LIMIT 1

DELETE FROM `xingsom`.`ecs_sessions` WHERE expiry < 1479193688

SELECT userid, adminid, user_name, user_rank, discount, email, data, expiry FROM `xingsom`.`ecs_sessions` WHERE sesskey = '60b9601b7a86dd874d283e4efe9e94af'

SELECT code, value FROM `xingsom`.`ecs_shop_config` WHERE parent_id > 0

DELETE FROM `xingsom`.`ecs_sessions` WHERE expiry < 1479193688

SELECT userid, adminid, user_name, user_rank, discount, email, data, expiry FROM `xingsom`.`ecs_sessions` WHERE sesskey = '60b9601b7a86dd874d283e4efe9e94af'

SELECT code, value FROM `xingsom`.`ecs_shop_config` WHERE parent_id > 0

SELECT `ec_salt` FROM `xingsom`.`ecs_admin_user`WHERE user_name = 'admin'

SELECT user_id, user_name, password, last_login, action_list, last_login,suppliers_id,ec_salt FROM `xingsom`.`ecs_admin_user` WHERE user_name = 'admin' AND password = 'a43aadd7bf250b41d59d02f310f30589'

UPDATE `xingsom`.`ecs_admin_user` SET last_login='1479166695', last_ip='211.103.179.241' WHERE user_id='1'

SELECT DISTINCT session_id FROM `xingsom`.`ecs_cart` AS c, `xingsom`.`ecs_sessions` AS s WHERE c.session_id = s.sesskey 

DELETE FROM `xingsom`.`ecs_cart` WHERE session_id NOT  IN ('') 

UPDATE `xingsom`.`ecs_sessions` SET expiry = '1479195495', ip = '211.103.179.241', userid = '0', adminid = '1', user_name='0', user_rank='0', discount='0', email='0', data = 'a:4:{s:10:\"admin_name\";s:5:\"admin\";s:11:\"action_list\";s:3:\"all\";s:10:\"last_check\";s:10:\"1479151391\";s:12:\"suppliers_id\";s:1:\"0\";}' WHERE sesskey = '60b9601b7a86dd874d283e4efe9e94af' LIMIT 1

SELECT userid, adminid, user_name, user_rank, discount, email, data, expiry FROM `xingsom`.`ecs_sessions` WHERE sesskey = '60b9601b7a86dd874d283e4efe9e94af'

SELECT code, value FROM `xingsom`.`ecs_shop_config` WHERE parent_id > 0

DELETE FROM `xingsom`.`ecs_sessions_data` WHERE expiry < 1479193695

SELECT userid, adminid, user_name, user_rank, discount, email, data, expiry FROM `xingsom`.`ecs_sessions` WHERE sesskey = '60b9601b7a86dd874d283e4efe9e94af'

SELECT code, value FROM `xingsom`.`ecs_shop_config` WHERE parent_id > 0

SELECT message_id, sender_id, receiver_id, sent_time, readed, deleted, title, message, user_name FROM `xingsom`.`ecs_admin_message` AS a, `xingsom`.`ecs_admin_user` AS b WHERE a.sender_id = b.user_id AND a.receiver_id = '1' AND a.readed = 0 AND deleted = 0 ORDER BY a.sent_time DESC

SELECT pay_id, is_cod FROM `xingsom`.`ecs_payment` WHERE enabled = 1

SELECT COUNT(*) FROM `xingsom`.`ecs_order_info` WHERE 1  AND order_status  IN ('1','5')  AND shipping_status  IN ('1','2')  AND pay_status  IN ('2','1')  

SELECT pay_id FROM `xingsom`.`ecs_payment` WHERE is_cod = 1

SELECT COUNT(*) FROM `xingsom`.`ecs_order_info` WHERE 1  AND   order_status  IN ('1','5','6')  AND   shipping_status  IN ('0','3','5')  AND ( pay_status  IN ('2','1')  OR pay_id  IN ('3') ) 

SELECT pay_id FROM `xingsom`.`ecs_payment` WHERE is_cod = 0

SELECT COUNT(*) FROM `xingsom`.`ecs_order_info` WHERE 1  AND   order_status  IN ('1','5')  AND   pay_status = '0' AND ( shipping_status  IN ('1','2')  OR pay_id  IN ('1','2','4','5') ) 

SELECT COUNT(*) FROM `xingsom`.`ecs_order_info` WHERE 1  AND order_status = '0' 

SELECT COUNT(*) FROM `xingsom`.`ecs_order_info` WHERE  shipping_status=4

SELECT COUNT(*) AS oCount, IFNULL(SUM(order_amount), 0) AS oAmount FROM `xingsom`.`ecs_order_info`

SELECT COUNT(*) FROM `xingsom`.`ecs_goods` WHERE is_delete = 0 AND is_alone_sale = 1 AND is_real = 1

SELECT COUNT(*) FROM `xingsom`.`ecs_goods` WHERE is_delete = 0 AND is_alone_sale = 1 AND is_real=0 AND extension_code='virtual_card'

SELECT COUNT(*) FROM `xingsom`.`ecs_goods` WHERE is_delete = 0 AND is_new = 1 AND is_real = 1

SELECT COUNT(*) FROM `xingsom`.`ecs_goods` WHERE is_delete = 0 AND is_new = 1 AND is_real=0 AND extension_code='virtual_card'

SELECT COUNT(*) FROM `xingsom`.`ecs_goods` WHERE is_delete = 0 AND is_best = 1 AND is_real = 1

SELECT COUNT(*) FROM `xingsom`.`ecs_goods` WHERE is_delete = 0 AND is_best = 1 AND is_real=0 AND extension_code='virtual_card'

SELECT COUNT(*) FROM `xingsom`.`ecs_goods` WHERE is_delete = 0 AND is_hot = 1 AND is_real = 1

SELECT COUNT(*) FROM `xingsom`.`ecs_goods` WHERE is_delete = 0 AND is_hot = 1 AND is_real=0 AND extension_code='virtual_card'

SELECT COUNT(*) FROM `xingsom`.`ecs_goods` WHERE is_delete = 0 AND promote_price>0 AND promote_start_date <= '1479166697' AND promote_end_date >= '1479166697' AND is_real = 1

SELECT COUNT(*) FROM `xingsom`.`ecs_goods` WHERE is_delete = 0 AND promote_price>0 AND promote_start_date <= '1479166697' AND promote_end_date >= '1479166697' AND is_real=0 AND extension_code='virtual_card'

SELECT COUNT(*) FROM `xingsom`.`ecs_goods` WHERE is_delete = 0 AND goods_number <= warn_number AND is_real = 1

SELECT COUNT(*) FROM `xingsom`.`ecs_goods` WHERE is_delete = 0 AND goods_number <= warn_number AND is_real=0 AND extension_code='virtual_card'

SELECT COUNT(*) FROM `xingsom`.`ecs_stats` WHERE access_time > 1479110400

SELECT count(*) FROM `xingsom`.`ecs_sessions`

SELECT COUNT(f.msg_id) FROM `xingsom`.`ecs_feedback` AS f LEFT JOIN `xingsom`.`ecs_feedback` AS r ON r.parent_id=f.msg_id WHERE f.parent_id=0 AND ISNULL(r.msg_id) 

SELECT COUNT(*) FROM `xingsom`.`ecs_comment` WHERE status = 0 AND parent_id = 0

SELECT COUNT(*) FROM `xingsom`.`ecs_booking_goods` WHERE is_dispose = 0

SELECT COUNT(*) FROM `xingsom`.`ecs_user_account` WHERE process_type = 1 AND is_paid = 0 

SELECT userid, adminid, user_name, user_rank, discount, email, data, expiry FROM `xingsom`.`ecs_sessions` WHERE sesskey = '60b9601b7a86dd874d283e4efe9e94af'

SELECT code, value FROM `xingsom`.`ecs_shop_config` WHERE parent_id > 0

SELECT userid, adminid, user_name, user_rank, discount, email, data, expiry FROM `xingsom`.`ecs_sessions` WHERE sesskey = '60b9601b7a86dd874d283e4efe9e94af'

SELECT code, value FROM `xingsom`.`ecs_shop_config` WHERE parent_id > 0

SELECT COUNT(*) AS oCount, IFNULL(SUM(order_amount), 0) AS oAmount FROM `xingsom`.`ecs_order_info`

SELECT COUNT(*) FROM `xingsom`.`ecs_goods` WHERE is_delete = 0 AND is_alone_sale = 1 AND is_real = 1

SELECT COUNT(*) FROM `xingsom`.`ecs_users`

SELECT value FROM `xingsom`.`ecs_shop_config` WHERE code = 'template'

SELECT value FROM `xingsom`.`ecs_shop_config` WHERE code = 'stylename'

DELETE FROM `xingsom`.`ecs_sessions` WHERE expiry < 1479193700

SELECT userid, adminid, user_name, user_rank, discount, email, data, expiry FROM `xingsom`.`ecs_sessions` WHERE sesskey = '60b9601b7a86dd874d283e4efe9e94af'

SELECT code, value FROM `xingsom`.`ecs_shop_config` WHERE parent_id > 0

SELECT * FROM `xingsom`.`ecs_payment` WHERE enabled = '1' ORDER BY pay_order

DELETE FROM `xingsom`.`ecs_sessions_data` WHERE expiry < 1479193701

SELECT userid, adminid, user_name, user_rank, discount, email, data, expiry FROM `xingsom`.`ecs_sessions` WHERE sesskey = '60b9601b7a86dd874d283e4efe9e94af'

SELECT code, value FROM `xingsom`.`ecs_shop_config` WHERE parent_id > 0

SELECT COUNT(*) FROM `xingsom`.`ecs_order_info` WHERE add_time >= '1479151391'

SELECT COUNT(*) FROM `xingsom`.`ecs_order_info` WHERE pay_time >= 1479151391

UPDATE `xingsom`.`ecs_sessions` SET expiry = '1479195501', ip = '211.103.179.241', userid = '0', adminid = '1', user_name='0', user_rank='0', discount='0', email='0', data = 'a:4:{s:10:\"admin_name\";s:5:\"admin\";s:11:\"action_list\";s:3:\"all\";s:10:\"last_check\";i:1479166701;s:12:\"suppliers_id\";s:1:\"0\";}' WHERE sesskey = '60b9601b7a86dd874d283e4efe9e94af' LIMIT 1

SELECT userid, adminid, user_name, user_rank, discount, email, data, expiry FROM `xingsom`.`ecs_sessions` WHERE sesskey = '60b9601b7a86dd874d283e4efe9e94af'

SELECT code, value FROM `xingsom`.`ecs_shop_config` WHERE parent_id > 0

SELECT message_id, sender_id, receiver_id, sent_time, readed, deleted, title, message, user_name FROM `xingsom`.`ecs_admin_message` AS a, `xingsom`.`ecs_admin_user` AS b WHERE a.sender_id = b.user_id AND a.receiver_id = '1' AND a.readed = 0 AND deleted = 0 ORDER BY a.sent_time DESC

SELECT pay_id, is_cod FROM `xingsom`.`ecs_payment` WHERE enabled = 1

SELECT COUNT(*) FROM `xingsom`.`ecs_order_info` WHERE 1  AND order_status  IN ('1','5')  AND shipping_status  IN ('1','2')  AND pay_status  IN ('2','1')  

SELECT pay_id FROM `xingsom`.`ecs_payment` WHERE is_cod = 1

SELECT COUNT(*) FROM `xingsom`.`ecs_order_info` WHERE 1  AND   order_status  IN ('1','5','6')  AND   shipping_status  IN ('0','3','5')  AND ( pay_status  IN ('2','1')  OR pay_id  IN ('3') ) 

SELECT pay_id FROM `xingsom`.`ecs_payment` WHERE is_cod = 0

SELECT COUNT(*) FROM `xingsom`.`ecs_order_info` WHERE 1  AND   order_status  IN ('1','5')  AND   pay_status = '0' AND ( shipping_status  IN ('1','2')  OR pay_id  IN ('1','2','4','5') ) 

SELECT COUNT(*) FROM `xingsom`.`ecs_order_info` WHERE 1  AND order_status = '0' 

SELECT COUNT(*) FROM `xingsom`.`ecs_order_info` WHERE  shipping_status=4

SELECT COUNT(*) AS oCount, IFNULL(SUM(order_amount), 0) AS oAmount FROM `xingsom`.`ecs_order_info`

SELECT COUNT(*) FROM `xingsom`.`ecs_goods` WHERE is_delete = 0 AND is_alone_sale = 1 AND is_real = 1

SELECT COUNT(*) FROM `xingsom`.`ecs_goods` WHERE is_delete = 0 AND is_alone_sale = 1 AND is_real=0 AND extension_code='virtual_card'

SELECT COUNT(*) FROM `xingsom`.`ecs_goods` WHERE is_delete = 0 AND is_new = 1 AND is_real = 1

SELECT COUNT(*) FROM `xingsom`.`ecs_goods` WHERE is_delete = 0 AND is_new = 1 AND is_real=0 AND extension_code='virtual_card'

SELECT COUNT(*) FROM `xingsom`.`ecs_goods` WHERE is_delete = 0 AND is_best = 1 AND is_real = 1

SELECT COUNT(*) FROM `xingsom`.`ecs_goods` WHERE is_delete = 0 AND is_best = 1 AND is_real=0 AND extension_code='virtual_card'

SELECT COUNT(*) FROM `xingsom`.`ecs_goods` WHERE is_delete = 0 AND is_hot = 1 AND is_real = 1

SELECT COUNT(*) FROM `xingsom`.`ecs_goods` WHERE is_delete = 0 AND is_hot = 1 AND is_real=0 AND extension_code='virtual_card'

SELECT COUNT(*) FROM `xingsom`.`ecs_goods` WHERE is_delete = 0 AND promote_price>0 AND promote_start_date <= '1479166702' AND promote_end_date >= '1479166702' AND is_real = 1

SELECT COUNT(*) FROM `xingsom`.`ecs_goods` WHERE is_delete = 0 AND promote_price>0 AND promote_start_date <= '1479166702' AND promote_end_date >= '1479166702' AND is_real=0 AND extension_code='virtual_card'

SELECT COUNT(*) FROM `xingsom`.`ecs_goods` WHERE is_delete = 0 AND goods_number <= warn_number AND is_real = 1

SELECT COUNT(*) FROM `xingsom`.`ecs_goods` WHERE is_delete = 0 AND goods_number <= warn_number AND is_real=0 AND extension_code='virtual_card'

SELECT COUNT(*) FROM `xingsom`.`ecs_stats` WHERE access_time > 1479110400

SELECT count(*) FROM `xingsom`.`ecs_sessions`

SELECT COUNT(f.msg_id) FROM `xingsom`.`ecs_feedback` AS f LEFT JOIN `xingsom`.`ecs_feedback` AS r ON r.parent_id=f.msg_id WHERE f.parent_id=0 AND ISNULL(r.msg_id) 

SELECT COUNT(*) FROM `xingsom`.`ecs_comment` WHERE status = 0 AND parent_id = 0

SELECT COUNT(*) FROM `xingsom`.`ecs_booking_goods` WHERE is_dispose = 0

SELECT COUNT(*) FROM `xingsom`.`ecs_user_account` WHERE process_type = 1 AND is_paid = 0 

DELETE FROM `xingsom`.`ecs_sessions` WHERE expiry < 1479193702

SELECT userid, adminid, user_name, user_rank, discount, email, data, expiry FROM `xingsom`.`ecs_sessions` WHERE sesskey = '60b9601b7a86dd874d283e4efe9e94af'

SELECT code, value FROM `xingsom`.`ecs_shop_config` WHERE parent_id > 0

DELETE FROM `xingsom`.`ecs_sessions` WHERE expiry < 1479193702

SELECT userid, adminid, user_name, user_rank, discount, email, data, expiry FROM `xingsom`.`ecs_sessions` WHERE sesskey = '60b9601b7a86dd874d283e4efe9e94af'

SELECT code, value FROM `xingsom`.`ecs_shop_config` WHERE parent_id > 0

SELECT COUNT(*) AS oCount, IFNULL(SUM(order_amount), 0) AS oAmount FROM `xingsom`.`ecs_order_info`

SELECT COUNT(*) FROM `xingsom`.`ecs_goods` WHERE is_delete = 0 AND is_alone_sale = 1 AND is_real = 1

SELECT COUNT(*) FROM `xingsom`.`ecs_users`

SELECT value FROM `xingsom`.`ecs_shop_config` WHERE code = 'template'

SELECT value FROM `xingsom`.`ecs_shop_config` WHERE code = 'stylename'

DELETE FROM `xingsom`.`ecs_sessions_data` WHERE expiry < 1479193703

SELECT userid, adminid, user_name, user_rank, discount, email, data, expiry FROM `xingsom`.`ecs_sessions` WHERE sesskey = '60b9601b7a86dd874d283e4efe9e94af'

SELECT code, value FROM `xingsom`.`ecs_shop_config` WHERE parent_id > 0

SELECT suppliers_id, suppliers_name, suppliers_desc
            FROM `xingsom`.`ecs_suppliers`
            WHERE  is_check = 1 

SELECT c.cat_id, c.cat_name, c.measure_unit, c.parent_id, c.is_show, c.show_in_nav, c.grade, c.sort_order, COUNT(s.cat_id) AS has_children FROM `xingsom`.`ecs_category` AS c LEFT JOIN `xingsom`.`ecs_category` AS s ON s.parent_id=c.cat_id GROUP BY c.cat_id ORDER BY c.parent_id, c.sort_order ASC

SELECT cat_id, COUNT(*) AS goods_num  FROM `xingsom`.`ecs_goods` WHERE is_delete = 0 AND is_on_sale = 1  GROUP BY cat_id

SELECT gc.cat_id, COUNT(*) AS goods_num  FROM `xingsom`.`ecs_goods_cat` AS gc , `xingsom`.`ecs_goods` AS g  WHERE g.goods_id = gc.goods_id AND g.is_delete = 0 AND g.is_on_sale = 1  GROUP BY gc.cat_id

SELECT brand_id, brand_name FROM `xingsom`.`ecs_brand` ORDER BY sort_order

SELECT suppliers_id, suppliers_name, suppliers_desc
            FROM `xingsom`.`ecs_suppliers`
            WHERE  is_check = 1 

SELECT COUNT(*) FROM `xingsom`.`ecs_goods` AS g WHERE is_delete='0'  AND is_real='1'

SELECT goods_id, goods_name, goods_type, goods_sn, shop_price, is_on_sale, is_best, is_new, is_hot, sort_order, goods_number, integral,  (promote_price > 0 AND promote_start_date <= '1479196799' AND promote_end_date >= '1479196799') AS is_promote  FROM `xingsom`.`ecs_goods` AS g WHERE is_delete='0'  AND is_real='1' ORDER BY goods_id DESC  LIMIT 0,15

SELECT DISTINCT cat_id
            FROM `xingsom`.`ecs_attribute`
            WHERE attr_type = 1

DELETE FROM `xingsom`.`ecs_sessions_data` WHERE expiry < 1479193704

DELETE FROM `xingsom`.`ecs_sessions` WHERE expiry < 1479193704

SELECT userid, adminid, user_name, user_rank, discount, email, data, expiry FROM `xingsom`.`ecs_sessions` WHERE sesskey = '60b9601b7a86dd874d283e4efe9e94af'

SELECT code, value FROM `xingsom`.`ecs_shop_config` WHERE parent_id > 0

SELECT COUNT(*) FROM `xingsom`.`ecs_brand`

SELECT * FROM `xingsom`.`ecs_brand` ORDER BY sort_order ASC LIMIT 15

DELETE FROM `xingsom`.`ecs_sessions` WHERE expiry < 1479193706

SELECT userid, adminid, user_name, user_rank, discount, email, data, expiry FROM `xingsom`.`ecs_sessions` WHERE sesskey = '60b9601b7a86dd874d283e4efe9e94af'

SELECT code, value FROM `xingsom`.`ecs_shop_config` WHERE parent_id > 0

SELECT COUNT(*) FROM `xingsom`.`ecs_goods_activity` WHERE act_type = '1' 

SELECT * FROM `xingsom`.`ecs_goods_activity` WHERE act_type = '1'   ORDER BY act_id DESC  LIMIT 0, 15

SELECT goods_id FROM `xingsom`.`ecs_goods_activity`WHERE act_id = '47' AND act_type = '1'

SELECT COUNT(*) AS total_order, SUM(g.goods_number) AS total_goods FROM `xingsom`.`ecs_order_info` AS o, `xingsom`.`ecs_order_goods` AS g  WHERE o.order_id = g.order_id AND o.extension_code = 'group_buy' AND o.extension_id = '47' AND g.goods_id = '226' AND (order_status = '1' OR order_status = '0')

SELECT goods_id FROM `xingsom`.`ecs_goods_activity`WHERE act_id = '46' AND act_type = '1'

SELECT COUNT(*) AS total_order, SUM(g.goods_number) AS total_goods FROM `xingsom`.`ecs_order_info` AS o, `xingsom`.`ecs_order_goods` AS g  WHERE o.order_id = g.order_id AND o.extension_code = 'group_buy' AND o.extension_id = '46' AND g.goods_id = '223' AND (order_status = '1' OR order_status = '0')

SELECT goods_id FROM `xingsom`.`ecs_goods_activity`WHERE act_id = '45' AND act_type = '1'

SELECT COUNT(*) AS total_order, SUM(g.goods_number) AS total_goods FROM `xingsom`.`ecs_order_info` AS o, `xingsom`.`ecs_order_goods` AS g  WHERE o.order_id = g.order_id AND o.extension_code = 'group_buy' AND o.extension_id = '45' AND g.goods_id = '220' AND (order_status = '1' OR order_status = '0')

SELECT goods_id FROM `xingsom`.`ecs_goods_activity`WHERE act_id = '44' AND act_type = '1'

SELECT COUNT(*) AS total_order, SUM(g.goods_number) AS total_goods FROM `xingsom`.`ecs_order_info` AS o, `xingsom`.`ecs_order_goods` AS g  WHERE o.order_id = g.order_id AND o.extension_code = 'group_buy' AND o.extension_id = '44' AND g.goods_id = '214' AND (order_status = '1' OR order_status = '0')

SELECT goods_id FROM `xingsom`.`ecs_goods_activity`WHERE act_id = '43' AND act_type = '1'

SELECT COUNT(*) AS total_order, SUM(g.goods_number) AS total_goods FROM `xingsom`.`ecs_order_info` AS o, `xingsom`.`ecs_order_goods` AS g  WHERE o.order_id = g.order_id AND o.extension_code = 'group_buy' AND o.extension_id = '43' AND g.goods_id = '208' AND (order_status = '1' OR order_status = '0')

SELECT userid, adminid, user_name, user_rank, discount, email, data, expiry FROM `xingsom`.`ecs_sessions` WHERE sesskey = '60b9601b7a86dd874d283e4efe9e94af'

SELECT code, value FROM `xingsom`.`ecs_shop_config` WHERE parent_id > 0

SELECT suppliers_id, suppliers_name, suppliers_desc
            FROM `xingsom`.`ecs_suppliers`
            WHERE  is_check = 1 

SELECT c.cat_id, c.cat_name, c.measure_unit, c.parent_id, c.is_show, c.show_in_nav, c.grade, c.sort_order, COUNT(s.cat_id) AS has_children FROM `xingsom`.`ecs_category` AS c LEFT JOIN `xingsom`.`ecs_category` AS s ON s.parent_id=c.cat_id GROUP BY c.cat_id ORDER BY c.parent_id, c.sort_order ASC

SELECT cat_id, COUNT(*) AS goods_num  FROM `xingsom`.`ecs_goods` WHERE is_delete = 0 AND is_on_sale = 1  GROUP BY cat_id

SELECT gc.cat_id, COUNT(*) AS goods_num  FROM `xingsom`.`ecs_goods_cat` AS gc , `xingsom`.`ecs_goods` AS g  WHERE g.goods_id = gc.goods_id AND g.is_delete = 0 AND g.is_on_sale = 1  GROUP BY gc.cat_id

SELECT brand_id, brand_name FROM `xingsom`.`ecs_brand` ORDER BY sort_order

SELECT suppliers_id, suppliers_name, suppliers_desc
            FROM `xingsom`.`ecs_suppliers`
            WHERE  is_check = 1 

SELECT COUNT(*) FROM `xingsom`.`ecs_goods` AS g WHERE is_delete='0'  AND is_real='1'

SELECT goods_id, goods_name, goods_type, goods_sn, shop_price, is_on_sale, is_best, is_new, is_hot, sort_order, goods_number, integral,  (promote_price > 0 AND promote_start_date <= '1479196799' AND promote_end_date >= '1479196799') AS is_promote  FROM `xingsom`.`ecs_goods` AS g WHERE is_delete='0'  AND is_real='1' ORDER BY goods_id DESC  LIMIT 0,15

SELECT DISTINCT cat_id
            FROM `xingsom`.`ecs_attribute`
            WHERE attr_type = 1

SELECT userid, adminid, user_name, user_rank, discount, email, data, expiry FROM `xingsom`.`ecs_sessions` WHERE sesskey = '60b9601b7a86dd874d283e4efe9e94af'

SELECT code, value FROM `xingsom`.`ecs_shop_config` WHERE parent_id > 0

DELETE FROM `xingsom`.`ecs_cart` WHERE session_id = '60b9601b7a86dd874d283e4efe9e94af'

DELETE FROM `xingsom`.`ecs_sessions_data` WHERE sesskey = '60b9601b7a86dd874d283e4efe9e94af' LIMIT 1

DELETE FROM `xingsom`.`ecs_sessions` WHERE sesskey = '60b9601b7a86dd874d283e4efe9e94af' LIMIT 1

UPDATE `xingsom`.`ecs_sessions` SET expiry = '1479195523', ip = '211.103.179.241', userid = '0', adminid = '0', user_name='0', user_rank='0', discount='0', email='0', data = 'a:0:{}' WHERE sesskey = '60b9601b7a86dd874d283e4efe9e94af' LIMIT 1

INSERT INTO `xingsom`.`ecs_sessions` (sesskey, expiry, ip, data) VALUES ('901c3aeef002ccfcd52162aac841271f', '1479221714', '60.253.168.66', 'a:0:{}')

SELECT code, value FROM `xingsom`.`ecs_shop_config` WHERE parent_id > 0

UPDATE `xingsom`.`ecs_sessions` SET expiry = '1479221714', ip = '60.253.168.66', userid = '0', adminid = '0', user_name='0', user_rank='0', discount='0', email='0', data = 'a:0:{}' WHERE sesskey = '901c3aeef002ccfcd52162aac841271f' LIMIT 1

DELETE FROM `xingsom`.`ecs_sessions_data` WHERE expiry < 1479219914

DELETE FROM `xingsom`.`ecs_sessions` WHERE expiry < 1479219914

SELECT userid, adminid, user_name, user_rank, discount, email, data, expiry FROM `xingsom`.`ecs_sessions` WHERE sesskey = '901c3aeef002ccfcd52162aac841271f'

SELECT code, value FROM `xingsom`.`ecs_shop_config` WHERE parent_id > 0

DELETE FROM `xingsom`.`ecs_sessions` WHERE expiry < 1479219914

SELECT userid, adminid, user_name, user_rank, discount, email, data, expiry FROM `xingsom`.`ecs_sessions` WHERE sesskey = '901c3aeef002ccfcd52162aac841271f'

SELECT code, value FROM `xingsom`.`ecs_shop_config` WHERE parent_id > 0

SELECT `ec_salt` FROM `xingsom`.`ecs_admin_user`WHERE user_name = 'admin'

SELECT user_id, user_name, password, last_login, action_list, last_login,suppliers_id,ec_salt FROM `xingsom`.`ecs_admin_user` WHERE user_name = 'admin' AND password = 'a43aadd7bf250b41d59d02f310f30589'

UPDATE `xingsom`.`ecs_admin_user` SET last_login='1479192918', last_ip='60.253.168.66' WHERE user_id='1'

SELECT DISTINCT session_id FROM `xingsom`.`ecs_cart` AS c, `xingsom`.`ecs_sessions` AS s WHERE c.session_id = s.sesskey 

DELETE FROM `xingsom`.`ecs_cart` WHERE session_id NOT  IN ('') 

UPDATE `xingsom`.`ecs_sessions` SET expiry = '1479221718', ip = '60.253.168.66', userid = '0', adminid = '1', user_name='0', user_rank='0', discount='0', email='0', data = 'a:4:{s:10:\"admin_name\";s:5:\"admin\";s:11:\"action_list\";s:3:\"all\";s:10:\"last_check\";s:10:\"1479166733\";s:12:\"suppliers_id\";s:1:\"0\";}' WHERE sesskey = '901c3aeef002ccfcd52162aac841271f' LIMIT 1

DELETE FROM `xingsom`.`ecs_sessions_data` WHERE expiry < 1479219918

DELETE FROM `xingsom`.`ecs_sessions` WHERE expiry < 1479219918

SELECT userid, adminid, user_name, user_rank, discount, email, data, expiry FROM `xingsom`.`ecs_sessions` WHERE sesskey = '901c3aeef002ccfcd52162aac841271f'

SELECT code, value FROM `xingsom`.`ecs_shop_config` WHERE parent_id > 0

DELETE FROM `xingsom`.`ecs_sessions_data` WHERE expiry < 1479219918

DELETE FROM `xingsom`.`ecs_sessions` WHERE expiry < 1479219918

SELECT userid, adminid, user_name, user_rank, discount, email, data, expiry FROM `xingsom`.`ecs_sessions` WHERE sesskey = '901c3aeef002ccfcd52162aac841271f'

SELECT code, value FROM `xingsom`.`ecs_shop_config` WHERE parent_id > 0

SELECT message_id, sender_id, receiver_id, sent_time, readed, deleted, title, message, user_name FROM `xingsom`.`ecs_admin_message` AS a, `xingsom`.`ecs_admin_user` AS b WHERE a.sender_id = b.user_id AND a.receiver_id = '1' AND a.readed = 0 AND deleted = 0 ORDER BY a.sent_time DESC

SELECT pay_id, is_cod FROM `xingsom`.`ecs_payment` WHERE enabled = 1

SELECT COUNT(*) FROM `xingsom`.`ecs_order_info` WHERE 1  AND order_status  IN ('1','5')  AND shipping_status  IN ('1','2')  AND pay_status  IN ('2','1')  

SELECT pay_id FROM `xingsom`.`ecs_payment` WHERE is_cod = 1

SELECT COUNT(*) FROM `xingsom`.`ecs_order_info` WHERE 1  AND   order_status  IN ('1','5','6')  AND   shipping_status  IN ('0','3','5')  AND ( pay_status  IN ('2','1')  OR pay_id  IN ('3') ) 

SELECT pay_id FROM `xingsom`.`ecs_payment` WHERE is_cod = 0

SELECT COUNT(*) FROM `xingsom`.`ecs_order_info` WHERE 1  AND   order_status  IN ('1','5')  AND   pay_status = '0' AND ( shipping_status  IN ('1','2')  OR pay_id  IN ('1','2','4','5') ) 

SELECT COUNT(*) FROM `xingsom`.`ecs_order_info` WHERE 1  AND order_status = '0' 

SELECT COUNT(*) FROM `xingsom`.`ecs_order_info` WHERE  shipping_status=4

SELECT COUNT(*) AS oCount, IFNULL(SUM(order_amount), 0) AS oAmount FROM `xingsom`.`ecs_order_info`

SELECT COUNT(*) FROM `xingsom`.`ecs_goods` WHERE is_delete = 0 AND is_alone_sale = 1 AND is_real = 1

SELECT COUNT(*) FROM `xingsom`.`ecs_goods` WHERE is_delete = 0 AND is_alone_sale = 1 AND is_real=0 AND extension_code='virtual_card'

SELECT COUNT(*) FROM `xingsom`.`ecs_goods` WHERE is_delete = 0 AND is_new = 1 AND is_real = 1

SELECT COUNT(*) FROM `xingsom`.`ecs_goods` WHERE is_delete = 0 AND is_new = 1 AND is_real=0 AND extension_code='virtual_card'

SELECT COUNT(*) FROM `xingsom`.`ecs_goods` WHERE is_delete = 0 AND is_best = 1 AND is_real = 1

SELECT COUNT(*) FROM `xingsom`.`ecs_goods` WHERE is_delete = 0 AND is_best = 1 AND is_real=0 AND extension_code='virtual_card'

SELECT COUNT(*) FROM `xingsom`.`ecs_goods` WHERE is_delete = 0 AND is_hot = 1 AND is_real = 1

SELECT COUNT(*) FROM `xingsom`.`ecs_goods` WHERE is_delete = 0 AND is_hot = 1 AND is_real=0 AND extension_code='virtual_card'

SELECT COUNT(*) FROM `xingsom`.`ecs_goods` WHERE is_delete = 0 AND promote_price>0 AND promote_start_date <= '1479192918' AND promote_end_date >= '1479192918' AND is_real = 1

SELECT COUNT(*) FROM `xingsom`.`ecs_goods` WHERE is_delete = 0 AND promote_price>0 AND promote_start_date <= '1479192918' AND promote_end_date >= '1479192918' AND is_real=0 AND extension_code='virtual_card'

SELECT COUNT(*) FROM `xingsom`.`ecs_goods` WHERE is_delete = 0 AND goods_number <= warn_number AND is_real = 1

SELECT COUNT(*) FROM `xingsom`.`ecs_goods` WHERE is_delete = 0 AND goods_number <= warn_number AND is_real=0 AND extension_code='virtual_card'

SELECT COUNT(*) FROM `xingsom`.`ecs_stats` WHERE access_time > 1479110400

SELECT count(*) FROM `xingsom`.`ecs_sessions`

SELECT COUNT(f.msg_id) FROM `xingsom`.`ecs_feedback` AS f LEFT JOIN `xingsom`.`ecs_feedback` AS r ON r.parent_id=f.msg_id WHERE f.parent_id=0 AND ISNULL(r.msg_id) 

SELECT COUNT(*) FROM `xingsom`.`ecs_comment` WHERE status = 0 AND parent_id = 0

SELECT COUNT(*) FROM `xingsom`.`ecs_booking_goods` WHERE is_dispose = 0

SELECT COUNT(*) FROM `xingsom`.`ecs_user_account` WHERE process_type = 1 AND is_paid = 0 

DELETE FROM `xingsom`.`ecs_sessions_data` WHERE expiry < 1479219918

DELETE FROM `xingsom`.`ecs_sessions` WHERE expiry < 1479219918

SELECT userid, adminid, user_name, user_rank, discount, email, data, expiry FROM `xingsom`.`ecs_sessions` WHERE sesskey = '901c3aeef002ccfcd52162aac841271f'

SELECT code, value FROM `xingsom`.`ecs_shop_config` WHERE parent_id > 0

SELECT userid, adminid, user_name, user_rank, discount, email, data, expiry FROM `xingsom`.`ecs_sessions` WHERE sesskey = '901c3aeef002ccfcd52162aac841271f'

SELECT code, value FROM `xingsom`.`ecs_shop_config` WHERE parent_id > 0

SELECT COUNT(*) AS oCount, IFNULL(SUM(order_amount), 0) AS oAmount FROM `xingsom`.`ecs_order_info`

SELECT COUNT(*) FROM `xingsom`.`ecs_goods` WHERE is_delete = 0 AND is_alone_sale = 1 AND is_real = 1

SELECT COUNT(*) FROM `xingsom`.`ecs_users`

SELECT value FROM `xingsom`.`ecs_shop_config` WHERE code = 'template'

SELECT value FROM `xingsom`.`ecs_shop_config` WHERE code = 'stylename'

DELETE FROM `xingsom`.`ecs_sessions` WHERE expiry < 1479219918

DELETE FROM `xingsom`.`ecs_sessions_data` WHERE expiry < 1479219919

SELECT userid, adminid, user_name, user_rank, discount, email, data, expiry FROM `xingsom`.`ecs_sessions` WHERE sesskey = '901c3aeef002ccfcd52162aac841271f'

SELECT code, value FROM `xingsom`.`ecs_shop_config` WHERE parent_id > 0

SELECT suppliers_id, suppliers_name, suppliers_desc
            FROM `xingsom`.`ecs_suppliers`
            WHERE  is_check = 1 

SELECT c.cat_id, c.cat_name, c.measure_unit, c.parent_id, c.is_show, c.show_in_nav, c.grade, c.sort_order, COUNT(s.cat_id) AS has_children FROM `xingsom`.`ecs_category` AS c LEFT JOIN `xingsom`.`ecs_category` AS s ON s.parent_id=c.cat_id GROUP BY c.cat_id ORDER BY c.parent_id, c.sort_order ASC

SELECT cat_id, COUNT(*) AS goods_num  FROM `xingsom`.`ecs_goods` WHERE is_delete = 0 AND is_on_sale = 1  GROUP BY cat_id

SELECT gc.cat_id, COUNT(*) AS goods_num  FROM `xingsom`.`ecs_goods_cat` AS gc , `xingsom`.`ecs_goods` AS g  WHERE g.goods_id = gc.goods_id AND g.is_delete = 0 AND g.is_on_sale = 1  GROUP BY gc.cat_id

SELECT brand_id, brand_name FROM `xingsom`.`ecs_brand` ORDER BY sort_order

SELECT suppliers_id, suppliers_name, suppliers_desc
            FROM `xingsom`.`ecs_suppliers`
            WHERE  is_check = 1 

SELECT COUNT(*) FROM `xingsom`.`ecs_goods` AS g WHERE is_delete='0'  AND is_real='1'

SELECT goods_id, goods_name, goods_type, goods_sn, shop_price, is_on_sale, is_best, is_new, is_hot, sort_order, goods_number, integral,  (promote_price > 0 AND promote_start_date <= '1479196799' AND promote_end_date >= '1479196799') AS is_promote  FROM `xingsom`.`ecs_goods` AS g WHERE is_delete='0'  AND is_real='1' ORDER BY goods_id DESC  LIMIT 0,15

SELECT DISTINCT cat_id
            FROM `xingsom`.`ecs_attribute`
            WHERE attr_type = 1

UPDATE `xingsom`.`ecs_sessions` SET expiry = '1479221732', ip = '60.253.168.66', userid = '0', adminid = '1', user_name='0', user_rank='0', discount='0', email='0', data = 'a:4:{s:10:\"admin_name\";s:5:\"admin\";s:11:\"action_list\";s:3:\"all\";s:10:\"last_check\";s:10:\"1479166733\";s:12:\"suppliers_id\";s:1:\"0\";}' WHERE sesskey = '901c3aeef002ccfcd52162aac841271f' LIMIT 1

DELETE FROM `xingsom`.`ecs_sessions` WHERE expiry < 1479219932

SELECT userid, adminid, user_name, user_rank, discount, email, data, expiry FROM `xingsom`.`ecs_sessions` WHERE sesskey = '901c3aeef002ccfcd52162aac841271f'

SELECT code, value FROM `xingsom`.`ecs_shop_config` WHERE parent_id > 0

SELECT COUNT(*) FROM `xingsom`.`ecs_order_info` WHERE add_time >= '1479166733'

SELECT COUNT(*) FROM `xingsom`.`ecs_order_info` WHERE pay_time >= 1479166733

UPDATE `xingsom`.`ecs_sessions` SET expiry = '1479221732', ip = '60.253.168.66', userid = '0', adminid = '1', user_name='0', user_rank='0', discount='0', email='0', data = 'a:4:{s:10:\"admin_name\";s:5:\"admin\";s:11:\"action_list\";s:3:\"all\";s:10:\"last_check\";i:1479192932;s:12:\"suppliers_id\";s:1:\"0\";}' WHERE sesskey = '901c3aeef002ccfcd52162aac841271f' LIMIT 1

DELETE FROM `xingsom`.`ecs_sessions` WHERE expiry < 1479219932

SELECT userid, adminid, user_name, user_rank, discount, email, data, expiry FROM `xingsom`.`ecs_sessions` WHERE sesskey = '901c3aeef002ccfcd52162aac841271f'

SELECT code, value FROM `xingsom`.`ecs_shop_config` WHERE parent_id > 0

SELECT * FROM `xingsom`.`ecs_payment` WHERE enabled = '1' ORDER BY pay_order

DELETE FROM `xingsom`.`ecs_sessions_data` WHERE expiry < 1479219938

DELETE FROM `xingsom`.`ecs_sessions` WHERE expiry < 1479219938

SELECT userid, adminid, user_name, user_rank, discount, email, data, expiry FROM `xingsom`.`ecs_sessions` WHERE sesskey = '901c3aeef002ccfcd52162aac841271f'

SELECT code, value FROM `xingsom`.`ecs_shop_config` WHERE parent_id > 0

SELECT * FROM `xingsom`.`ecs_payment` WHERE pay_code = 'wxpay' AND enabled = '1'

UPDATE `xingsom`.`ecs_sessions` SET expiry = '1479221750', ip = '60.253.168.66', userid = '0', adminid = '1', user_name='0', user_rank='0', discount='0', email='0', data = 'a:4:{s:10:\"admin_name\";s:5:\"admin\";s:11:\"action_list\";s:3:\"all\";s:10:\"last_check\";i:1479192932;s:12:\"suppliers_id\";s:1:\"0\";}' WHERE sesskey = '901c3aeef002ccfcd52162aac841271f' LIMIT 1

DELETE FROM `xingsom`.`ecs_sessions_data` WHERE expiry < 1479219950

DELETE FROM `xingsom`.`ecs_sessions` WHERE expiry < 1479219950

SELECT userid, adminid, user_name, user_rank, discount, email, data, expiry FROM `xingsom`.`ecs_sessions` WHERE sesskey = '901c3aeef002ccfcd52162aac841271f'

SELECT code, value FROM `xingsom`.`ecs_shop_config` WHERE parent_id > 0

SELECT COUNT(*) FROM `xingsom`.`ecs_payment` WHERE pay_name = '微信支付' AND pay_code <> 'wxpay'

UPDATE `xingsom`.`ecs_payment`SET pay_name = '微信支付',    pay_desc = '微信支付，是基于微信公众号JS_API网页支付提供的支付服务功能。',    pay_config = 'a:4:{i:0;a:3:{s:4:"name";s:11:"wxpay_appid";s:4:"type";s:4:"text";s:5:"value";s:18:"wx625980a80072db66";}i:1;a:3:{s:4:"name";s:15:"wxpay_appsecret";s:4:"type";s:4:"text";s:5:"value";s:32:"a2d338dab96dfb99f27e120b7267b67f";}i:2;a:3:{s:4:"name";s:9:"wxpay_key";s:4:"type";s:4:"text";s:5:"value";s:32:"0mXqkwzMiiCoB2ak4BzSL2eN7HbcF2dU";}i:3;a:3:{s:4:"name";s:11:"wxpay_mchid";s:4:"type";s:4:"text";s:5:"value";s:10:"1317626601";}}',     pay_fee    =  '0' WHERE pay_code = 'wxpay' LIMIT 1

INSERT INTO `xingsom`.`ecs_admin_log` (log_time, user_id, log_info, ip_address)  VALUES ('1479192970', 1, '编辑支付方式: 微信支付', '60.253.168.66')

UPDATE `xingsom`.`ecs_sessions` SET expiry = '1479221770', ip = '60.253.168.66', userid = '0', adminid = '1', user_name='0', user_rank='0', discount='0', email='0', data = 'a:4:{s:10:\"admin_name\";s:5:\"admin\";s:11:\"action_list\";s:3:\"all\";s:10:\"last_check\";i:1479192932;s:12:\"suppliers_id\";s:1:\"0\";}' WHERE sesskey = '901c3aeef002ccfcd52162aac841271f' LIMIT 1

DELETE FROM `xingsom`.`ecs_sessions` WHERE expiry < 1479219970

SELECT userid, adminid, user_name, user_rank, discount, email, data, expiry FROM `xingsom`.`ecs_sessions` WHERE sesskey = '901c3aeef002ccfcd52162aac841271f'

SELECT code, value FROM `xingsom`.`ecs_shop_config` WHERE parent_id > 0

SELECT * FROM `xingsom`.`ecs_payment` WHERE enabled = '1' ORDER BY pay_order

DELETE FROM `xingsom`.`ecs_sessions` WHERE expiry < 1479219972

SELECT userid, adminid, user_name, user_rank, discount, email, data, expiry FROM `xingsom`.`ecs_sessions` WHERE sesskey = '901c3aeef002ccfcd52162aac841271f'

SELECT code, value FROM `xingsom`.`ecs_shop_config` WHERE parent_id > 0

SELECT suppliers_id, suppliers_name, suppliers_desc
            FROM `xingsom`.`ecs_suppliers`
            WHERE  is_check = 1 

SELECT c.cat_id, c.cat_name, c.measure_unit, c.parent_id, c.is_show, c.show_in_nav, c.grade, c.sort_order, COUNT(s.cat_id) AS has_children FROM `xingsom`.`ecs_category` AS c LEFT JOIN `xingsom`.`ecs_category` AS s ON s.parent_id=c.cat_id GROUP BY c.cat_id ORDER BY c.parent_id, c.sort_order ASC

SELECT cat_id, COUNT(*) AS goods_num  FROM `xingsom`.`ecs_goods` WHERE is_delete = 0 AND is_on_sale = 1  GROUP BY cat_id

SELECT gc.cat_id, COUNT(*) AS goods_num  FROM `xingsom`.`ecs_goods_cat` AS gc , `xingsom`.`ecs_goods` AS g  WHERE g.goods_id = gc.goods_id AND g.is_delete = 0 AND g.is_on_sale = 1  GROUP BY gc.cat_id

SELECT brand_id, brand_name FROM `xingsom`.`ecs_brand` ORDER BY sort_order

SELECT suppliers_id, suppliers_name, suppliers_desc
            FROM `xingsom`.`ecs_suppliers`
            WHERE  is_check = 1 

SELECT COUNT(*) FROM `xingsom`.`ecs_goods` AS g WHERE is_delete='0'  AND is_real='1'

SELECT goods_id, goods_name, goods_type, goods_sn, shop_price, is_on_sale, is_best, is_new, is_hot, sort_order, goods_number, integral,  (promote_price > 0 AND promote_start_date <= '1479196799' AND promote_end_date >= '1479196799') AS is_promote  FROM `xingsom`.`ecs_goods` AS g WHERE is_delete='0'  AND is_real='1' ORDER BY goods_id DESC  LIMIT 0,15

SELECT DISTINCT cat_id
            FROM `xingsom`.`ecs_attribute`
            WHERE attr_type = 1

UPDATE `xingsom`.`ecs_sessions` SET expiry = '1479221818', ip = '60.253.168.66', userid = '0', adminid = '1', user_name='0', user_rank='0', discount='0', email='0', data = 'a:4:{s:10:\"admin_name\";s:5:\"admin\";s:11:\"action_list\";s:3:\"all\";s:10:\"last_check\";i:1479192932;s:12:\"suppliers_id\";s:1:\"0\";}' WHERE sesskey = '901c3aeef002ccfcd52162aac841271f' LIMIT 1

DELETE FROM `xingsom`.`ecs_sessions_data` WHERE expiry < 1479220018

DELETE FROM `xingsom`.`ecs_sessions` WHERE expiry < 1479220018

SELECT userid, adminid, user_name, user_rank, discount, email, data, expiry FROM `xingsom`.`ecs_sessions` WHERE sesskey = '901c3aeef002ccfcd52162aac841271f'

SELECT code, value FROM `xingsom`.`ecs_shop_config` WHERE parent_id > 0

SELECT COUNT(*) FROM `xingsom`.`ecs_goods` AS g WHERE is_delete='0'  AND is_real='1'

SELECT goods_id, goods_name, goods_type, goods_sn, shop_price, is_on_sale, is_best, is_new, is_hot, sort_order, goods_number, integral,  (promote_price > 0 AND promote_start_date <= '1479196799' AND promote_end_date >= '1479196799') AS is_promote  FROM `xingsom`.`ecs_goods` AS g WHERE is_delete='0'  AND is_real='1' ORDER BY goods_id DESC  LIMIT 15,15

SELECT DISTINCT cat_id
            FROM `xingsom`.`ecs_attribute`
            WHERE attr_type = 1

SELECT userid, adminid, user_name, user_rank, discount, email, data, expiry FROM `xingsom`.`ecs_sessions` WHERE sesskey = '901c3aeef002ccfcd52162aac841271f'

SELECT code, value FROM `xingsom`.`ecs_shop_config` WHERE parent_id > 0

SELECT COUNT(*) FROM `xingsom`.`ecs_goods` AS g WHERE is_delete='0'  AND is_real='1'

SELECT goods_id, goods_name, goods_type, goods_sn, shop_price, is_on_sale, is_best, is_new, is_hot, sort_order, goods_number, integral,  (promote_price > 0 AND promote_start_date <= '1479196799' AND promote_end_date >= '1479196799') AS is_promote  FROM `xingsom`.`ecs_goods` AS g WHERE is_delete='0'  AND is_real='1' ORDER BY goods_id DESC  LIMIT 30,15

SELECT DISTINCT cat_id
            FROM `xingsom`.`ecs_attribute`
            WHERE attr_type = 1

UPDATE `xingsom`.`ecs_sessions` SET expiry = '1479221829', ip = '60.253.168.66', userid = '0', adminid = '1', user_name='0', user_rank='0', discount='0', email='0', data = 'a:4:{s:10:\"admin_name\";s:5:\"admin\";s:11:\"action_list\";s:3:\"all\";s:10:\"last_check\";i:1479192932;s:12:\"suppliers_id\";s:1:\"0\";}' WHERE sesskey = '901c3aeef002ccfcd52162aac841271f' LIMIT 1

SELECT userid, adminid, user_name, user_rank, discount, email, data, expiry FROM `xingsom`.`ecs_sessions` WHERE sesskey = '901c3aeef002ccfcd52162aac841271f'

SELECT code, value FROM `xingsom`.`ecs_shop_config` WHERE parent_id > 0

SELECT suppliers_id, suppliers_name, suppliers_desc
            FROM `xingsom`.`ecs_suppliers`
            WHERE  is_check = 1 

DELETE FROM `xingsom`.`ecs_link_goods` WHERE (goods_id = 0 OR link_goods_id = 0) AND admin_id = '1'

DELETE FROM `xingsom`.`ecs_group_goods` WHERE parent_id = 0 AND admin_id = '1'

DELETE FROM `xingsom`.`ecs_goods_article` WHERE goods_id = 0 AND admin_id = '1'

DELETE FROM `xingsom`.`ecs_goods_attr` WHERE goods_id = 0

SELECT c.cat_id, c.cat_name, c.measure_unit, c.parent_id, c.is_show, c.show_in_nav, c.grade, c.sort_order, COUNT(s.cat_id) AS has_children FROM `xingsom`.`ecs_category` AS c LEFT JOIN `xingsom`.`ecs_category` AS s ON s.parent_id=c.cat_id GROUP BY c.cat_id ORDER BY c.parent_id, c.sort_order ASC

SELECT cat_id, COUNT(*) AS goods_num  FROM `xingsom`.`ecs_goods` WHERE is_delete = 0 AND is_on_sale = 1  GROUP BY cat_id

SELECT gc.cat_id, COUNT(*) AS goods_num  FROM `xingsom`.`ecs_goods_cat` AS gc , `xingsom`.`ecs_goods` AS g  WHERE g.goods_id = gc.goods_id AND g.is_delete = 0 AND g.is_on_sale = 1  GROUP BY gc.cat_id

SELECT brand_id, brand_name FROM `xingsom`.`ecs_brand` ORDER BY sort_order

SELECT * FROM `xingsom`.`ecs_user_rank` ORDER BY min_points

SELECT cat_id, cat_name FROM `xingsom`.`ecs_goods_type` WHERE enabled = 1

SELECT userid, adminid, user_name, user_rank, discount, email, data, expiry FROM `xingsom`.`ecs_sessions` WHERE sesskey = '901c3aeef002ccfcd52162aac841271f'

SELECT code, value FROM `xingsom`.`ecs_shop_config` WHERE parent_id > 0

SELECT COUNT(*) FROM `xingsom`.`ecs_goods` WHERE goods_sn = ''

UPDATE `xingsom`.`ecs_sessions` SET expiry = '1479221874', ip = '60.253.168.66', userid = '0', adminid = '1', user_name='0', user_rank='0', discount='0', email='0', data = 'a:4:{s:10:\"admin_name\";s:5:\"admin\";s:11:\"action_list\";s:3:\"all\";s:10:\"last_check\";i:1479192932;s:12:\"suppliers_id\";s:1:\"0\";}' WHERE sesskey = '901c3aeef002ccfcd52162aac841271f' LIMIT 1

DELETE FROM `xingsom`.`ecs_sessions` WHERE expiry < 1479220074

SELECT userid, adminid, user_name, user_rank, discount, email, data, expiry FROM `xingsom`.`ecs_sessions` WHERE sesskey = '901c3aeef002ccfcd52162aac841271f'

SELECT code, value FROM `xingsom`.`ecs_shop_config` WHERE parent_id > 0

DELETE FROM `xingsom`.`ecs_sessions` WHERE expiry < 1479220074

